[ 2017-05-26T08:39:59+08:00 ] 127.0.0.1 /index.php?c=plan&a=note&tip=2
INFO: [ app_init ] --START--
INFO: Run Behavior\BuildLiteBehavior [ RunTime:0.000028s ]
INFO: [ app_init ] --END-- [ RunTime:0.012735s ]
INFO: [ app_begin ] --START--
INFO: Run Behavior\ReadHtmlCacheBehavior [ RunTime:0.019161s ]
INFO: [ app_begin ] --END-- [ RunTime:0.019261s ]
NOTIC: [2048] Declaration of Home\Controller\PlanController::show() should be compatible with that of Think\Controller::show() D:\phpStudy\WWW\wap\Application\Home\Controller\PlanController.class.php 第 11 行.
NOTIC: [8] Undefined index: u_id D:\phpStudy\WWW\wap\Application\Home\Controller\PlanController.class.php 第 177 行.
SQL: SHOW COLUMNS FROM `words_record` [ RunTime:0.0190s ]
SQL: SELECT * FROM `words_record` WHERE `r_state` = 2 AND `u_id` = null  [ RunTime:0.0003s ]
INFO: [ view_parse ] --START--
INFO: [ template_filter ] --START--
INFO: Run Behavior\ContentReplaceBehavior [ RunTime:0.000064s ]
INFO: [ template_filter ] --END-- [ RunTime:0.000153s ]
INFO: Run Behavior\ParseTemplateBehavior [ RunTime:0.168087s ]
INFO: [ view_parse ] --END-- [ RunTime:0.168189s ]
INFO: [ view_filter ] --START--
INFO: Run Behavior\WriteHtmlCacheBehavior [ RunTime:0.017850s ]
INFO: [ view_filter ] --END-- [ RunTime:0.017946s ]
INFO: [ app_end ] --START--
INFO: Run Behavior\ShowPageTraceBehavior [ RunTime:0.011500s ]
INFO: [ app_end ] --END-- [ RunTime:0.011589s ]

[ 2017-05-26T08:40:03+08:00 ] 127.0.0.1 /index.php?c=plan&a=note&tip=1
INFO: [ app_init ] --START--
INFO: Run Behavior\BuildLiteBehavior [ RunTime:0.000040s ]
INFO: [ app_init ] --END-- [ RunTime:0.001333s ]
INFO: [ app_begin ] --START--
INFO: Run Behavior\ReadHtmlCacheBehavior [ RunTime:0.001354s ]
INFO: [ app_begin ] --END-- [ RunTime:0.001472s ]
NOTIC: [2048] Declaration of Home\Controller\PlanController::show() should be compatible with that of Think\Controller::show() D:\phpStudy\WWW\wap\Application\Home\Controller\PlanController.class.php 第 11 行.
NOTIC: [8] Undefined index: u_id D:\phpStudy\WWW\wap\Application\Home\Controller\PlanController.class.php 第 177 行.
SQL: SHOW COLUMNS FROM `words_record` [ RunTime:0.0161s ]
SQL: SELECT * FROM `words_record` WHERE `r_state` = 1 AND `u_id` = null  [ RunTime:0.0003s ]
INFO: [ view_parse ] --START--
INFO: [ template_filter ] --START--
INFO: Run Behavior\ContentReplaceBehavior [ RunTime:0.000045s ]
INFO: [ template_filter ] --END-- [ RunTime:0.000109s ]
INFO: Run Behavior\ParseTemplateBehavior [ RunTime:0.009170s ]
INFO: [ view_parse ] --END-- [ RunTime:0.009267s ]
INFO: [ view_filter ] --START--
INFO: Run Behavior\WriteHtmlCacheBehavior [ RunTime:0.000575s ]
INFO: [ view_filter ] --END-- [ RunTime:0.000635s ]
INFO: [ app_end ] --START--
INFO: Run Behavior\ShowPageTraceBehavior [ RunTime:0.000672s ]
INFO: [ app_end ] --END-- [ RunTime:0.000722s ]

[ 2017-05-26T08:40:07+08:00 ] 127.0.0.1 /index.php?c=plan
INFO: [ app_init ] --START--
INFO: Run Behavior\BuildLiteBehavior [ RunTime:0.000026s ]
INFO: [ app_init ] --END-- [ RunTime:0.000754s ]
INFO: [ app_begin ] --START--
INFO: Run Behavior\ReadHtmlCacheBehavior [ RunTime:0.000925s ]
INFO: [ app_begin ] --END-- [ RunTime:0.001004s ]
NOTIC: [2048] Declaration of Home\Controller\PlanController::show() should be compatible with that of Think\Controller::show() D:\phpStudy\WWW\wap\Application\Home\Controller\PlanController.class.php 第 11 行.
NOTIC: [8] Undefined index: u_id D:\phpStudy\WWW\wap\Application\Home\Controller\CommonController.class.php 第 12 行.
NOTIC: [8] Undefined variable: module D:\phpStudy\WWW\wap\ThinkPHP\Common\functions.php 第 990 行.
NOTIC: [8] Undefined variable: var D:\phpStudy\WWW\wap\ThinkPHP\Common\functions.php 第 990 行.
NOTIC: [2] array_reverse() expects parameter 1 to be array, null given D:\phpStudy\WWW\wap\ThinkPHP\Common\functions.php 第 990 行.
NOTIC: [2] http_build_query() [<a href='function.http-build-query'>function.http-build-query</a>]: Parameter 1 expected to be Array or Object.  Incorrect value given D:\phpStudy\WWW\wap\ThinkPHP\Common\functions.php 第 990 行.

[ 2017-05-26T08:40:07+08:00 ] 127.0.0.1 /index.php?m=&&c=login
INFO: [ app_init ] --START--
INFO: Run Behavior\BuildLiteBehavior [ RunTime:0.000015s ]
INFO: [ app_init ] --END-- [ RunTime:0.000416s ]
INFO: [ app_begin ] --START--
INFO: Run Behavior\ReadHtmlCacheBehavior [ RunTime:0.001330s ]
INFO: [ app_begin ] --END-- [ RunTime:0.001417s ]
INFO: [ view_parse ] --START--
INFO: [ template_filter ] --START--
INFO: Run Behavior\ContentReplaceBehavior [ RunTime:0.000046s ]
INFO: [ template_filter ] --END-- [ RunTime:0.000116s ]
INFO: Run Behavior\ParseTemplateBehavior [ RunTime:0.020953s ]
INFO: [ view_parse ] --END-- [ RunTime:0.021050s ]
INFO: [ view_filter ] --START--
INFO: Run Behavior\WriteHtmlCacheBehavior [ RunTime:0.000949s ]
INFO: [ view_filter ] --END-- [ RunTime:0.001008s ]
INFO: [ app_end ] --START--
INFO: Run Behavior\ShowPageTraceBehavior [ RunTime:0.000494s ]
INFO: [ app_end ] --END-- [ RunTime:0.000549s ]

[ 2017-05-26T08:40:09+08:00 ] 127.0.0.1 /index.php?c=login&a=login
INFO: [ app_init ] --START--
INFO: Run Behavior\BuildLiteBehavior [ RunTime:0.000019s ]
INFO: [ app_init ] --END-- [ RunTime:0.000535s ]
INFO: [ app_begin ] --START--
INFO: Run Behavior\ReadHtmlCacheBehavior [ RunTime:0.000938s ]
INFO: [ app_begin ] --END-- [ RunTime:0.001058s ]
INFO: [ view_parse ] --START--
INFO: [ template_filter ] --START--
INFO: Run Behavior\ContentReplaceBehavior [ RunTime:0.000045s ]
INFO: [ template_filter ] --END-- [ RunTime:0.000112s ]
NOTIC: [8] Undefined variable: state D:\phpStudy\WWW\wap\Application\Runtime\Cache\Home\50c9f5d2ef37c2cf131d5cf1381d3a4b.php 第 16 行.
INFO: Run Behavior\ParseTemplateBehavior [ RunTime:0.023092s ]
INFO: [ view_parse ] --END-- [ RunTime:0.023182s ]
INFO: [ view_filter ] --START--
INFO: Run Behavior\WriteHtmlCacheBehavior [ RunTime:0.000643s ]
INFO: [ view_filter ] --END-- [ RunTime:0.000700s ]

[ 2017-05-26T08:40:15+08:00 ] 127.0.0.1 /index.php?c=login&a=login
INFO: [ app_init ] --START--
INFO: Run Behavior\BuildLiteBehavior [ RunTime:0.000027s ]
INFO: [ app_init ] --END-- [ RunTime:0.000519s ]
INFO: [ app_begin ] --START--
INFO: Run Behavior\ReadHtmlCacheBehavior [ RunTime:0.001258s ]
INFO: [ app_begin ] --END-- [ RunTime:0.001386s ]
NOTIC: [2] Missing argument 4 for request(), called in D:\phpStudy\WWW\wap\Application\Home\Controller\LoginController.class.php on line 20 and defined D:\phpStudy\WWW\wap\Application\Common\Common\function.php 第 45 行.
NOTIC: [2] Missing argument 4 for request(), called in D:\phpStudy\WWW\wap\Application\Home\Controller\LoginController.class.php on line 21 and defined D:\phpStudy\WWW\wap\Application\Common\Common\function.php 第 45 行.
SQL: SHOW COLUMNS FROM `user` [ RunTime:0.0230s ]
SQL: SELECT * FROM `user` WHERE ( username="root" ) LIMIT 1   [ RunTime:0.0003s ]
NOTIC: [8] A session had already been started - ignoring session_start() D:\phpStudy\WWW\wap\Application\Common\Common\function.php 第 103 行.
NOTIC: [8] Undefined variable: module D:\phpStudy\WWW\wap\ThinkPHP\Common\functions.php 第 990 行.
NOTIC: [8] Undefined variable: var D:\phpStudy\WWW\wap\ThinkPHP\Common\functions.php 第 990 行.
NOTIC: [2] array_reverse() expects parameter 1 to be array, null given D:\phpStudy\WWW\wap\ThinkPHP\Common\functions.php 第 990 行.
NOTIC: [2] http_build_query() [<a href='function.http-build-query'>function.http-build-query</a>]: Parameter 1 expected to be Array or Object.  Incorrect value given D:\phpStudy\WWW\wap\ThinkPHP\Common\functions.php 第 990 行.

[ 2017-05-26T08:40:15+08:00 ] 127.0.0.1 /index.php?m=&&c=index
INFO: [ app_init ] --START--
INFO: Run Behavior\BuildLiteBehavior [ RunTime:0.000016s ]
INFO: [ app_init ] --END-- [ RunTime:0.000444s ]
INFO: [ app_begin ] --START--
INFO: Run Behavior\ReadHtmlCacheBehavior [ RunTime:0.000769s ]
INFO: [ app_begin ] --END-- [ RunTime:0.000832s ]
INFO: [ view_parse ] --START--
INFO: [ template_filter ] --START--
INFO: Run Behavior\ContentReplaceBehavior [ RunTime:0.000056s ]
INFO: [ template_filter ] --END-- [ RunTime:0.000119s ]
INFO: Run Behavior\ParseTemplateBehavior [ RunTime:0.053952s ]
INFO: [ view_parse ] --END-- [ RunTime:0.054044s ]
INFO: [ view_filter ] --START--
INFO: Run Behavior\WriteHtmlCacheBehavior [ RunTime:0.000755s ]
INFO: [ view_filter ] --END-- [ RunTime:0.000824s ]
INFO: [ app_end ] --START--
INFO: Run Behavior\ShowPageTraceBehavior [ RunTime:0.000692s ]
INFO: [ app_end ] --END-- [ RunTime:0.000749s ]

[ 2017-05-26T08:40:19+08:00 ] 127.0.0.1 /index.php?c=plan&a=note&tip=2
INFO: [ app_init ] --START--
INFO: Run Behavior\BuildLiteBehavior [ RunTime:0.000034s ]
INFO: [ app_init ] --END-- [ RunTime:0.001972s ]
INFO: [ app_begin ] --START--
INFO: Run Behavior\ReadHtmlCacheBehavior [ RunTime:0.000968s ]
INFO: [ app_begin ] --END-- [ RunTime:0.001056s ]
NOTIC: [2048] Declaration of Home\Controller\PlanController::show() should be compatible with that of Think\Controller::show() D:\phpStudy\WWW\wap\Application\Home\Controller\PlanController.class.php 第 11 行.
SQL: SHOW COLUMNS FROM `words_record` [ RunTime:0.0146s ]
SQL: SELECT * FROM `words_record` WHERE `r_state` = 2 AND `u_id` = 1  [ RunTime:0.0003s ]
INFO: [ view_parse ] --START--
INFO: [ template_filter ] --START--
INFO: Run Behavior\ContentReplaceBehavior [ RunTime:0.000072s ]
INFO: [ template_filter ] --END-- [ RunTime:0.000170s ]
INFO: Run Behavior\ParseTemplateBehavior [ RunTime:0.012476s ]
INFO: [ view_parse ] --END-- [ RunTime:0.012616s ]
INFO: [ view_filter ] --START--
INFO: Run Behavior\WriteHtmlCacheBehavior [ RunTime:0.001519s ]
INFO: [ view_filter ] --END-- [ RunTime:0.001615s ]
INFO: [ app_end ] --START--
INFO: Run Behavior\ShowPageTraceBehavior [ RunTime:0.000628s ]
INFO: [ app_end ] --END-- [ RunTime:0.000701s ]

[ 2017-05-26T08:40:22+08:00 ] 127.0.0.1 /index.php?c=plan&a=note&tip=1
INFO: [ app_init ] --START--
INFO: Run Behavior\BuildLiteBehavior [ RunTime:0.000027s ]
INFO: [ app_init ] --END-- [ RunTime:0.000723s ]
INFO: [ app_begin ] --START--
INFO: Run Behavior\ReadHtmlCacheBehavior [ RunTime:0.001272s ]
INFO: [ app_begin ] --END-- [ RunTime:0.001425s ]
NOTIC: [2048] Declaration of Home\Controller\PlanController::show() should be compatible with that of Think\Controller::show() D:\phpStudy\WWW\wap\Application\Home\Controller\PlanController.class.php 第 11 行.
SQL: SHOW COLUMNS FROM `words_record` [ RunTime:0.0133s ]
SQL: SELECT * FROM `words_record` WHERE `r_state` = 1 AND `u_id` = 1  [ RunTime:0.0004s ]
INFO: [ view_parse ] --START--
INFO: [ template_filter ] --START--
INFO: Run Behavior\ContentReplaceBehavior [ RunTime:0.000045s ]
INFO: [ template_filter ] --END-- [ RunTime:0.000120s ]
INFO: Run Behavior\ParseTemplateBehavior [ RunTime:0.009798s ]
INFO: [ view_parse ] --END-- [ RunTime:0.009903s ]
INFO: [ view_filter ] --START--
INFO: Run Behavior\WriteHtmlCacheBehavior [ RunTime:0.000569s ]
INFO: [ view_filter ] --END-- [ RunTime:0.000648s ]
INFO: [ app_end ] --START--
INFO: Run Behavior\ShowPageTraceBehavior [ RunTime:0.000503s ]
INFO: [ app_end ] --END-- [ RunTime:0.000560s ]

[ 2017-05-26T08:40:27+08:00 ] 127.0.0.1 /index.php?c=plan
INFO: [ app_init ] --START--
INFO: Run Behavior\BuildLiteBehavior [ RunTime:0.000022s ]
INFO: [ app_init ] --END-- [ RunTime:0.000614s ]
INFO: [ app_begin ] --START--
INFO: Run Behavior\ReadHtmlCacheBehavior [ RunTime:0.001177s ]
INFO: [ app_begin ] --END-- [ RunTime:0.001286s ]
NOTIC: [2048] Declaration of Home\Controller\PlanController::show() should be compatible with that of Think\Controller::show() D:\phpStudy\WWW\wap\Application\Home\Controller\PlanController.class.php 第 11 行.
SQL: SHOW COLUMNS FROM `u_plan` [ RunTime:0.0234s ]
NOTIC: [2] Missing argument 1 for Think\Model::where(), called in D:\phpStudy\WWW\wap\Application\Common\Model\U_PlanModel.class.php on line 18 and defined D:\phpStudy\WWW\wap\ThinkPHP\Library\Think\Model.class.php 第 1797 行.
NOTIC: [8] Undefined variable: where D:\phpStudy\WWW\wap\ThinkPHP\Library\Think\Model.class.php 第 1805 行.
NOTIC: [8] Undefined variable: where D:\phpStudy\WWW\wap\ThinkPHP\Library\Think\Model.class.php 第 1808 行.
NOTIC: [8] Undefined variable: where D:\phpStudy\WWW\wap\ThinkPHP\Library\Think\Model.class.php 第 1816 行.
SQL: SELECT * FROM `u_plan`  [ RunTime:0.0003s ]
INFO: [ view_parse ] --START--
INFO: [ template_filter ] --START--
INFO: Run Behavior\ContentReplaceBehavior [ RunTime:0.000064s ]
INFO: [ template_filter ] --END-- [ RunTime:0.000130s ]
NOTIC: [8] Undefined variable: p_name D:\phpStudy\WWW\wap\Application\Runtime\Cache\Home\ca44bde0ac502aa9de353798181f7169.php 第 41 行.
INFO: Run Behavior\ParseTemplateBehavior [ RunTime:0.062033s ]
INFO: [ view_parse ] --END-- [ RunTime:0.062138s ]
INFO: [ view_filter ] --START--
INFO: Run Behavior\WriteHtmlCacheBehavior [ RunTime:0.000643s ]
INFO: [ view_filter ] --END-- [ RunTime:0.000703s ]
INFO: [ app_end ] --START--
INFO: Run Behavior\ShowPageTraceBehavior [ RunTime:0.000474s ]
INFO: [ app_end ] --END-- [ RunTime:0.000529s ]

[ 2017-05-26T08:40:28+08:00 ] 127.0.0.1 /index.php?c=plan&a=learn&up_id=1
INFO: [ app_init ] --START--
INFO: Run Behavior\BuildLiteBehavior [ RunTime:0.000027s ]
INFO: [ app_init ] --END-- [ RunTime:0.000737s ]
INFO: [ app_begin ] --START--
INFO: Run Behavior\ReadHtmlCacheBehavior [ RunTime:0.001190s ]
INFO: [ app_begin ] --END-- [ RunTime:0.001322s ]
NOTIC: [2048] Declaration of Home\Controller\PlanController::show() should be compatible with that of Think\Controller::show() D:\phpStudy\WWW\wap\Application\Home\Controller\PlanController.class.php 第 11 行.
SQL: SHOW COLUMNS FROM `u_plan` [ RunTime:0.0135s ]
SQL: SELECT * FROM `u_plan` WHERE `up_id` = 1 LIMIT 1   [ RunTime:0.0003s ]
SQL: SHOW COLUMNS FROM `words_record` [ RunTime:0.0101s ]
SQL: SELECT * FROM `words_record` WHERE `r_day_num` = 2 AND `up_id` = 1 AND `r_state` = 0  [ RunTime:0.0004s ]
INFO: [ view_parse ] --START--
INFO: [ template_filter ] --START--
INFO: Run Behavior\ContentReplaceBehavior [ RunTime:0.000055s ]
INFO: [ template_filter ] --END-- [ RunTime:0.000116s ]
INFO: Run Behavior\ParseTemplateBehavior [ RunTime:0.073931s ]
INFO: [ view_parse ] --END-- [ RunTime:0.074093s ]
INFO: [ view_filter ] --START--
INFO: Run Behavior\WriteHtmlCacheBehavior [ RunTime:0.001485s ]
INFO: [ view_filter ] --END-- [ RunTime:0.001593s ]
INFO: [ app_end ] --START--
INFO: Run Behavior\ShowPageTraceBehavior [ RunTime:0.000747s ]
INFO: [ app_end ] --END-- [ RunTime:0.000837s ]

[ 2017-05-26T08:40:31+08:00 ] 127.0.0.1 /index.php?c=plan&a=ajax2&up_id=1&r_id=92
INFO: [ app_init ] --START--
INFO: Run Behavior\BuildLiteBehavior [ RunTime:0.000027s ]
INFO: [ app_init ] --END-- [ RunTime:0.000882s ]
INFO: [ app_begin ] --START--
INFO: Run Behavior\ReadHtmlCacheBehavior [ RunTime:0.000747s ]
INFO: [ app_begin ] --END-- [ RunTime:0.000813s ]
NOTIC: [2048] Declaration of Home\Controller\PlanController::show() should be compatible with that of Think\Controller::show() D:\phpStudy\WWW\wap\Application\Home\Controller\PlanController.class.php 第 11 行.
SQL: SHOW COLUMNS FROM `words_record` [ RunTime:0.0116s ]
SQL: SELECT * FROM `words_record` WHERE `r_id` = 92 LIMIT 1   [ RunTime:0.0003s ]
SQL: UPDATE `words_record` SET `r_id`='92',`u_id`='1',`up_id`='1',`w_name`='up and doing',`w_symbol`=NULL,`w_translate`='活泼，敏捷；忙碌',`r_day_num`='2',`r_state`='2' WHERE `r_id` = 92 [ RunTime:0.0003s ]
INFO: [ app_end ] --START--
INFO: Run Behavior\ShowPageTraceBehavior [ RunTime:0.000665s ]
INFO: [ app_end ] --END-- [ RunTime:0.000727s ]

[ 2017-05-26T08:40:34+08:00 ] 127.0.0.1 /index.php?c=plan&a=ajax&up_id=1&r_id=92
INFO: [ app_init ] --START--
INFO: Run Behavior\BuildLiteBehavior [ RunTime:0.000025s ]
INFO: [ app_init ] --END-- [ RunTime:0.000659s ]
INFO: [ app_begin ] --START--
INFO: Run Behavior\ReadHtmlCacheBehavior [ RunTime:0.000731s ]
INFO: [ app_begin ] --END-- [ RunTime:0.000801s ]
NOTIC: [2048] Declaration of Home\Controller\PlanController::show() should be compatible with that of Think\Controller::show() D:\phpStudy\WWW\wap\Application\Home\Controller\PlanController.class.php 第 11 行.
SQL: SHOW COLUMNS FROM `words_record` [ RunTime:0.0116s ]
SQL: SELECT * FROM `words_record` WHERE `r_id` = 92 LIMIT 1   [ RunTime:0.0002s ]
SQL: SHOW COLUMNS FROM `u_plan` [ RunTime:0.0095s ]
SQL: SELECT * FROM `u_plan` WHERE `up_id` = 1 LIMIT 1   [ RunTime:0.0003s ]
SQL: SELECT * FROM `words_record` WHERE `r_day_num` = 2 AND `up_id` = 1 AND `r_state` = 0  [ RunTime:0.0003s ]
INFO: [ app_end ] --START--
INFO: Run Behavior\ShowPageTraceBehavior [ RunTime:0.000598s ]
INFO: [ app_end ] --END-- [ RunTime:0.000658s ]

[ 2017-05-26T08:40:35+08:00 ] 127.0.0.1 /index.php?c=plan
INFO: [ app_init ] --START--
INFO: Run Behavior\BuildLiteBehavior [ RunTime:0.000028s ]
INFO: [ app_init ] --END-- [ RunTime:0.000731s ]
INFO: [ app_begin ] --START--
INFO: Run Behavior\ReadHtmlCacheBehavior [ RunTime:0.000755s ]
INFO: [ app_begin ] --END-- [ RunTime:0.000820s ]
NOTIC: [2048] Declaration of Home\Controller\PlanController::show() should be compatible with that of Think\Controller::show() D:\phpStudy\WWW\wap\Application\Home\Controller\PlanController.class.php 第 11 行.
SQL: SHOW COLUMNS FROM `u_plan` [ RunTime:0.0127s ]
NOTIC: [2] Missing argument 1 for Think\Model::where(), called in D:\phpStudy\WWW\wap\Application\Common\Model\U_PlanModel.class.php on line 18 and defined D:\phpStudy\WWW\wap\ThinkPHP\Library\Think\Model.class.php 第 1797 行.
NOTIC: [8] Undefined variable: where D:\phpStudy\WWW\wap\ThinkPHP\Library\Think\Model.class.php 第 1805 行.
NOTIC: [8] Undefined variable: where D:\phpStudy\WWW\wap\ThinkPHP\Library\Think\Model.class.php 第 1808 行.
NOTIC: [8] Undefined variable: where D:\phpStudy\WWW\wap\ThinkPHP\Library\Think\Model.class.php 第 1816 行.
SQL: SELECT * FROM `u_plan`  [ RunTime:0.0003s ]
INFO: [ view_parse ] --START--
INFO: [ template_filter ] --START--
INFO: Run Behavior\ContentReplaceBehavior [ RunTime:0.000051s ]
INFO: [ template_filter ] --END-- [ RunTime:0.000114s ]
NOTIC: [8] Undefined variable: p_name D:\phpStudy\WWW\wap\Application\Runtime\Cache\Home\ca44bde0ac502aa9de353798181f7169.php 第 41 行.
INFO: Run Behavior\ParseTemplateBehavior [ RunTime:0.010853s ]
INFO: [ view_parse ] --END-- [ RunTime:0.010961s ]
INFO: [ view_filter ] --START--
INFO: Run Behavior\WriteHtmlCacheBehavior [ RunTime:0.001930s ]
INFO: [ view_filter ] --END-- [ RunTime:0.002254s ]
INFO: [ app_end ] --START--
INFO: Run Behavior\ShowPageTraceBehavior [ RunTime:0.000587s ]
INFO: [ app_end ] --END-- [ RunTime:0.000657s ]

[ 2017-05-26T08:40:37+08:00 ] 127.0.0.1 /index.php?c=index
INFO: [ app_init ] --START--
INFO: Run Behavior\BuildLiteBehavior [ RunTime:0.000030s ]
INFO: [ app_init ] --END-- [ RunTime:0.001752s ]
INFO: [ app_begin ] --START--
INFO: Run Behavior\ReadHtmlCacheBehavior [ RunTime:0.001060s ]
INFO: [ app_begin ] --END-- [ RunTime:0.001154s ]
INFO: [ view_parse ] --START--
INFO: [ template_filter ] --START--
INFO: Run Behavior\ContentReplaceBehavior [ RunTime:0.000145s ]
INFO: [ template_filter ] --END-- [ RunTime:0.000266s ]
INFO: Run Behavior\ParseTemplateBehavior [ RunTime:0.011253s ]
INFO: [ view_parse ] --END-- [ RunTime:0.011354s ]
INFO: [ view_filter ] --START--
INFO: Run Behavior\WriteHtmlCacheBehavior [ RunTime:0.000571s ]
INFO: [ view_filter ] --END-- [ RunTime:0.000623s ]
INFO: [ app_end ] --START--
INFO: Run Behavior\ShowPageTraceBehavior [ RunTime:0.000500s ]
INFO: [ app_end ] --END-- [ RunTime:0.000552s ]

[ 2017-05-26T08:40:38+08:00 ] 127.0.0.1 /index.php?c=plan&a=note&tip=2
INFO: [ app_init ] --START--
INFO: Run Behavior\BuildLiteBehavior [ RunTime:0.000035s ]
INFO: [ app_init ] --END-- [ RunTime:0.001427s ]
INFO: [ app_begin ] --START--
INFO: Run Behavior\ReadHtmlCacheBehavior [ RunTime:0.001111s ]
INFO: [ app_begin ] --END-- [ RunTime:0.001368s ]
NOTIC: [2048] Declaration of Home\Controller\PlanController::show() should be compatible with that of Think\Controller::show() D:\phpStudy\WWW\wap\Application\Home\Controller\PlanController.class.php 第 11 行.
SQL: SHOW COLUMNS FROM `words_record` [ RunTime:0.0152s ]
SQL: SELECT * FROM `words_record` WHERE `r_state` = 2 AND `u_id` = 1  [ RunTime:0.0003s ]
INFO: [ view_parse ] --START--
INFO: [ template_filter ] --START--
INFO: Run Behavior\ContentReplaceBehavior [ RunTime:0.000097s ]
INFO: [ template_filter ] --END-- [ RunTime:0.000203s ]
INFO: Run Behavior\ParseTemplateBehavior [ RunTime:0.010422s ]
INFO: [ view_parse ] --END-- [ RunTime:0.010530s ]
INFO: [ view_filter ] --START--
INFO: Run Behavior\WriteHtmlCacheBehavior [ RunTime:0.000686s ]
INFO: [ view_filter ] --END-- [ RunTime:0.000751s ]
INFO: [ app_end ] --START--
INFO: Run Behavior\ShowPageTraceBehavior [ RunTime:0.000602s ]
INFO: [ app_end ] --END-- [ RunTime:0.000662s ]

[ 2017-05-26T08:40:42+08:00 ] 127.0.0.1 /index.php?c=plan
INFO: [ app_init ] --START--
INFO: Run Behavior\BuildLiteBehavior [ RunTime:0.000035s ]
INFO: [ app_init ] --END-- [ RunTime:0.001023s ]
INFO: [ app_begin ] --START--
INFO: Run Behavior\ReadHtmlCacheBehavior [ RunTime:0.001075s ]
INFO: [ app_begin ] --END-- [ RunTime:0.001170s ]
NOTIC: [2048] Declaration of Home\Controller\PlanController::show() should be compatible with that of Think\Controller::show() D:\phpStudy\WWW\wap\Application\Home\Controller\PlanController.class.php 第 11 行.
SQL: SHOW COLUMNS FROM `u_plan` [ RunTime:0.0168s ]
NOTIC: [2] Missing argument 1 for Think\Model::where(), called in D:\phpStudy\WWW\wap\Application\Common\Model\U_PlanModel.class.php on line 18 and defined D:\phpStudy\WWW\wap\ThinkPHP\Library\Think\Model.class.php 第 1797 行.
NOTIC: [8] Undefined variable: where D:\phpStudy\WWW\wap\ThinkPHP\Library\Think\Model.class.php 第 1805 行.
NOTIC: [8] Undefined variable: where D:\phpStudy\WWW\wap\ThinkPHP\Library\Think\Model.class.php 第 1808 行.
NOTIC: [8] Undefined variable: where D:\phpStudy\WWW\wap\ThinkPHP\Library\Think\Model.class.php 第 1816 行.
SQL: SELECT * FROM `u_plan`  [ RunTime:0.0004s ]
INFO: [ view_parse ] --START--
INFO: [ template_filter ] --START--
INFO: Run Behavior\ContentReplaceBehavior [ RunTime:0.000093s ]
INFO: [ template_filter ] --END-- [ RunTime:0.000207s ]
NOTIC: [8] Undefined variable: p_name D:\phpStudy\WWW\wap\Application\Runtime\Cache\Home\ca44bde0ac502aa9de353798181f7169.php 第 41 行.
INFO: Run Behavior\ParseTemplateBehavior [ RunTime:0.017755s ]
INFO: [ view_parse ] --END-- [ RunTime:0.017866s ]
INFO: [ view_filter ] --START--
INFO: Run Behavior\WriteHtmlCacheBehavior [ RunTime:0.001278s ]
INFO: [ view_filter ] --END-- [ RunTime:0.001403s ]
INFO: [ app_end ] --START--
INFO: Run Behavior\ShowPageTraceBehavior [ RunTime:0.000945s ]
INFO: [ app_end ] --END-- [ RunTime:0.001121s ]

[ 2017-05-26T08:44:00+08:00 ] 127.0.0.1 /index.php?c=index
INFO: [ app_init ] --START--
INFO: Run Behavior\BuildLiteBehavior [ RunTime:0.000038s ]
INFO: [ app_init ] --END-- [ RunTime:0.001508s ]
INFO: [ app_begin ] --START--
INFO: Run Behavior\ReadHtmlCacheBehavior [ RunTime:0.001003s ]
INFO: [ app_begin ] --END-- [ RunTime:0.001117s ]
INFO: [ view_parse ] --START--
INFO: [ template_filter ] --START--
INFO: Run Behavior\ContentReplaceBehavior [ RunTime:0.000071s ]
INFO: [ template_filter ] --END-- [ RunTime:0.000176s ]
INFO: Run Behavior\ParseTemplateBehavior [ RunTime:0.008753s ]
INFO: [ view_parse ] --END-- [ RunTime:0.008832s ]
INFO: [ view_filter ] --START--
INFO: Run Behavior\WriteHtmlCacheBehavior [ RunTime:0.000886s ]
INFO: [ view_filter ] --END-- [ RunTime:0.000959s ]
INFO: [ app_end ] --START--
INFO: Run Behavior\ShowPageTraceBehavior [ RunTime:0.000747s ]
INFO: [ app_end ] --END-- [ RunTime:0.000803s ]

[ 2017-05-26T08:44:01+08:00 ] 127.0.0.1 /index.php?c=plan&a=note&tip=2
INFO: [ app_init ] --START--
INFO: Run Behavior\BuildLiteBehavior [ RunTime:0.000029s ]
INFO: [ app_init ] --END-- [ RunTime:0.000830s ]
INFO: [ app_begin ] --START--
INFO: Run Behavior\ReadHtmlCacheBehavior [ RunTime:0.001414s ]
INFO: [ app_begin ] --END-- [ RunTime:0.001537s ]
NOTIC: [2048] Declaration of Home\Controller\PlanController::show() should be compatible with that of Think\Controller::show() D:\phpStudy\WWW\wap\Application\Home\Controller\PlanController.class.php 第 11 行.
SQL: SHOW COLUMNS FROM `words_record` [ RunTime:0.0449s ]
SQL: SELECT * FROM `words_record` WHERE `r_state` = 2 AND `u_id` = 1  [ RunTime:0.0004s ]
INFO: [ view_parse ] --START--
INFO: [ template_filter ] --START--
INFO: Run Behavior\ContentReplaceBehavior [ RunTime:0.000054s ]
INFO: [ template_filter ] --END-- [ RunTime:0.000132s ]
INFO: Run Behavior\ParseTemplateBehavior [ RunTime:0.010858s ]
INFO: [ view_parse ] --END-- [ RunTime:0.010969s ]
INFO: [ view_filter ] --START--
INFO: Run Behavior\WriteHtmlCacheBehavior [ RunTime:0.000660s ]
INFO: [ view_filter ] --END-- [ RunTime:0.000724s ]
INFO: [ app_end ] --START--
INFO: Run Behavior\ShowPageTraceBehavior [ RunTime:0.000874s ]
INFO: [ app_end ] --END-- [ RunTime:0.000936s ]

[ 2017-05-26T08:45:36+08:00 ] 127.0.0.1 /index.php?c=plan&a=note&tip=2
INFO: [ app_init ] --START--
INFO: Run Behavior\BuildLiteBehavior [ RunTime:0.000019s ]
INFO: [ app_init ] --END-- [ RunTime:0.000473s ]
INFO: [ app_begin ] --START--
INFO: Run Behavior\ReadHtmlCacheBehavior [ RunTime:0.000820s ]
INFO: [ app_begin ] --END-- [ RunTime:0.000898s ]
NOTIC: [2048] Declaration of Home\Controller\PlanController::show() should be compatible with that of Think\Controller::show() D:\phpStudy\WWW\wap\Application\Home\Controller\PlanController.class.php 第 11 行.
SQL: SHOW COLUMNS FROM `words_record` [ RunTime:0.0157s ]
SQL: SELECT * FROM `words_record` WHERE `r_state` = 2 AND `u_id` = 1  [ RunTime:0.0004s ]
INFO: [ view_parse ] --START--
INFO: [ template_filter ] --START--
INFO: Run Behavior\ContentReplaceBehavior [ RunTime:0.000051s ]
INFO: [ template_filter ] --END-- [ RunTime:0.000133s ]
INFO: Run Behavior\ParseTemplateBehavior [ RunTime:0.009356s ]
INFO: [ view_parse ] --END-- [ RunTime:0.009507s ]
INFO: [ view_filter ] --START--
INFO: Run Behavior\WriteHtmlCacheBehavior [ RunTime:0.000851s ]
INFO: [ view_filter ] --END-- [ RunTime:0.000932s ]
INFO: [ app_end ] --START--
INFO: Run Behavior\ShowPageTraceBehavior [ RunTime:0.000824s ]
INFO: [ app_end ] --END-- [ RunTime:0.000908s ]

[ 2017-05-26T08:54:23+08:00 ] 127.0.0.1 /index.php?c=plan&a=note&tip=2
INFO: [ app_init ] --START--
INFO: Run Behavior\BuildLiteBehavior [ RunTime:0.000033s ]
INFO: [ app_init ] --END-- [ RunTime:0.018468s ]
INFO: [ app_begin ] --START--
INFO: Run Behavior\ReadHtmlCacheBehavior [ RunTime:0.026340s ]
INFO: [ app_begin ] --END-- [ RunTime:0.026471s ]
NOTIC: [2048] Declaration of Home\Controller\PlanController::show() should be compatible with that of Think\Controller::show() D:\phpStudy\WWW\wap\Application\Home\Controller\PlanController.class.php 第 11 行.
SQL: SHOW COLUMNS FROM `words_record` [ RunTime:0.0143s ]
SQL: SELECT * FROM `words_record` WHERE `r_state` = 2 AND `u_id` = 1  [ RunTime:0.0003s ]
INFO: [ view_parse ] --START--
INFO: [ template_filter ] --START--
INFO: Run Behavior\ContentReplaceBehavior [ RunTime:0.000086s ]
INFO: [ template_filter ] --END-- [ RunTime:0.000206s ]
INFO: Run Behavior\ParseTemplateBehavior [ RunTime:0.122597s ]
INFO: [ view_parse ] --END-- [ RunTime:0.122722s ]
INFO: [ view_filter ] --START--
INFO: Run Behavior\WriteHtmlCacheBehavior [ RunTime:0.010623s ]
INFO: [ view_filter ] --END-- [ RunTime:0.010701s ]
INFO: [ app_end ] --START--
INFO: Run Behavior\ShowPageTraceBehavior [ RunTime:0.007929s ]
INFO: [ app_end ] --END-- [ RunTime:0.008004s ]

[ 2017-05-26T08:54:27+08:00 ] 127.0.0.1 /index.php?c=plan&a=note&tip=1
INFO: [ app_init ] --START--
INFO: Run Behavior\BuildLiteBehavior [ RunTime:0.000036s ]
INFO: [ app_init ] --END-- [ RunTime:0.000802s ]
INFO: [ app_begin ] --START--
INFO: Run Behavior\ReadHtmlCacheBehavior [ RunTime:0.001340s ]
INFO: [ app_begin ] --END-- [ RunTime:0.001484s ]
NOTIC: [2048] Declaration of Home\Controller\PlanController::show() should be compatible with that of Think\Controller::show() D:\phpStudy\WWW\wap\Application\Home\Controller\PlanController.class.php 第 11 行.
SQL: SHOW COLUMNS FROM `words_record` [ RunTime:0.0166s ]
SQL: SELECT * FROM `words_record` WHERE `r_state` = 1 AND `u_id` = 1  [ RunTime:0.0005s ]
INFO: [ view_parse ] --START--
INFO: [ template_filter ] --START--
INFO: Run Behavior\ContentReplaceBehavior [ RunTime:0.000068s ]
INFO: [ template_filter ] --END-- [ RunTime:0.000171s ]
NOTIC: [8] Undefined variable: title D:\phpStudy\WWW\wap\Application\Runtime\Cache\Home\6343c2d813cb3910cfb4edc5280ff3ac.php 第 19 行.
NOTIC: [8] Undefined variable: content D:\phpStudy\WWW\wap\Application\Runtime\Cache\Home\6343c2d813cb3910cfb4edc5280ff3ac.php 第 21 行.
INFO: Run Behavior\ParseTemplateBehavior [ RunTime:0.012410s ]
INFO: [ view_parse ] --END-- [ RunTime:0.012497s ]
INFO: [ view_filter ] --START--
INFO: Run Behavior\WriteHtmlCacheBehavior [ RunTime:0.000887s ]
INFO: [ view_filter ] --END-- [ RunTime:0.000956s ]
INFO: [ app_end ] --START--
INFO: Run Behavior\ShowPageTraceBehavior [ RunTime:0.000714s ]
INFO: [ app_end ] --END-- [ RunTime:0.000799s ]

[ 2017-05-26T08:54:41+08:00 ] 127.0.0.1 /index.php?c=plan&a=note&tip=1
INFO: [ app_init ] --START--
INFO: Run Behavior\BuildLiteBehavior [ RunTime:0.000028s ]
INFO: [ app_init ] --END-- [ RunTime:0.000837s ]
INFO: [ app_begin ] --START--
INFO: Run Behavior\ReadHtmlCacheBehavior [ RunTime:0.001957s ]
INFO: [ app_begin ] --END-- [ RunTime:0.002067s ]
NOTIC: [2048] Declaration of Home\Controller\PlanController::show() should be compatible with that of Think\Controller::show() D:\phpStudy\WWW\wap\Application\Home\Controller\PlanController.class.php 第 11 行.
SQL: SHOW COLUMNS FROM `words_record` [ RunTime:0.0157s ]
SQL: SELECT * FROM `words_record` WHERE `r_state` = 1 AND `u_id` = 1  [ RunTime:0.0004s ]
INFO: [ view_parse ] --START--
INFO: [ template_filter ] --START--
INFO: Run Behavior\ContentReplaceBehavior [ RunTime:0.000045s ]
INFO: [ template_filter ] --END-- [ RunTime:0.000108s ]
INFO: Run Behavior\ParseTemplateBehavior [ RunTime:0.008919s ]
INFO: [ view_parse ] --END-- [ RunTime:0.009025s ]
INFO: [ view_filter ] --START--
INFO: Run Behavior\WriteHtmlCacheBehavior [ RunTime:0.000561s ]
INFO: [ view_filter ] --END-- [ RunTime:0.000621s ]
INFO: [ app_end ] --START--
INFO: Run Behavior\ShowPageTraceBehavior [ RunTime:0.000732s ]
INFO: [ app_end ] --END-- [ RunTime:0.000790s ]

