[ 2017-05-17T16:36:39+08:00 ] 127.0.0.1 /
INFO: [ app_init ] --START--
INFO: Run Behavior\BuildLiteBehavior [ RunTime:0.000020s ]
INFO: [ app_init ] --END-- [ RunTime:0.010870s ]
INFO: [ app_begin ] --START--
INFO: Run Behavior\ReadHtmlCacheBehavior [ RunTime:0.016770s ]
INFO: [ app_begin ] --END-- [ RunTime:0.016845s ]
NOTIC: [8] Undefined variable: module D:\phpStudy\WWW\wap\ThinkPHP\Common\functions.php 第 990 行.
NOTIC: [8] Undefined variable: var D:\phpStudy\WWW\wap\ThinkPHP\Common\functions.php 第 990 行.
NOTIC: [2] array_reverse() expects parameter 1 to be array, null given D:\phpStudy\WWW\wap\ThinkPHP\Common\functions.php 第 990 行.
NOTIC: [2] http_build_query() [<a href='function.http-build-query'>function.http-build-query</a>]: Parameter 1 expected to be Array or Object.  Incorrect value given D:\phpStudy\WWW\wap\ThinkPHP\Common\functions.php 第 990 行.

[ 2017-05-17T16:36:39+08:00 ] 127.0.0.1 /index.php?m=&&c=login
INFO: [ app_init ] --START--
INFO: Run Behavior\BuildLiteBehavior [ RunTime:0.000015s ]
INFO: [ app_init ] --END-- [ RunTime:0.000363s ]
INFO: [ app_begin ] --START--
INFO: Run Behavior\ReadHtmlCacheBehavior [ RunTime:0.000501s ]
INFO: [ app_begin ] --END-- [ RunTime:0.000567s ]
INFO: [ view_parse ] --START--
INFO: [ template_filter ] --START--
INFO: Run Behavior\ContentReplaceBehavior [ RunTime:0.000047s ]
INFO: [ template_filter ] --END-- [ RunTime:0.000116s ]
INFO: Run Behavior\ParseTemplateBehavior [ RunTime:0.103017s ]
INFO: [ view_parse ] --END-- [ RunTime:0.103093s ]
INFO: [ view_filter ] --START--
INFO: Run Behavior\WriteHtmlCacheBehavior [ RunTime:0.010768s ]
INFO: [ view_filter ] --END-- [ RunTime:0.010835s ]
INFO: [ app_end ] --START--
INFO: Run Behavior\ShowPageTraceBehavior [ RunTime:0.008547s ]
INFO: [ app_end ] --END-- [ RunTime:0.008620s ]

[ 2017-05-17T16:36:43+08:00 ] 127.0.0.1 /index.php?c=login&a=login
INFO: [ app_init ] --START--
INFO: Run Behavior\BuildLiteBehavior [ RunTime:0.000016s ]
INFO: [ app_init ] --END-- [ RunTime:0.000391s ]
INFO: [ app_begin ] --START--
INFO: Run Behavior\ReadHtmlCacheBehavior [ RunTime:0.001022s ]
INFO: [ app_begin ] --END-- [ RunTime:0.001111s ]
INFO: [ view_parse ] --START--
INFO: [ template_filter ] --START--
INFO: Run Behavior\ContentReplaceBehavior [ RunTime:0.000045s ]
INFO: [ template_filter ] --END-- [ RunTime:0.000110s ]
INFO: Run Behavior\ParseTemplateBehavior [ RunTime:0.019357s ]
INFO: [ view_parse ] --END-- [ RunTime:0.019448s ]
INFO: [ view_filter ] --START--
INFO: Run Behavior\WriteHtmlCacheBehavior [ RunTime:0.000700s ]
INFO: [ view_filter ] --END-- [ RunTime:0.000775s ]

[ 2017-05-17T16:36:50+08:00 ] 127.0.0.1 /index.php
INFO: [ app_init ] --START--
INFO: Run Behavior\BuildLiteBehavior [ RunTime:0.000016s ]
INFO: [ app_init ] --END-- [ RunTime:0.000409s ]
INFO: [ app_begin ] --START--
INFO: Run Behavior\ReadHtmlCacheBehavior [ RunTime:0.000463s ]
INFO: [ app_begin ] --END-- [ RunTime:0.000523s ]
NOTIC: [8] Undefined variable: module D:\phpStudy\WWW\wap\ThinkPHP\Common\functions.php 第 990 行.
NOTIC: [8] Undefined variable: var D:\phpStudy\WWW\wap\ThinkPHP\Common\functions.php 第 990 行.
NOTIC: [2] array_reverse() expects parameter 1 to be array, null given D:\phpStudy\WWW\wap\ThinkPHP\Common\functions.php 第 990 行.
NOTIC: [2] http_build_query() [<a href='function.http-build-query'>function.http-build-query</a>]: Parameter 1 expected to be Array or Object.  Incorrect value given D:\phpStudy\WWW\wap\ThinkPHP\Common\functions.php 第 990 行.

[ 2017-05-17T16:36:50+08:00 ] 127.0.0.1 /index.php?m=&&c=login
INFO: [ app_init ] --START--
INFO: Run Behavior\BuildLiteBehavior [ RunTime:0.000016s ]
INFO: [ app_init ] --END-- [ RunTime:0.000420s ]
INFO: [ app_begin ] --START--
INFO: Run Behavior\ReadHtmlCacheBehavior [ RunTime:0.000487s ]
INFO: [ app_begin ] --END-- [ RunTime:0.000559s ]
INFO: [ view_parse ] --START--
INFO: [ template_filter ] --START--
INFO: Run Behavior\ContentReplaceBehavior [ RunTime:0.000080s ]
INFO: [ template_filter ] --END-- [ RunTime:0.000213s ]
INFO: Run Behavior\ParseTemplateBehavior [ RunTime:0.007463s ]
INFO: [ view_parse ] --END-- [ RunTime:0.007544s ]
INFO: [ view_filter ] --START--
INFO: Run Behavior\WriteHtmlCacheBehavior [ RunTime:0.000343s ]
INFO: [ view_filter ] --END-- [ RunTime:0.000418s ]
INFO: [ app_end ] --START--
INFO: Run Behavior\ShowPageTraceBehavior [ RunTime:0.001380s ]
INFO: [ app_end ] --END-- [ RunTime:0.001485s ]

[ 2017-05-17T16:36:51+08:00 ] 127.0.0.1 /index.php?c=login&a=login
INFO: [ app_init ] --START--
INFO: Run Behavior\BuildLiteBehavior [ RunTime:0.000030s ]
INFO: [ app_init ] --END-- [ RunTime:0.000505s ]
INFO: [ app_begin ] --START--
INFO: Run Behavior\ReadHtmlCacheBehavior [ RunTime:0.000743s ]
INFO: [ app_begin ] --END-- [ RunTime:0.000847s ]
INFO: [ view_parse ] --START--
INFO: [ template_filter ] --START--
INFO: Run Behavior\ContentReplaceBehavior [ RunTime:0.000080s ]
INFO: [ template_filter ] --END-- [ RunTime:0.000206s ]
INFO: Run Behavior\ParseTemplateBehavior [ RunTime:0.010267s ]
INFO: [ view_parse ] --END-- [ RunTime:0.010366s ]
INFO: [ view_filter ] --START--
INFO: Run Behavior\WriteHtmlCacheBehavior [ RunTime:0.000313s ]
INFO: [ view_filter ] --END-- [ RunTime:0.000369s ]

[ 2017-05-17T16:36:56+08:00 ] 127.0.0.1 /index.php?c=login&a=login
INFO: [ app_init ] --START--
INFO: Run Behavior\BuildLiteBehavior [ RunTime:0.000027s ]
INFO: [ app_init ] --END-- [ RunTime:0.000653s ]
INFO: [ app_begin ] --START--
INFO: Run Behavior\ReadHtmlCacheBehavior [ RunTime:0.000821s ]
INFO: [ app_begin ] --END-- [ RunTime:0.000935s ]
NOTIC: [2] Missing argument 4 for request(), called in D:\phpStudy\WWW\wap\Application\Home\Controller\LoginController.class.php on line 20 and defined D:\phpStudy\WWW\wap\Application\Common\Common\function.php 第 45 行.
NOTIC: [2] Missing argument 4 for request(), called in D:\phpStudy\WWW\wap\Application\Home\Controller\LoginController.class.php on line 21 and defined D:\phpStudy\WWW\wap\Application\Common\Common\function.php 第 45 行.
NOTIC: [8] Undefined variable: module D:\phpStudy\WWW\wap\ThinkPHP\Common\functions.php 第 990 行.
NOTIC: [8] Undefined variable: var D:\phpStudy\WWW\wap\ThinkPHP\Common\functions.php 第 990 行.
NOTIC: [2] array_reverse() expects parameter 1 to be array, null given D:\phpStudy\WWW\wap\ThinkPHP\Common\functions.php 第 990 行.
NOTIC: [2] http_build_query() [<a href='function.http-build-query'>function.http-build-query</a>]: Parameter 1 expected to be Array or Object.  Incorrect value given D:\phpStudy\WWW\wap\ThinkPHP\Common\functions.php 第 990 行.

[ 2017-05-17T16:36:56+08:00 ] 127.0.0.1 /index.php?m=&&c=index
INFO: [ app_init ] --START--
INFO: Run Behavior\BuildLiteBehavior [ RunTime:0.000014s ]
INFO: [ app_init ] --END-- [ RunTime:0.000359s ]
INFO: [ app_begin ] --START--
INFO: Run Behavior\ReadHtmlCacheBehavior [ RunTime:0.000509s ]
INFO: [ app_begin ] --END-- [ RunTime:0.000573s ]
INFO: [ view_parse ] --START--
INFO: [ template_filter ] --START--
INFO: Run Behavior\ContentReplaceBehavior [ RunTime:0.000046s ]
INFO: [ template_filter ] --END-- [ RunTime:0.000110s ]
INFO: Run Behavior\ParseTemplateBehavior [ RunTime:0.051701s ]
INFO: [ view_parse ] --END-- [ RunTime:0.051794s ]
INFO: [ view_filter ] --START--
INFO: Run Behavior\WriteHtmlCacheBehavior [ RunTime:0.000286s ]
INFO: [ view_filter ] --END-- [ RunTime:0.000331s ]
INFO: [ app_end ] --START--
INFO: Run Behavior\ShowPageTraceBehavior [ RunTime:0.000464s ]
INFO: [ app_end ] --END-- [ RunTime:0.000528s ]

[ 2017-05-17T16:37:00+08:00 ] 127.0.0.1 /index.php
INFO: [ app_init ] --START--
INFO: Run Behavior\BuildLiteBehavior [ RunTime:0.000020s ]
INFO: [ app_init ] --END-- [ RunTime:0.000480s ]
INFO: [ app_begin ] --START--
INFO: Run Behavior\ReadHtmlCacheBehavior [ RunTime:0.000595s ]
INFO: [ app_begin ] --END-- [ RunTime:0.000690s ]
INFO: [ view_parse ] --START--
INFO: [ template_filter ] --START--
INFO: Run Behavior\ContentReplaceBehavior [ RunTime:0.000056s ]
INFO: [ template_filter ] --END-- [ RunTime:0.000127s ]
INFO: Run Behavior\ParseTemplateBehavior [ RunTime:0.006453s ]
INFO: [ view_parse ] --END-- [ RunTime:0.006534s ]
INFO: [ view_filter ] --START--
INFO: Run Behavior\WriteHtmlCacheBehavior [ RunTime:0.000310s ]
INFO: [ view_filter ] --END-- [ RunTime:0.000372s ]
INFO: [ app_end ] --START--
INFO: Run Behavior\ShowPageTraceBehavior [ RunTime:0.000515s ]
INFO: [ app_end ] --END-- [ RunTime:0.000572s ]

[ 2017-05-17T16:38:21+08:00 ] 127.0.0.1 /index.php
INFO: [ app_init ] --START--
INFO: Run Behavior\BuildLiteBehavior [ RunTime:0.000023s ]
INFO: [ app_init ] --END-- [ RunTime:0.000594s ]
INFO: [ app_begin ] --START--
INFO: Run Behavior\ReadHtmlCacheBehavior [ RunTime:0.000643s ]
INFO: [ app_begin ] --END-- [ RunTime:0.000762s ]
INFO: [ view_parse ] --START--
INFO: [ template_filter ] --START--
INFO: Run Behavior\ContentReplaceBehavior [ RunTime:0.000045s ]
INFO: [ template_filter ] --END-- [ RunTime:0.000139s ]
INFO: Run Behavior\ParseTemplateBehavior [ RunTime:0.009338s ]
INFO: [ view_parse ] --END-- [ RunTime:0.009428s ]
INFO: [ view_filter ] --START--
INFO: Run Behavior\WriteHtmlCacheBehavior [ RunTime:0.000288s ]
INFO: [ view_filter ] --END-- [ RunTime:0.000337s ]
INFO: [ app_end ] --START--
INFO: Run Behavior\ShowPageTraceBehavior [ RunTime:0.000486s ]
INFO: [ app_end ] --END-- [ RunTime:0.000535s ]

[ 2017-05-17T16:39:18+08:00 ] 127.0.0.1 /index.php
INFO: [ app_init ] --START--
INFO: Run Behavior\BuildLiteBehavior [ RunTime:0.000019s ]
INFO: [ app_init ] --END-- [ RunTime:0.000503s ]
INFO: [ app_begin ] --START--
INFO: Run Behavior\ReadHtmlCacheBehavior [ RunTime:0.000720s ]
INFO: [ app_begin ] --END-- [ RunTime:0.000790s ]

[ 2017-05-17T16:39:53+08:00 ] 127.0.0.1 /index.php
INFO: [ app_init ] --START--
INFO: Run Behavior\BuildLiteBehavior [ RunTime:0.000014s ]
INFO: [ app_init ] --END-- [ RunTime:0.000374s ]
INFO: [ app_begin ] --START--
INFO: Run Behavior\ReadHtmlCacheBehavior [ RunTime:0.000471s ]
INFO: [ app_begin ] --END-- [ RunTime:0.000527s ]
NOTIC: [8] A session had already been started - ignoring session_start() D:\phpStudy\WWW\wap\Application\Common\Common\function.php 第 103 行.
INFO: [ view_parse ] --START--
INFO: [ template_filter ] --START--
INFO: Run Behavior\ContentReplaceBehavior [ RunTime:0.000043s ]
INFO: [ template_filter ] --END-- [ RunTime:0.000104s ]
INFO: Run Behavior\ParseTemplateBehavior [ RunTime:0.007032s ]
INFO: [ view_parse ] --END-- [ RunTime:0.007212s ]
INFO: [ view_filter ] --START--
INFO: Run Behavior\WriteHtmlCacheBehavior [ RunTime:0.000464s ]
INFO: [ view_filter ] --END-- [ RunTime:0.000511s ]
INFO: [ app_end ] --START--
INFO: Run Behavior\ShowPageTraceBehavior [ RunTime:0.000632s ]
INFO: [ app_end ] --END-- [ RunTime:0.000705s ]

[ 2017-05-17T16:39:56+08:00 ] 127.0.0.1 /index.php
INFO: [ app_init ] --START--
INFO: Run Behavior\BuildLiteBehavior [ RunTime:0.000026s ]
INFO: [ app_init ] --END-- [ RunTime:0.000403s ]
INFO: [ app_begin ] --START--
INFO: Run Behavior\ReadHtmlCacheBehavior [ RunTime:0.000487s ]
INFO: [ app_begin ] --END-- [ RunTime:0.000550s ]
NOTIC: [8] A session had already been started - ignoring session_start() D:\phpStudy\WWW\wap\Application\Common\Common\function.php 第 103 行.
INFO: [ view_parse ] --START--
INFO: [ template_filter ] --START--
INFO: Run Behavior\ContentReplaceBehavior [ RunTime:0.000053s ]
INFO: [ template_filter ] --END-- [ RunTime:0.000145s ]
INFO: Run Behavior\ParseTemplateBehavior [ RunTime:0.006241s ]
INFO: [ view_parse ] --END-- [ RunTime:0.006309s ]
INFO: [ view_filter ] --START--
INFO: Run Behavior\WriteHtmlCacheBehavior [ RunTime:0.000285s ]
INFO: [ view_filter ] --END-- [ RunTime:0.000332s ]
INFO: [ app_end ] --START--
INFO: Run Behavior\ShowPageTraceBehavior [ RunTime:0.000484s ]
INFO: [ app_end ] --END-- [ RunTime:0.000544s ]

[ 2017-05-17T16:40:57+08:00 ] 127.0.0.1 /index.php
INFO: [ app_init ] --START--
INFO: Run Behavior\BuildLiteBehavior [ RunTime:0.000017s ]
INFO: [ app_init ] --END-- [ RunTime:0.000484s ]
INFO: [ app_begin ] --START--
INFO: Run Behavior\ReadHtmlCacheBehavior [ RunTime:0.000720s ]
INFO: [ app_begin ] --END-- [ RunTime:0.000787s ]
NOTIC: [8] A session had already been started - ignoring session_start() D:\phpStudy\WWW\wap\Application\Common\Common\function.php 第 101 行.
NOTIC: [8] Undefined variable: module D:\phpStudy\WWW\wap\ThinkPHP\Common\functions.php 第 990 行.
NOTIC: [8] Undefined variable: var D:\phpStudy\WWW\wap\ThinkPHP\Common\functions.php 第 990 行.
NOTIC: [2] array_reverse() expects parameter 1 to be array, null given D:\phpStudy\WWW\wap\ThinkPHP\Common\functions.php 第 990 行.
NOTIC: [2] http_build_query() [<a href='function.http-build-query'>function.http-build-query</a>]: Parameter 1 expected to be Array or Object.  Incorrect value given D:\phpStudy\WWW\wap\ThinkPHP\Common\functions.php 第 990 行.

[ 2017-05-17T16:40:57+08:00 ] 127.0.0.1 /index.php?m=&&c=login
INFO: [ app_init ] --START--
INFO: Run Behavior\BuildLiteBehavior [ RunTime:0.000015s ]
INFO: [ app_init ] --END-- [ RunTime:0.000383s ]
INFO: [ app_begin ] --START--
INFO: Run Behavior\ReadHtmlCacheBehavior [ RunTime:0.000450s ]
INFO: [ app_begin ] --END-- [ RunTime:0.000516s ]
INFO: [ view_parse ] --START--
INFO: [ template_filter ] --START--
INFO: Run Behavior\ContentReplaceBehavior [ RunTime:0.000047s ]
INFO: [ template_filter ] --END-- [ RunTime:0.000118s ]
INFO: Run Behavior\ParseTemplateBehavior [ RunTime:0.006559s ]
INFO: [ view_parse ] --END-- [ RunTime:0.006647s ]
INFO: [ view_filter ] --START--
INFO: Run Behavior\WriteHtmlCacheBehavior [ RunTime:0.000475s ]
INFO: [ view_filter ] --END-- [ RunTime:0.000526s ]
INFO: [ app_end ] --START--
INFO: Run Behavior\ShowPageTraceBehavior [ RunTime:0.000632s ]
INFO: [ app_end ] --END-- [ RunTime:0.000683s ]

[ 2017-05-17T16:42:07+08:00 ] 127.0.0.1 /index.php?c=login&a=login
INFO: [ app_init ] --START--
INFO: Run Behavior\BuildLiteBehavior [ RunTime:0.000018s ]
INFO: [ app_init ] --END-- [ RunTime:0.000491s ]
INFO: [ app_begin ] --START--
INFO: Run Behavior\ReadHtmlCacheBehavior [ RunTime:0.000807s ]
INFO: [ app_begin ] --END-- [ RunTime:0.000912s ]
INFO: [ view_parse ] --START--
INFO: [ template_filter ] --START--
INFO: Run Behavior\ContentReplaceBehavior [ RunTime:0.000069s ]
INFO: [ template_filter ] --END-- [ RunTime:0.000171s ]
INFO: Run Behavior\ParseTemplateBehavior [ RunTime:0.010238s ]
INFO: [ view_parse ] --END-- [ RunTime:0.010328s ]
INFO: [ view_filter ] --START--
INFO: Run Behavior\WriteHtmlCacheBehavior [ RunTime:0.000626s ]
INFO: [ view_filter ] --END-- [ RunTime:0.000715s ]

[ 2017-05-17T16:42:12+08:00 ] 127.0.0.1 /index.php?c=login&a=login
INFO: [ app_init ] --START--
INFO: Run Behavior\BuildLiteBehavior [ RunTime:0.000028s ]
INFO: [ app_init ] --END-- [ RunTime:0.000650s ]
INFO: [ app_begin ] --START--
INFO: Run Behavior\ReadHtmlCacheBehavior [ RunTime:0.000741s ]
INFO: [ app_begin ] --END-- [ RunTime:0.000853s ]
NOTIC: [2] Missing argument 4 for request(), called in D:\phpStudy\WWW\wap\Application\Home\Controller\LoginController.class.php on line 20 and defined D:\phpStudy\WWW\wap\Application\Common\Common\function.php 第 45 行.
NOTIC: [2] Missing argument 4 for request(), called in D:\phpStudy\WWW\wap\Application\Home\Controller\LoginController.class.php on line 21 and defined D:\phpStudy\WWW\wap\Application\Common\Common\function.php 第 45 行.
NOTIC: [8] A session had already been started - ignoring session_start() D:\phpStudy\WWW\wap\Application\Common\Common\function.php 第 103 行.
NOTIC: [8] Undefined variable: module D:\phpStudy\WWW\wap\ThinkPHP\Common\functions.php 第 990 行.
NOTIC: [8] Undefined variable: var D:\phpStudy\WWW\wap\ThinkPHP\Common\functions.php 第 990 行.
NOTIC: [2] array_reverse() expects parameter 1 to be array, null given D:\phpStudy\WWW\wap\ThinkPHP\Common\functions.php 第 990 行.
NOTIC: [2] http_build_query() [<a href='function.http-build-query'>function.http-build-query</a>]: Parameter 1 expected to be Array or Object.  Incorrect value given D:\phpStudy\WWW\wap\ThinkPHP\Common\functions.php 第 990 行.

[ 2017-05-17T16:42:12+08:00 ] 127.0.0.1 /index.php?m=&&c=index
INFO: [ app_init ] --START--
INFO: Run Behavior\BuildLiteBehavior [ RunTime:0.000013s ]
INFO: [ app_init ] --END-- [ RunTime:0.000368s ]
INFO: [ app_begin ] --START--
INFO: Run Behavior\ReadHtmlCacheBehavior [ RunTime:0.000452s ]
INFO: [ app_begin ] --END-- [ RunTime:0.000506s ]
INFO: [ view_parse ] --START--
INFO: [ template_filter ] --START--
INFO: Run Behavior\ContentReplaceBehavior [ RunTime:0.000056s ]
INFO: [ template_filter ] --END-- [ RunTime:0.000144s ]
INFO: Run Behavior\ParseTemplateBehavior [ RunTime:0.007959s ]
INFO: [ view_parse ] --END-- [ RunTime:0.008075s ]
INFO: [ view_filter ] --START--
INFO: Run Behavior\WriteHtmlCacheBehavior [ RunTime:0.000438s ]
INFO: [ view_filter ] --END-- [ RunTime:0.000524s ]
INFO: [ app_end ] --START--
INFO: Run Behavior\ShowPageTraceBehavior [ RunTime:0.001021s ]
INFO: [ app_end ] --END-- [ RunTime:0.001102s ]

[ 2017-05-17T17:17:43+08:00 ] 127.0.0.1 /index.php?m=&&c=index
INFO: [ app_init ] --START--
INFO: Run Behavior\BuildLiteBehavior [ RunTime:0.000031s ]
INFO: [ app_init ] --END-- [ RunTime:0.001086s ]
INFO: [ app_begin ] --START--
INFO: Run Behavior\ReadHtmlCacheBehavior [ RunTime:0.000793s ]
INFO: [ app_begin ] --END-- [ RunTime:0.000865s ]
NOTIC: [8] Undefined variable: module D:\phpStudy\WWW\wap\ThinkPHP\Common\functions.php 第 990 行.
NOTIC: [8] Undefined variable: var D:\phpStudy\WWW\wap\ThinkPHP\Common\functions.php 第 990 行.
NOTIC: [2] array_reverse() expects parameter 1 to be array, null given D:\phpStudy\WWW\wap\ThinkPHP\Common\functions.php 第 990 行.
NOTIC: [2] http_build_query() [<a href='function.http-build-query'>function.http-build-query</a>]: Parameter 1 expected to be Array or Object.  Incorrect value given D:\phpStudy\WWW\wap\ThinkPHP\Common\functions.php 第 990 行.

[ 2017-05-17T17:17:43+08:00 ] 127.0.0.1 /index.php?m=&&c=login
INFO: [ app_init ] --START--
INFO: Run Behavior\BuildLiteBehavior [ RunTime:0.000015s ]
INFO: [ app_init ] --END-- [ RunTime:0.000429s ]
INFO: [ app_begin ] --START--
INFO: Run Behavior\ReadHtmlCacheBehavior [ RunTime:0.000541s ]
INFO: [ app_begin ] --END-- [ RunTime:0.000623s ]
INFO: [ view_parse ] --START--
INFO: [ template_filter ] --START--
INFO: Run Behavior\ContentReplaceBehavior [ RunTime:0.000045s ]
INFO: [ template_filter ] --END-- [ RunTime:0.000117s ]
INFO: Run Behavior\ParseTemplateBehavior [ RunTime:0.009437s ]
INFO: [ view_parse ] --END-- [ RunTime:0.009544s ]
INFO: [ view_filter ] --START--
INFO: Run Behavior\WriteHtmlCacheBehavior [ RunTime:0.000761s ]
INFO: [ view_filter ] --END-- [ RunTime:0.000847s ]
INFO: [ app_end ] --START--
INFO: Run Behavior\ShowPageTraceBehavior [ RunTime:0.001076s ]
INFO: [ app_end ] --END-- [ RunTime:0.001169s ]

