[ 2017-06-12T08:46:28+08:00 ] 127.0.0.1 /
INFO: [ app_init ] --START--
INFO: Run Behavior\BuildLiteBehavior [ RunTime:0.000016s ]
INFO: [ app_init ] --END-- [ RunTime:0.000360s ]
INFO: [ app_begin ] --START--
INFO: Run Behavior\ReadHtmlCacheBehavior [ RunTime:0.000689s ]
INFO: [ app_begin ] --END-- [ RunTime:0.000788s ]
NOTIC: [8] Undefined index: u_id D:\phpStudy\WWW\wap\Application\Home\Controller\CommonController.class.php 第 12 行.
NOTIC: [8] Undefined variable: module D:\phpStudy\WWW\wap\ThinkPHP\Common\functions.php 第 990 行.
NOTIC: [8] Undefined variable: var D:\phpStudy\WWW\wap\ThinkPHP\Common\functions.php 第 990 行.
NOTIC: [2] array_reverse() expects parameter 1 to be array, null given D:\phpStudy\WWW\wap\ThinkPHP\Common\functions.php 第 990 行.
NOTIC: [2] http_build_query() [<a href='function.http-build-query'>function.http-build-query</a>]: Parameter 1 expected to be Array or Object.  Incorrect value given D:\phpStudy\WWW\wap\ThinkPHP\Common\functions.php 第 990 行.

[ 2017-06-12T08:46:28+08:00 ] 127.0.0.1 /index.php?m=&&c=login
INFO: [ app_init ] --START--
INFO: Run Behavior\BuildLiteBehavior [ RunTime:0.000015s ]
INFO: [ app_init ] --END-- [ RunTime:0.000375s ]
INFO: [ app_begin ] --START--
INFO: Run Behavior\ReadHtmlCacheBehavior [ RunTime:0.000458s ]
INFO: [ app_begin ] --END-- [ RunTime:0.000522s ]
INFO: [ view_parse ] --START--
INFO: [ template_filter ] --START--
INFO: Run Behavior\ContentReplaceBehavior [ RunTime:0.000066s ]
INFO: [ template_filter ] --END-- [ RunTime:0.000168s ]
INFO: Run Behavior\ParseTemplateBehavior [ RunTime:0.018490s ]
INFO: [ view_parse ] --END-- [ RunTime:0.018594s ]
INFO: [ view_filter ] --START--
INFO: Run Behavior\WriteHtmlCacheBehavior [ RunTime:0.000307s ]
INFO: [ view_filter ] --END-- [ RunTime:0.000363s ]
INFO: [ app_end ] --START--
INFO: Run Behavior\ShowPageTraceBehavior [ RunTime:0.000522s ]
INFO: [ app_end ] --END-- [ RunTime:0.000589s ]

[ 2017-06-12T08:46:32+08:00 ] 127.0.0.1 /index.php?c=login&a=login
INFO: [ app_init ] --START--
INFO: Run Behavior\BuildLiteBehavior [ RunTime:0.000023s ]
INFO: [ app_init ] --END-- [ RunTime:0.000536s ]
INFO: [ app_begin ] --START--
INFO: Run Behavior\ReadHtmlCacheBehavior [ RunTime:0.000706s ]
INFO: [ app_begin ] --END-- [ RunTime:0.000814s ]
INFO: [ view_parse ] --START--
INFO: [ template_filter ] --START--
INFO: Run Behavior\ContentReplaceBehavior [ RunTime:0.000064s ]
INFO: [ template_filter ] --END-- [ RunTime:0.000158s ]
NOTIC: [8] Undefined variable: state D:\phpStudy\WWW\wap\Application\Runtime\Cache\Home\50c9f5d2ef37c2cf131d5cf1381d3a4b.php 第 16 行.
INFO: Run Behavior\ParseTemplateBehavior [ RunTime:0.056623s ]
INFO: [ view_parse ] --END-- [ RunTime:0.056722s ]
INFO: [ view_filter ] --START--
INFO: Run Behavior\WriteHtmlCacheBehavior [ RunTime:0.000366s ]
INFO: [ view_filter ] --END-- [ RunTime:0.000425s ]

[ 2017-06-12T08:46:36+08:00 ] 127.0.0.1 /index.php?c=login&a=login
INFO: [ app_init ] --START--
INFO: Run Behavior\BuildLiteBehavior [ RunTime:0.000023s ]
INFO: [ app_init ] --END-- [ RunTime:0.000586s ]
INFO: [ app_begin ] --START--
INFO: Run Behavior\ReadHtmlCacheBehavior [ RunTime:0.000653s ]
INFO: [ app_begin ] --END-- [ RunTime:0.000739s ]
NOTIC: [2] Missing argument 4 for request(), called in D:\phpStudy\WWW\wap\Application\Home\Controller\LoginController.class.php on line 20 and defined D:\phpStudy\WWW\wap\Application\Common\Common\function.php 第 45 行.
NOTIC: [2] Missing argument 4 for request(), called in D:\phpStudy\WWW\wap\Application\Home\Controller\LoginController.class.php on line 21 and defined D:\phpStudy\WWW\wap\Application\Common\Common\function.php 第 45 行.
SQL: SHOW COLUMNS FROM `user` [ RunTime:0.0111s ]
SQL: SELECT * FROM `user` WHERE ( username="root" ) LIMIT 1   [ RunTime:0.0003s ]
NOTIC: [8] A session had already been started - ignoring session_start() D:\phpStudy\WWW\wap\Application\Common\Common\function.php 第 103 行.
NOTIC: [8] Undefined variable: module D:\phpStudy\WWW\wap\ThinkPHP\Common\functions.php 第 990 行.
NOTIC: [8] Undefined variable: var D:\phpStudy\WWW\wap\ThinkPHP\Common\functions.php 第 990 行.
NOTIC: [2] array_reverse() expects parameter 1 to be array, null given D:\phpStudy\WWW\wap\ThinkPHP\Common\functions.php 第 990 行.
NOTIC: [2] http_build_query() [<a href='function.http-build-query'>function.http-build-query</a>]: Parameter 1 expected to be Array or Object.  Incorrect value given D:\phpStudy\WWW\wap\ThinkPHP\Common\functions.php 第 990 行.

[ 2017-06-12T08:46:36+08:00 ] 127.0.0.1 /index.php?m=&&c=index
INFO: [ app_init ] --START--
INFO: Run Behavior\BuildLiteBehavior [ RunTime:0.000014s ]
INFO: [ app_init ] --END-- [ RunTime:0.000345s ]
INFO: [ app_begin ] --START--
INFO: Run Behavior\ReadHtmlCacheBehavior [ RunTime:0.000425s ]
INFO: [ app_begin ] --END-- [ RunTime:0.000480s ]
INFO: [ view_parse ] --START--
INFO: [ template_filter ] --START--
INFO: Run Behavior\ContentReplaceBehavior [ RunTime:0.000054s ]
INFO: [ template_filter ] --END-- [ RunTime:0.000118s ]
INFO: Run Behavior\ParseTemplateBehavior [ RunTime:0.061893s ]
INFO: [ view_parse ] --END-- [ RunTime:0.062000s ]
INFO: [ view_filter ] --START--
INFO: Run Behavior\WriteHtmlCacheBehavior [ RunTime:0.000416s ]
INFO: [ view_filter ] --END-- [ RunTime:0.000491s ]
INFO: [ app_end ] --START--
INFO: Run Behavior\ShowPageTraceBehavior [ RunTime:0.000758s ]
INFO: [ app_end ] --END-- [ RunTime:0.000840s ]

[ 2017-06-12T08:46:39+08:00 ] 127.0.0.1 /index.php?c=index&a=progress
INFO: [ app_init ] --START--
INFO: Run Behavior\BuildLiteBehavior [ RunTime:0.000025s ]
INFO: [ app_init ] --END-- [ RunTime:0.000602s ]
INFO: [ app_begin ] --START--
INFO: Run Behavior\ReadHtmlCacheBehavior [ RunTime:0.000691s ]
INFO: [ app_begin ] --END-- [ RunTime:0.000756s ]
INFO: [ view_parse ] --START--
INFO: [ template_filter ] --START--
INFO: Run Behavior\ContentReplaceBehavior [ RunTime:0.000049s ]
INFO: [ template_filter ] --END-- [ RunTime:0.000110s ]
INFO: Run Behavior\ParseTemplateBehavior [ RunTime:0.075870s ]
INFO: [ view_parse ] --END-- [ RunTime:0.075961s ]
INFO: [ view_filter ] --START--
INFO: Run Behavior\WriteHtmlCacheBehavior [ RunTime:0.000494s ]
INFO: [ view_filter ] --END-- [ RunTime:0.000557s ]
INFO: [ app_end ] --START--
INFO: Run Behavior\ShowPageTraceBehavior [ RunTime:0.000741s ]
INFO: [ app_end ] --END-- [ RunTime:0.000795s ]

[ 2017-06-12T08:46:43+08:00 ] 127.0.0.1 /index.php?c=index
INFO: [ app_init ] --START--
INFO: Run Behavior\BuildLiteBehavior [ RunTime:0.000024s ]
INFO: [ app_init ] --END-- [ RunTime:0.000605s ]
INFO: [ app_begin ] --START--
INFO: Run Behavior\ReadHtmlCacheBehavior [ RunTime:0.001066s ]
INFO: [ app_begin ] --END-- [ RunTime:0.001177s ]
INFO: [ view_parse ] --START--
INFO: [ template_filter ] --START--
INFO: Run Behavior\ContentReplaceBehavior [ RunTime:0.000066s ]
INFO: [ template_filter ] --END-- [ RunTime:0.000160s ]
INFO: Run Behavior\ParseTemplateBehavior [ RunTime:0.009732s ]
INFO: [ view_parse ] --END-- [ RunTime:0.009806s ]
INFO: [ view_filter ] --START--
INFO: Run Behavior\WriteHtmlCacheBehavior [ RunTime:0.000710s ]
INFO: [ view_filter ] --END-- [ RunTime:0.000806s ]
INFO: [ app_end ] --START--
INFO: Run Behavior\ShowPageTraceBehavior [ RunTime:0.000687s ]
INFO: [ app_end ] --END-- [ RunTime:0.000746s ]

[ 2017-06-12T08:46:45+08:00 ] 127.0.0.1 /index.php?c=index&a=early_check
INFO: [ app_init ] --START--
INFO: Run Behavior\BuildLiteBehavior [ RunTime:0.000031s ]
INFO: [ app_init ] --END-- [ RunTime:0.000639s ]
INFO: [ app_begin ] --START--
INFO: Run Behavior\ReadHtmlCacheBehavior [ RunTime:0.001039s ]
INFO: [ app_begin ] --END-- [ RunTime:0.001178s ]
INFO: [ view_parse ] --START--
INFO: [ template_filter ] --START--
INFO: Run Behavior\ContentReplaceBehavior [ RunTime:0.000061s ]
INFO: [ template_filter ] --END-- [ RunTime:0.000132s ]
INFO: Run Behavior\ParseTemplateBehavior [ RunTime:0.082320s ]
INFO: [ view_parse ] --END-- [ RunTime:0.082438s ]
INFO: [ view_filter ] --START--
INFO: Run Behavior\WriteHtmlCacheBehavior [ RunTime:0.000285s ]
INFO: [ view_filter ] --END-- [ RunTime:0.000336s ]
INFO: [ app_end ] --START--
INFO: Run Behavior\ShowPageTraceBehavior [ RunTime:0.000472s ]
INFO: [ app_end ] --END-- [ RunTime:0.000523s ]

[ 2017-06-12T08:46:45+08:00 ] 127.0.0.1 /index.php?c=index&a=early_month
INFO: [ app_init ] --START--
INFO: Run Behavior\BuildLiteBehavior [ RunTime:0.000022s ]
INFO: [ app_init ] --END-- [ RunTime:0.000609s ]
INFO: [ app_begin ] --START--
INFO: Run Behavior\ReadHtmlCacheBehavior [ RunTime:0.000759s ]
INFO: [ app_begin ] --END-- [ RunTime:0.000855s ]
SQL: SHOW COLUMNS FROM `early_record` [ RunTime:0.0534s ]
NOTIC: [2] Missing argument 1 for Think\Model::where(), called in D:\phpStudy\WWW\wap\Application\Common\Model\Early_recordModel.class.php on line 18 and defined D:\phpStudy\WWW\wap\ThinkPHP\Library\Think\Model.class.php 第 1797 行.
NOTIC: [8] Undefined variable: where D:\phpStudy\WWW\wap\ThinkPHP\Library\Think\Model.class.php 第 1805 行.
NOTIC: [8] Undefined variable: where D:\phpStudy\WWW\wap\ThinkPHP\Library\Think\Model.class.php 第 1808 行.
NOTIC: [8] Undefined variable: where D:\phpStudy\WWW\wap\ThinkPHP\Library\Think\Model.class.php 第 1816 行.
SQL: SELECT * FROM `early_record`  [ RunTime:0.0005s ]
INFO: [ app_end ] --START--
INFO: Run Behavior\ShowPageTraceBehavior [ RunTime:0.000623s ]
INFO: [ app_end ] --END-- [ RunTime:0.000701s ]

[ 2017-06-12T08:46:47+08:00 ] 127.0.0.1 /index.php?c=index&a=early_ajax
INFO: [ app_init ] --START--
INFO: Run Behavior\BuildLiteBehavior [ RunTime:0.000016s ]
INFO: [ app_init ] --END-- [ RunTime:0.000399s ]
INFO: [ app_begin ] --START--
INFO: Run Behavior\ReadHtmlCacheBehavior [ RunTime:0.000651s ]
INFO: [ app_begin ] --END-- [ RunTime:0.000734s ]
SQL: SHOW COLUMNS FROM `early_record` [ RunTime:0.0124s ]
SQL: SELECT * FROM `early_record` WHERE `up_id` = 0 AND `u_id` = 1  [ RunTime:0.0004s ]
SQL: INSERT INTO `early_record` (`up_id`,`u_id`,`e_date`,`e_day`) VALUES ('0','1','2017-06-12','1') [ RunTime:0.0011s ]
INFO: [ app_end ] --START--
INFO: Run Behavior\ShowPageTraceBehavior [ RunTime:0.000679s ]
INFO: [ app_end ] --END-- [ RunTime:0.000766s ]

[ 2017-06-12T08:46:51+08:00 ] 127.0.0.1 /index.php?c=index
INFO: [ app_init ] --START--
INFO: Run Behavior\BuildLiteBehavior [ RunTime:0.000014s ]
INFO: [ app_init ] --END-- [ RunTime:0.000358s ]
INFO: [ app_begin ] --START--
INFO: Run Behavior\ReadHtmlCacheBehavior [ RunTime:0.000464s ]
INFO: [ app_begin ] --END-- [ RunTime:0.000529s ]
INFO: [ view_parse ] --START--
INFO: [ template_filter ] --START--
INFO: Run Behavior\ContentReplaceBehavior [ RunTime:0.000095s ]
INFO: [ template_filter ] --END-- [ RunTime:0.000199s ]
INFO: Run Behavior\ParseTemplateBehavior [ RunTime:0.007743s ]
INFO: [ view_parse ] --END-- [ RunTime:0.007860s ]
INFO: [ view_filter ] --START--
INFO: Run Behavior\WriteHtmlCacheBehavior [ RunTime:0.000386s ]
INFO: [ view_filter ] --END-- [ RunTime:0.000444s ]
INFO: [ app_end ] --START--
INFO: Run Behavior\ShowPageTraceBehavior [ RunTime:0.000484s ]
INFO: [ app_end ] --END-- [ RunTime:0.000533s ]

[ 2017-06-12T08:46:55+08:00 ] 127.0.0.1 /index.php?c=plan
INFO: [ app_init ] --START--
INFO: Run Behavior\BuildLiteBehavior [ RunTime:0.000016s ]
INFO: [ app_init ] --END-- [ RunTime:0.000374s ]
INFO: [ app_begin ] --START--
INFO: Run Behavior\ReadHtmlCacheBehavior [ RunTime:0.000628s ]
INFO: [ app_begin ] --END-- [ RunTime:0.000722s ]
NOTIC: [2048] Declaration of Home\Controller\PlanController::show() should be compatible with that of Think\Controller::show() D:\phpStudy\WWW\wap\Application\Home\Controller\PlanController.class.php 第 11 行.
SQL: SHOW COLUMNS FROM `u_plan` [ RunTime:0.0735s ]
NOTIC: [2] Missing argument 1 for Think\Model::where(), called in D:\phpStudy\WWW\wap\Application\Common\Model\U_PlanModel.class.php on line 18 and defined D:\phpStudy\WWW\wap\ThinkPHP\Library\Think\Model.class.php 第 1797 行.
NOTIC: [8] Undefined variable: where D:\phpStudy\WWW\wap\ThinkPHP\Library\Think\Model.class.php 第 1805 行.
NOTIC: [8] Undefined variable: where D:\phpStudy\WWW\wap\ThinkPHP\Library\Think\Model.class.php 第 1808 行.
NOTIC: [8] Undefined variable: where D:\phpStudy\WWW\wap\ThinkPHP\Library\Think\Model.class.php 第 1816 行.
SQL: SELECT * FROM `u_plan`  [ RunTime:0.0003s ]
INFO: [ view_parse ] --START--
INFO: [ template_filter ] --START--
INFO: Run Behavior\ContentReplaceBehavior [ RunTime:0.000086s ]
INFO: [ template_filter ] --END-- [ RunTime:0.000170s ]
NOTIC: [8] Undefined variable: p_name D:\phpStudy\WWW\wap\Application\Runtime\Cache\Home\ca44bde0ac502aa9de353798181f7169.php 第 41 行.
INFO: Run Behavior\ParseTemplateBehavior [ RunTime:0.056025s ]
INFO: [ view_parse ] --END-- [ RunTime:0.056111s ]
INFO: [ view_filter ] --START--
INFO: Run Behavior\WriteHtmlCacheBehavior [ RunTime:0.000334s ]
INFO: [ view_filter ] --END-- [ RunTime:0.000391s ]
INFO: [ app_end ] --START--
INFO: Run Behavior\ShowPageTraceBehavior [ RunTime:0.000596s ]
INFO: [ app_end ] --END-- [ RunTime:0.000695s ]

[ 2017-06-12T08:46:56+08:00 ] 127.0.0.1 /index.php?c=earning
INFO: [ app_init ] --START--
INFO: Run Behavior\BuildLiteBehavior [ RunTime:0.000016s ]
INFO: [ app_init ] --END-- [ RunTime:0.000372s ]
INFO: [ app_begin ] --START--
INFO: Run Behavior\ReadHtmlCacheBehavior [ RunTime:0.000708s ]
INFO: [ app_begin ] --END-- [ RunTime:0.000778s ]
SQL: SHOW COLUMNS FROM `user` [ RunTime:0.0117s ]
SQL: SELECT * FROM `user` WHERE `u_id` = 1 LIMIT 1   [ RunTime:0.0003s ]
INFO: [ view_parse ] --START--
INFO: [ template_filter ] --START--
INFO: Run Behavior\ContentReplaceBehavior [ RunTime:0.000049s ]
INFO: [ template_filter ] --END-- [ RunTime:0.000108s ]
INFO: Run Behavior\ParseTemplateBehavior [ RunTime:0.035914s ]
INFO: [ view_parse ] --END-- [ RunTime:0.035985s ]
INFO: [ view_filter ] --START--
INFO: Run Behavior\WriteHtmlCacheBehavior [ RunTime:0.000446s ]
INFO: [ view_filter ] --END-- [ RunTime:0.000494s ]
INFO: [ app_end ] --START--
INFO: Run Behavior\ShowPageTraceBehavior [ RunTime:0.000619s ]
INFO: [ app_end ] --END-- [ RunTime:0.000677s ]

[ 2017-06-12T08:46:58+08:00 ] 127.0.0.1 /index.php?c=plan
INFO: [ app_init ] --START--
INFO: Run Behavior\BuildLiteBehavior [ RunTime:0.000029s ]
INFO: [ app_init ] --END-- [ RunTime:0.000621s ]
INFO: [ app_begin ] --START--
INFO: Run Behavior\ReadHtmlCacheBehavior [ RunTime:0.000696s ]
INFO: [ app_begin ] --END-- [ RunTime:0.000779s ]
NOTIC: [2048] Declaration of Home\Controller\PlanController::show() should be compatible with that of Think\Controller::show() D:\phpStudy\WWW\wap\Application\Home\Controller\PlanController.class.php 第 11 行.
SQL: SHOW COLUMNS FROM `u_plan` [ RunTime:0.0110s ]
NOTIC: [2] Missing argument 1 for Think\Model::where(), called in D:\phpStudy\WWW\wap\Application\Common\Model\U_PlanModel.class.php on line 18 and defined D:\phpStudy\WWW\wap\ThinkPHP\Library\Think\Model.class.php 第 1797 行.
NOTIC: [8] Undefined variable: where D:\phpStudy\WWW\wap\ThinkPHP\Library\Think\Model.class.php 第 1805 行.
NOTIC: [8] Undefined variable: where D:\phpStudy\WWW\wap\ThinkPHP\Library\Think\Model.class.php 第 1808 行.
NOTIC: [8] Undefined variable: where D:\phpStudy\WWW\wap\ThinkPHP\Library\Think\Model.class.php 第 1816 行.
SQL: SELECT * FROM `u_plan`  [ RunTime:0.0003s ]
INFO: [ view_parse ] --START--
INFO: [ template_filter ] --START--
INFO: Run Behavior\ContentReplaceBehavior [ RunTime:0.000050s ]
INFO: [ template_filter ] --END-- [ RunTime:0.000117s ]
NOTIC: [8] Undefined variable: p_name D:\phpStudy\WWW\wap\Application\Runtime\Cache\Home\ca44bde0ac502aa9de353798181f7169.php 第 41 行.
INFO: Run Behavior\ParseTemplateBehavior [ RunTime:0.008504s ]
INFO: [ view_parse ] --END-- [ RunTime:0.008594s ]
INFO: [ view_filter ] --START--
INFO: Run Behavior\WriteHtmlCacheBehavior [ RunTime:0.000273s ]
INFO: [ view_filter ] --END-- [ RunTime:0.000318s ]
INFO: [ app_end ] --START--
INFO: Run Behavior\ShowPageTraceBehavior [ RunTime:0.000489s ]
INFO: [ app_end ] --END-- [ RunTime:0.000537s ]

[ 2017-06-12T08:47:00+08:00 ] 127.0.0.1 /index.php?c=earning
INFO: [ app_init ] --START--
INFO: Run Behavior\BuildLiteBehavior [ RunTime:0.000024s ]
INFO: [ app_init ] --END-- [ RunTime:0.000640s ]
INFO: [ app_begin ] --START--
INFO: Run Behavior\ReadHtmlCacheBehavior [ RunTime:0.000454s ]
INFO: [ app_begin ] --END-- [ RunTime:0.000514s ]
SQL: SHOW COLUMNS FROM `user` [ RunTime:0.0111s ]
SQL: SELECT * FROM `user` WHERE `u_id` = 1 LIMIT 1   [ RunTime:0.0003s ]
INFO: [ view_parse ] --START--
INFO: [ template_filter ] --START--
INFO: Run Behavior\ContentReplaceBehavior [ RunTime:0.000048s ]
INFO: [ template_filter ] --END-- [ RunTime:0.000103s ]
INFO: Run Behavior\ParseTemplateBehavior [ RunTime:0.005984s ]
INFO: [ view_parse ] --END-- [ RunTime:0.006045s ]
INFO: [ view_filter ] --START--
INFO: Run Behavior\WriteHtmlCacheBehavior [ RunTime:0.000251s ]
INFO: [ view_filter ] --END-- [ RunTime:0.000299s ]
INFO: [ app_end ] --START--
INFO: Run Behavior\ShowPageTraceBehavior [ RunTime:0.000471s ]
INFO: [ app_end ] --END-- [ RunTime:0.000528s ]

[ 2017-06-12T08:47:05+08:00 ] 127.0.0.1 /index.php?c=plan
INFO: [ app_init ] --START--
INFO: Run Behavior\BuildLiteBehavior [ RunTime:0.000016s ]
INFO: [ app_init ] --END-- [ RunTime:0.000360s ]
INFO: [ app_begin ] --START--
INFO: Run Behavior\ReadHtmlCacheBehavior [ RunTime:0.000460s ]
INFO: [ app_begin ] --END-- [ RunTime:0.000519s ]
NOTIC: [2048] Declaration of Home\Controller\PlanController::show() should be compatible with that of Think\Controller::show() D:\phpStudy\WWW\wap\Application\Home\Controller\PlanController.class.php 第 11 行.
SQL: SHOW COLUMNS FROM `u_plan` [ RunTime:0.0395s ]
NOTIC: [2] Missing argument 1 for Think\Model::where(), called in D:\phpStudy\WWW\wap\Application\Common\Model\U_PlanModel.class.php on line 18 and defined D:\phpStudy\WWW\wap\ThinkPHP\Library\Think\Model.class.php 第 1797 行.
NOTIC: [8] Undefined variable: where D:\phpStudy\WWW\wap\ThinkPHP\Library\Think\Model.class.php 第 1805 行.
NOTIC: [8] Undefined variable: where D:\phpStudy\WWW\wap\ThinkPHP\Library\Think\Model.class.php 第 1808 行.
NOTIC: [8] Undefined variable: where D:\phpStudy\WWW\wap\ThinkPHP\Library\Think\Model.class.php 第 1816 行.
SQL: SELECT * FROM `u_plan`  [ RunTime:0.0003s ]
INFO: [ view_parse ] --START--
INFO: [ template_filter ] --START--
INFO: Run Behavior\ContentReplaceBehavior [ RunTime:0.000051s ]
INFO: [ template_filter ] --END-- [ RunTime:0.000111s ]
NOTIC: [8] Undefined variable: p_name D:\phpStudy\WWW\wap\Application\Runtime\Cache\Home\ca44bde0ac502aa9de353798181f7169.php 第 41 行.
INFO: Run Behavior\ParseTemplateBehavior [ RunTime:0.007773s ]
INFO: [ view_parse ] --END-- [ RunTime:0.007852s ]
INFO: [ view_filter ] --START--
INFO: Run Behavior\WriteHtmlCacheBehavior [ RunTime:0.000269s ]
INFO: [ view_filter ] --END-- [ RunTime:0.000314s ]
INFO: [ app_end ] --START--
INFO: Run Behavior\ShowPageTraceBehavior [ RunTime:0.000445s ]
INFO: [ app_end ] --END-- [ RunTime:0.000494s ]

[ 2017-06-12T08:47:07+08:00 ] 127.0.0.1 /index.php?c=plan&a=show
INFO: [ app_init ] --START--
INFO: Run Behavior\BuildLiteBehavior [ RunTime:0.000017s ]
INFO: [ app_init ] --END-- [ RunTime:0.000485s ]
INFO: [ app_begin ] --START--
INFO: Run Behavior\ReadHtmlCacheBehavior [ RunTime:0.000738s ]
INFO: [ app_begin ] --END-- [ RunTime:0.000822s ]
NOTIC: [2048] Declaration of Home\Controller\PlanController::show() should be compatible with that of Think\Controller::show() D:\phpStudy\WWW\wap\Application\Home\Controller\PlanController.class.php 第 11 行.
SQL: SHOW COLUMNS FROM `plan` [ RunTime:0.0117s ]
NOTIC: [2] Missing argument 1 for Think\Model::where(), called in D:\phpStudy\WWW\wap\Application\Common\Model\PlanModel.class.php on line 18 and defined D:\phpStudy\WWW\wap\ThinkPHP\Library\Think\Model.class.php 第 1797 行.
NOTIC: [8] Undefined variable: where D:\phpStudy\WWW\wap\ThinkPHP\Library\Think\Model.class.php 第 1805 行.
NOTIC: [8] Undefined variable: where D:\phpStudy\WWW\wap\ThinkPHP\Library\Think\Model.class.php 第 1808 行.
NOTIC: [8] Undefined variable: where D:\phpStudy\WWW\wap\ThinkPHP\Library\Think\Model.class.php 第 1816 行.
SQL: SELECT * FROM `plan`  [ RunTime:0.0003s ]
INFO: [ view_parse ] --START--
INFO: [ template_filter ] --START--
INFO: Run Behavior\ContentReplaceBehavior [ RunTime:0.000071s ]
INFO: [ template_filter ] --END-- [ RunTime:0.000177s ]
INFO: Run Behavior\ParseTemplateBehavior [ RunTime:0.039627s ]
INFO: [ view_parse ] --END-- [ RunTime:0.039727s ]
INFO: [ view_filter ] --START--
INFO: Run Behavior\WriteHtmlCacheBehavior [ RunTime:0.000362s ]
INFO: [ view_filter ] --END-- [ RunTime:0.000432s ]
INFO: [ app_end ] --START--
INFO: Run Behavior\ShowPageTraceBehavior [ RunTime:0.000498s ]
INFO: [ app_end ] --END-- [ RunTime:0.000556s ]

[ 2017-06-12T08:47:08+08:00 ] 127.0.0.1 /index.php?c=plan&a=add&p_id=1
INFO: [ app_init ] --START--
INFO: Run Behavior\BuildLiteBehavior [ RunTime:0.000024s ]
INFO: [ app_init ] --END-- [ RunTime:0.000549s ]
INFO: [ app_begin ] --START--
INFO: Run Behavior\ReadHtmlCacheBehavior [ RunTime:0.000757s ]
INFO: [ app_begin ] --END-- [ RunTime:0.000861s ]
NOTIC: [2048] Declaration of Home\Controller\PlanController::show() should be compatible with that of Think\Controller::show() D:\phpStudy\WWW\wap\Application\Home\Controller\PlanController.class.php 第 11 行.
SQL: SHOW COLUMNS FROM `user` [ RunTime:0.0577s ]
SQL: SELECT * FROM `user` WHERE `u_id` = 1 LIMIT 1   [ RunTime:0.0003s ]
INFO: [ view_parse ] --START--
INFO: [ template_filter ] --START--
INFO: Run Behavior\ContentReplaceBehavior [ RunTime:0.000057s ]
INFO: [ template_filter ] --END-- [ RunTime:0.000122s ]
INFO: Run Behavior\ParseTemplateBehavior [ RunTime:0.096809s ]
INFO: [ view_parse ] --END-- [ RunTime:0.096923s ]
INFO: [ view_filter ] --START--
INFO: Run Behavior\WriteHtmlCacheBehavior [ RunTime:0.000292s ]
INFO: [ view_filter ] --END-- [ RunTime:0.000344s ]
INFO: [ app_end ] --START--
INFO: Run Behavior\ShowPageTraceBehavior [ RunTime:0.000492s ]
INFO: [ app_end ] --END-- [ RunTime:0.000541s ]

[ 2017-06-12T08:47:19+08:00 ] 127.0.0.1 /index.php?c=earning
INFO: [ app_init ] --START--
INFO: Run Behavior\BuildLiteBehavior [ RunTime:0.000024s ]
INFO: [ app_init ] --END-- [ RunTime:0.000516s ]
INFO: [ app_begin ] --START--
INFO: Run Behavior\ReadHtmlCacheBehavior [ RunTime:0.000572s ]
INFO: [ app_begin ] --END-- [ RunTime:0.000661s ]
SQL: SHOW COLUMNS FROM `user` [ RunTime:0.0116s ]
SQL: SELECT * FROM `user` WHERE `u_id` = 1 LIMIT 1   [ RunTime:0.0003s ]
INFO: [ view_parse ] --START--
INFO: [ template_filter ] --START--
INFO: Run Behavior\ContentReplaceBehavior [ RunTime:0.000060s ]
INFO: [ template_filter ] --END-- [ RunTime:0.000131s ]
INFO: Run Behavior\ParseTemplateBehavior [ RunTime:0.006232s ]
INFO: [ view_parse ] --END-- [ RunTime:0.006301s ]
INFO: [ view_filter ] --START--
INFO: Run Behavior\WriteHtmlCacheBehavior [ RunTime:0.000311s ]
INFO: [ view_filter ] --END-- [ RunTime:0.000377s ]
INFO: [ app_end ] --START--
INFO: Run Behavior\ShowPageTraceBehavior [ RunTime:0.000438s ]
INFO: [ app_end ] --END-- [ RunTime:0.000497s ]

[ 2017-06-12T08:47:29+08:00 ] 127.0.0.1 /index.php?c=earning&a=record&tip=0
INFO: [ app_init ] --START--
INFO: Run Behavior\BuildLiteBehavior [ RunTime:0.000033s ]
INFO: [ app_init ] --END-- [ RunTime:0.000639s ]
INFO: [ app_begin ] --START--
INFO: Run Behavior\ReadHtmlCacheBehavior [ RunTime:0.001073s ]
INFO: [ app_begin ] --END-- [ RunTime:0.001175s ]
INFO: [ view_parse ] --START--
INFO: [ template_filter ] --START--
INFO: Run Behavior\ContentReplaceBehavior [ RunTime:0.000052s ]
INFO: [ template_filter ] --END-- [ RunTime:0.000122s ]
NOTIC: [8] Undefined variable: content D:\phpStudy\WWW\wap\Application\Runtime\Cache\Home\e255a7b82592a978a1a52a7d2ea97277.php 第 21 行.
NOTIC: [8] Undefined variable: words D:\phpStudy\WWW\wap\Application\Runtime\Cache\Home\e255a7b82592a978a1a52a7d2ea97277.php 第 25 行.
INFO: Run Behavior\ParseTemplateBehavior [ RunTime:0.030416s ]
INFO: [ view_parse ] --END-- [ RunTime:0.030477s ]
INFO: [ view_filter ] --START--
INFO: Run Behavior\WriteHtmlCacheBehavior [ RunTime:0.000423s ]
INFO: [ view_filter ] --END-- [ RunTime:0.000468s ]
INFO: [ app_end ] --START--
INFO: Run Behavior\ShowPageTraceBehavior [ RunTime:0.000613s ]
INFO: [ app_end ] --END-- [ RunTime:0.000661s ]

[ 2017-06-12T08:47:32+08:00 ] 127.0.0.1 /index.php?c=setting
INFO: [ app_init ] --START--
INFO: Run Behavior\BuildLiteBehavior [ RunTime:0.000024s ]
INFO: [ app_init ] --END-- [ RunTime:0.000578s ]
INFO: [ app_begin ] --START--
INFO: Run Behavior\ReadHtmlCacheBehavior [ RunTime:0.000737s ]
INFO: [ app_begin ] --END-- [ RunTime:0.000831s ]
INFO: [ view_parse ] --START--
INFO: [ template_filter ] --START--
INFO: Run Behavior\ContentReplaceBehavior [ RunTime:0.000052s ]
INFO: [ template_filter ] --END-- [ RunTime:0.000140s ]
INFO: Run Behavior\ParseTemplateBehavior [ RunTime:0.030834s ]
INFO: [ view_parse ] --END-- [ RunTime:0.030916s ]
INFO: [ view_filter ] --START--
INFO: Run Behavior\WriteHtmlCacheBehavior [ RunTime:0.000319s ]
INFO: [ view_filter ] --END-- [ RunTime:0.000374s ]
INFO: [ app_end ] --START--
INFO: Run Behavior\ShowPageTraceBehavior [ RunTime:0.000501s ]
INFO: [ app_end ] --END-- [ RunTime:0.000555s ]

[ 2017-06-12T08:47:34+08:00 ] 127.0.0.1 /index.php?c=index
INFO: [ app_init ] --START--
INFO: Run Behavior\BuildLiteBehavior [ RunTime:0.000021s ]
INFO: [ app_init ] --END-- [ RunTime:0.000575s ]
INFO: [ app_begin ] --START--
INFO: Run Behavior\ReadHtmlCacheBehavior [ RunTime:0.001023s ]
INFO: [ app_begin ] --END-- [ RunTime:0.001122s ]
INFO: [ view_parse ] --START--
INFO: [ template_filter ] --START--
INFO: Run Behavior\ContentReplaceBehavior [ RunTime:0.000054s ]
INFO: [ template_filter ] --END-- [ RunTime:0.000115s ]
INFO: Run Behavior\ParseTemplateBehavior [ RunTime:0.006726s ]
INFO: [ view_parse ] --END-- [ RunTime:0.006825s ]
INFO: [ view_filter ] --START--
INFO: Run Behavior\WriteHtmlCacheBehavior [ RunTime:0.000322s ]
INFO: [ view_filter ] --END-- [ RunTime:0.000373s ]
INFO: [ app_end ] --START--
INFO: Run Behavior\ShowPageTraceBehavior [ RunTime:0.000535s ]
INFO: [ app_end ] --END-- [ RunTime:0.000595s ]

[ 2017-06-12T08:47:36+08:00 ] 127.0.0.1 /index.php?c=setting
INFO: [ app_init ] --START--
INFO: Run Behavior\BuildLiteBehavior [ RunTime:0.000022s ]
INFO: [ app_init ] --END-- [ RunTime:0.000424s ]
INFO: [ app_begin ] --START--
INFO: Run Behavior\ReadHtmlCacheBehavior [ RunTime:0.000476s ]
INFO: [ app_begin ] --END-- [ RunTime:0.000538s ]
INFO: [ view_parse ] --START--
INFO: [ template_filter ] --START--
INFO: Run Behavior\ContentReplaceBehavior [ RunTime:0.000071s ]
INFO: [ template_filter ] --END-- [ RunTime:0.000163s ]
INFO: Run Behavior\ParseTemplateBehavior [ RunTime:0.007789s ]
INFO: [ view_parse ] --END-- [ RunTime:0.007862s ]
INFO: [ view_filter ] --START--
INFO: Run Behavior\WriteHtmlCacheBehavior [ RunTime:0.000383s ]
INFO: [ view_filter ] --END-- [ RunTime:0.000456s ]
INFO: [ app_end ] --START--
INFO: Run Behavior\ShowPageTraceBehavior [ RunTime:0.000625s ]
INFO: [ app_end ] --END-- [ RunTime:0.000692s ]

[ 2017-06-12T08:47:37+08:00 ] 127.0.0.1 /index.php?c=setting&a=notice
INFO: [ app_init ] --START--
INFO: Run Behavior\BuildLiteBehavior [ RunTime:0.000015s ]
INFO: [ app_init ] --END-- [ RunTime:0.000381s ]
INFO: [ app_begin ] --START--
INFO: Run Behavior\ReadHtmlCacheBehavior [ RunTime:0.000489s ]
INFO: [ app_begin ] --END-- [ RunTime:0.000545s ]
INFO: [ view_parse ] --START--
INFO: [ template_filter ] --START--
INFO: Run Behavior\ContentReplaceBehavior [ RunTime:0.000044s ]
INFO: [ template_filter ] --END-- [ RunTime:0.000101s ]
INFO: Run Behavior\ParseTemplateBehavior [ RunTime:0.036167s ]
INFO: [ view_parse ] --END-- [ RunTime:0.036262s ]
INFO: [ view_filter ] --START--
INFO: Run Behavior\WriteHtmlCacheBehavior [ RunTime:0.000301s ]
INFO: [ view_filter ] --END-- [ RunTime:0.000371s ]
INFO: [ app_end ] --START--
INFO: Run Behavior\ShowPageTraceBehavior [ RunTime:0.000595s ]
INFO: [ app_end ] --END-- [ RunTime:0.000656s ]

[ 2017-06-12T08:47:44+08:00 ] 127.0.0.1 /index.php?c=index
INFO: [ app_init ] --START--
INFO: Run Behavior\BuildLiteBehavior [ RunTime:0.000016s ]
INFO: [ app_init ] --END-- [ RunTime:0.000436s ]
INFO: [ app_begin ] --START--
INFO: Run Behavior\ReadHtmlCacheBehavior [ RunTime:0.000507s ]
INFO: [ app_begin ] --END-- [ RunTime:0.000574s ]
INFO: [ view_parse ] --START--
INFO: [ template_filter ] --START--
INFO: Run Behavior\ContentReplaceBehavior [ RunTime:0.000055s ]
INFO: [ template_filter ] --END-- [ RunTime:0.000122s ]
INFO: Run Behavior\ParseTemplateBehavior [ RunTime:0.009083s ]
INFO: [ view_parse ] --END-- [ RunTime:0.009156s ]
INFO: [ view_filter ] --START--
INFO: Run Behavior\WriteHtmlCacheBehavior [ RunTime:0.000282s ]
INFO: [ view_filter ] --END-- [ RunTime:0.000340s ]
INFO: [ app_end ] --START--
INFO: Run Behavior\ShowPageTraceBehavior [ RunTime:0.000485s ]
INFO: [ app_end ] --END-- [ RunTime:0.000538s ]

[ 2017-06-12T14:02:54+08:00 ] 127.0.0.1 /
INFO: [ app_init ] --START--
INFO: Run Behavior\BuildLiteBehavior [ RunTime:0.000020s ]
INFO: [ app_init ] --END-- [ RunTime:0.011579s ]
INFO: [ app_begin ] --START--
INFO: Run Behavior\ReadHtmlCacheBehavior [ RunTime:0.016484s ]
INFO: [ app_begin ] --END-- [ RunTime:0.016567s ]
NOTIC: [8] Undefined index: u_id D:\phpStudy\WWW\wap\Application\Home\Controller\CommonController.class.php 第 12 行.
NOTIC: [8] Undefined variable: module D:\phpStudy\WWW\wap\ThinkPHP\Common\functions.php 第 990 行.
NOTIC: [8] Undefined variable: var D:\phpStudy\WWW\wap\ThinkPHP\Common\functions.php 第 990 行.
NOTIC: [2] array_reverse() expects parameter 1 to be array, null given D:\phpStudy\WWW\wap\ThinkPHP\Common\functions.php 第 990 行.
NOTIC: [2] http_build_query() [<a href='function.http-build-query'>function.http-build-query</a>]: Parameter 1 expected to be Array or Object.  Incorrect value given D:\phpStudy\WWW\wap\ThinkPHP\Common\functions.php 第 990 行.

[ 2017-06-12T14:02:54+08:00 ] 127.0.0.1 /index.php?m=&&c=login
INFO: [ app_init ] --START--
INFO: Run Behavior\BuildLiteBehavior [ RunTime:0.000026s ]
INFO: [ app_init ] --END-- [ RunTime:0.000604s ]
INFO: [ app_begin ] --START--
INFO: Run Behavior\ReadHtmlCacheBehavior [ RunTime:0.000574s ]
INFO: [ app_begin ] --END-- [ RunTime:0.000665s ]
INFO: [ view_parse ] --START--
INFO: [ template_filter ] --START--
INFO: Run Behavior\ContentReplaceBehavior [ RunTime:0.000124s ]
INFO: [ template_filter ] --END-- [ RunTime:0.000378s ]
INFO: Run Behavior\ParseTemplateBehavior [ RunTime:0.137186s ]
INFO: [ view_parse ] --END-- [ RunTime:0.137275s ]
INFO: [ view_filter ] --START--
INFO: Run Behavior\WriteHtmlCacheBehavior [ RunTime:0.012127s ]
INFO: [ view_filter ] --END-- [ RunTime:0.012193s ]
INFO: [ app_end ] --START--
INFO: Run Behavior\ShowPageTraceBehavior [ RunTime:0.008259s ]
INFO: [ app_end ] --END-- [ RunTime:0.008330s ]

[ 2017-06-12T14:03:24+08:00 ] 127.0.0.1 /index.php?c=login&a=login
INFO: [ app_init ] --START--
INFO: Run Behavior\BuildLiteBehavior [ RunTime:0.000023s ]
INFO: [ app_init ] --END-- [ RunTime:0.000611s ]
INFO: [ app_begin ] --START--
INFO: Run Behavior\ReadHtmlCacheBehavior [ RunTime:0.000733s ]
INFO: [ app_begin ] --END-- [ RunTime:0.000798s ]
INFO: [ view_parse ] --START--
INFO: [ template_filter ] --START--
INFO: Run Behavior\ContentReplaceBehavior [ RunTime:0.000045s ]
INFO: [ template_filter ] --END-- [ RunTime:0.000109s ]
NOTIC: [8] Undefined variable: state D:\phpStudy\WWW\wap\Application\Runtime\Cache\Home\50c9f5d2ef37c2cf131d5cf1381d3a4b.php 第 16 行.
INFO: Run Behavior\ParseTemplateBehavior [ RunTime:0.018699s ]
INFO: [ view_parse ] --END-- [ RunTime:0.018771s ]
INFO: [ view_filter ] --START--
INFO: Run Behavior\WriteHtmlCacheBehavior [ RunTime:0.000462s ]
INFO: [ view_filter ] --END-- [ RunTime:0.000512s ]

[ 2017-06-12T14:03:29+08:00 ] 127.0.0.1 /index.php?c=login&a=login
INFO: [ app_init ] --START--
INFO: Run Behavior\BuildLiteBehavior [ RunTime:0.000016s ]
INFO: [ app_init ] --END-- [ RunTime:0.000391s ]
INFO: [ app_begin ] --START--
INFO: Run Behavior\ReadHtmlCacheBehavior [ RunTime:0.000522s ]
INFO: [ app_begin ] --END-- [ RunTime:0.000590s ]
NOTIC: [2] Missing argument 4 for request(), called in D:\phpStudy\WWW\wap\Application\Home\Controller\LoginController.class.php on line 20 and defined D:\phpStudy\WWW\wap\Application\Common\Common\function.php 第 45 行.
NOTIC: [2] Missing argument 4 for request(), called in D:\phpStudy\WWW\wap\Application\Home\Controller\LoginController.class.php on line 21 and defined D:\phpStudy\WWW\wap\Application\Common\Common\function.php 第 45 行.
SQL: SHOW COLUMNS FROM `user` [ RunTime:0.0210s ]
SQL: SELECT * FROM `user` WHERE ( username="root" ) LIMIT 1   [ RunTime:0.0004s ]
NOTIC: [8] A session had already been started - ignoring session_start() D:\phpStudy\WWW\wap\Application\Common\Common\function.php 第 103 行.
NOTIC: [8] Undefined variable: module D:\phpStudy\WWW\wap\ThinkPHP\Common\functions.php 第 990 行.
NOTIC: [8] Undefined variable: var D:\phpStudy\WWW\wap\ThinkPHP\Common\functions.php 第 990 行.
NOTIC: [2] array_reverse() expects parameter 1 to be array, null given D:\phpStudy\WWW\wap\ThinkPHP\Common\functions.php 第 990 行.
NOTIC: [2] http_build_query() [<a href='function.http-build-query'>function.http-build-query</a>]: Parameter 1 expected to be Array or Object.  Incorrect value given D:\phpStudy\WWW\wap\ThinkPHP\Common\functions.php 第 990 行.

[ 2017-06-12T14:03:29+08:00 ] 127.0.0.1 /index.php?m=&&c=index
INFO: [ app_init ] --START--
INFO: Run Behavior\BuildLiteBehavior [ RunTime:0.000022s ]
INFO: [ app_init ] --END-- [ RunTime:0.000564s ]
INFO: [ app_begin ] --START--
INFO: Run Behavior\ReadHtmlCacheBehavior [ RunTime:0.000464s ]
INFO: [ app_begin ] --END-- [ RunTime:0.000527s ]
INFO: [ view_parse ] --START--
INFO: [ template_filter ] --START--
INFO: Run Behavior\ContentReplaceBehavior [ RunTime:0.000055s ]
INFO: [ template_filter ] --END-- [ RunTime:0.000118s ]
INFO: Run Behavior\ParseTemplateBehavior [ RunTime:0.043350s ]
INFO: [ view_parse ] --END-- [ RunTime:0.043462s ]
INFO: [ view_filter ] --START--
INFO: Run Behavior\WriteHtmlCacheBehavior [ RunTime:0.000282s ]
INFO: [ view_filter ] --END-- [ RunTime:0.000331s ]
INFO: [ app_end ] --START--
INFO: Run Behavior\ShowPageTraceBehavior [ RunTime:0.000636s ]
INFO: [ app_end ] --END-- [ RunTime:0.000688s ]

[ 2017-06-12T14:03:36+08:00 ] 127.0.0.1 /index.php?c=plan
INFO: [ app_init ] --START--
INFO: Run Behavior\BuildLiteBehavior [ RunTime:0.000022s ]
INFO: [ app_init ] --END-- [ RunTime:0.000549s ]
INFO: [ app_begin ] --START--
INFO: Run Behavior\ReadHtmlCacheBehavior [ RunTime:0.000683s ]
INFO: [ app_begin ] --END-- [ RunTime:0.000775s ]
NOTIC: [2048] Declaration of Home\Controller\PlanController::show() should be compatible with that of Think\Controller::show() D:\phpStudy\WWW\wap\Application\Home\Controller\PlanController.class.php 第 11 行.
SQL: SHOW COLUMNS FROM `u_plan` [ RunTime:0.0202s ]
NOTIC: [2] Missing argument 1 for Think\Model::where(), called in D:\phpStudy\WWW\wap\Application\Common\Model\U_PlanModel.class.php on line 18 and defined D:\phpStudy\WWW\wap\ThinkPHP\Library\Think\Model.class.php 第 1797 行.
NOTIC: [8] Undefined variable: where D:\phpStudy\WWW\wap\ThinkPHP\Library\Think\Model.class.php 第 1805 行.
NOTIC: [8] Undefined variable: where D:\phpStudy\WWW\wap\ThinkPHP\Library\Think\Model.class.php 第 1808 行.
NOTIC: [8] Undefined variable: where D:\phpStudy\WWW\wap\ThinkPHP\Library\Think\Model.class.php 第 1816 行.
SQL: SELECT * FROM `u_plan`  [ RunTime:0.0003s ]
INFO: [ view_parse ] --START--
INFO: [ template_filter ] --START--
INFO: Run Behavior\ContentReplaceBehavior [ RunTime:0.000053s ]
INFO: [ template_filter ] --END-- [ RunTime:0.000115s ]
NOTIC: [8] Undefined variable: p_name D:\phpStudy\WWW\wap\Application\Runtime\Cache\Home\ca44bde0ac502aa9de353798181f7169.php 第 41 行.
INFO: Run Behavior\ParseTemplateBehavior [ RunTime:0.049388s ]
INFO: [ view_parse ] --END-- [ RunTime:0.049480s ]
INFO: [ view_filter ] --START--
INFO: Run Behavior\WriteHtmlCacheBehavior [ RunTime:0.000281s ]
INFO: [ view_filter ] --END-- [ RunTime:0.000329s ]
INFO: [ app_end ] --START--
INFO: Run Behavior\ShowPageTraceBehavior [ RunTime:0.000471s ]
INFO: [ app_end ] --END-- [ RunTime:0.000529s ]

[ 2017-06-12T14:03:38+08:00 ] 127.0.0.1 /index.php?c=earning
INFO: [ app_init ] --START--
INFO: Run Behavior\BuildLiteBehavior [ RunTime:0.000024s ]
INFO: [ app_init ] --END-- [ RunTime:0.000505s ]
INFO: [ app_begin ] --START--
INFO: Run Behavior\ReadHtmlCacheBehavior [ RunTime:0.000812s ]
INFO: [ app_begin ] --END-- [ RunTime:0.000936s ]
SQL: SHOW COLUMNS FROM `user` [ RunTime:0.1022s ]
SQL: SELECT * FROM `user` WHERE `u_id` = 1 LIMIT 1   [ RunTime:0.0010s ]
INFO: [ view_parse ] --START--
INFO: [ template_filter ] --START--
INFO: Run Behavior\ContentReplaceBehavior [ RunTime:0.000049s ]
INFO: [ template_filter ] --END-- [ RunTime:0.000113s ]
INFO: Run Behavior\ParseTemplateBehavior [ RunTime:0.056018s ]
INFO: [ view_parse ] --END-- [ RunTime:0.056163s ]
INFO: [ view_filter ] --START--
INFO: Run Behavior\WriteHtmlCacheBehavior [ RunTime:0.000276s ]
INFO: [ view_filter ] --END-- [ RunTime:0.000324s ]
INFO: [ app_end ] --START--
INFO: Run Behavior\ShowPageTraceBehavior [ RunTime:0.000462s ]
INFO: [ app_end ] --END-- [ RunTime:0.000512s ]

[ 2017-06-12T14:03:40+08:00 ] 127.0.0.1 /index.php?c=setting
INFO: [ app_init ] --START--
INFO: Run Behavior\BuildLiteBehavior [ RunTime:0.000023s ]
INFO: [ app_init ] --END-- [ RunTime:0.000536s ]
INFO: [ app_begin ] --START--
INFO: Run Behavior\ReadHtmlCacheBehavior [ RunTime:0.000484s ]
INFO: [ app_begin ] --END-- [ RunTime:0.000554s ]
INFO: [ view_parse ] --START--
INFO: [ template_filter ] --START--
INFO: Run Behavior\ContentReplaceBehavior [ RunTime:0.000048s ]
INFO: [ template_filter ] --END-- [ RunTime:0.000114s ]
INFO: Run Behavior\ParseTemplateBehavior [ RunTime:0.040063s ]
INFO: [ view_parse ] --END-- [ RunTime:0.040160s ]
INFO: [ view_filter ] --START--
INFO: Run Behavior\WriteHtmlCacheBehavior [ RunTime:0.000296s ]
INFO: [ view_filter ] --END-- [ RunTime:0.000346s ]
INFO: [ app_end ] --START--
INFO: Run Behavior\ShowPageTraceBehavior [ RunTime:0.000477s ]
INFO: [ app_end ] --END-- [ RunTime:0.000526s ]

[ 2017-06-12T14:03:42+08:00 ] 127.0.0.1 /index.php?c=earning
INFO: [ app_init ] --START--
INFO: Run Behavior\BuildLiteBehavior [ RunTime:0.000017s ]
INFO: [ app_init ] --END-- [ RunTime:0.000394s ]
INFO: [ app_begin ] --START--
INFO: Run Behavior\ReadHtmlCacheBehavior [ RunTime:0.000782s ]
INFO: [ app_begin ] --END-- [ RunTime:0.000900s ]
SQL: SHOW COLUMNS FROM `user` [ RunTime:0.0113s ]
SQL: SELECT * FROM `user` WHERE `u_id` = 1 LIMIT 1   [ RunTime:0.0003s ]
INFO: [ view_parse ] --START--
INFO: [ template_filter ] --START--
INFO: Run Behavior\ContentReplaceBehavior [ RunTime:0.000049s ]
INFO: [ template_filter ] --END-- [ RunTime:0.000103s ]
INFO: Run Behavior\ParseTemplateBehavior [ RunTime:0.007168s ]
INFO: [ view_parse ] --END-- [ RunTime:0.007258s ]
INFO: [ view_filter ] --START--
INFO: Run Behavior\WriteHtmlCacheBehavior [ RunTime:0.000360s ]
INFO: [ view_filter ] --END-- [ RunTime:0.000464s ]
INFO: [ app_end ] --START--
INFO: Run Behavior\ShowPageTraceBehavior [ RunTime:0.000670s ]
INFO: [ app_end ] --END-- [ RunTime:0.000748s ]

