[ 2017-06-07T10:04:14+08:00 ] 127.0.0.1 /Public/img/projection.png
INFO: [ app_init ] --START--
INFO: Run Behavior\BuildLiteBehavior [ RunTime:0.000031s ]
INFO: [ app_init ] --END-- [ RunTime:0.000798s ]
ERR: 无法加载模块:Public

[ 2017-06-07T10:06:19+08:00 ] 127.0.0.1 /Public/img/projection.png
INFO: [ app_init ] --START--
INFO: Run Behavior\BuildLiteBehavior [ RunTime:0.000028s ]
INFO: [ app_init ] --END-- [ RunTime:0.000768s ]
ERR: 无法加载模块:Public

[ 2017-06-07T10:06:20+08:00 ] 127.0.0.1 /Public/img/projection.png
INFO: [ app_init ] --START--
INFO: Run Behavior\BuildLiteBehavior [ RunTime:0.000029s ]
INFO: [ app_init ] --END-- [ RunTime:0.000710s ]
ERR: 无法加载模块:Public

[ 2017-06-07T10:08:17+08:00 ] 127.0.0.1 /Public/img/projection.png
INFO: [ app_init ] --START--
INFO: Run Behavior\BuildLiteBehavior [ RunTime:0.000027s ]
INFO: [ app_init ] --END-- [ RunTime:0.000666s ]
ERR: 无法加载模块:Public

[ 2017-06-07T10:08:19+08:00 ] 127.0.0.1 /Public/img/projection.png
INFO: [ app_init ] --START--
INFO: Run Behavior\BuildLiteBehavior [ RunTime:0.000028s ]
INFO: [ app_init ] --END-- [ RunTime:0.000725s ]
ERR: 无法加载模块:Public

[ 2017-06-07T10:11:22+08:00 ] 127.0.0.1 /Public/img/projection.png
INFO: [ app_init ] --START--
INFO: Run Behavior\BuildLiteBehavior [ RunTime:0.000037s ]
INFO: [ app_init ] --END-- [ RunTime:0.000537s ]
ERR: 无法加载模块:Public

[ 2017-06-07T10:11:24+08:00 ] 127.0.0.1 /Public/css/images/ajax-loader.gif
INFO: [ app_init ] --START--
INFO: Run Behavior\BuildLiteBehavior [ RunTime:0.000016s ]
INFO: [ app_init ] --END-- [ RunTime:0.000463s ]
ERR: 无法加载模块:Public

[ 2017-06-07T10:11:24+08:00 ] 127.0.0.1 /Public/js/jquery.mobile-1.4.5.min.map
INFO: [ app_init ] --START--
INFO: Run Behavior\BuildLiteBehavior [ RunTime:0.000016s ]
INFO: [ app_init ] --END-- [ RunTime:0.000509s ]
ERR: 无法加载模块:Public

[ 2017-06-07T10:13:30+08:00 ] 127.0.0.1 /Public/img/projection.png
INFO: [ app_init ] --START--
INFO: Run Behavior\BuildLiteBehavior [ RunTime:0.000027s ]
INFO: [ app_init ] --END-- [ RunTime:0.000757s ]
ERR: 无法加载模块:Public

[ 2017-06-07T10:13:31+08:00 ] 127.0.0.1 /Public/css/images/ajax-loader.gif
INFO: [ app_init ] --START--
INFO: Run Behavior\BuildLiteBehavior [ RunTime:0.000017s ]
INFO: [ app_init ] --END-- [ RunTime:0.000475s ]
ERR: 无法加载模块:Public

[ 2017-06-07T10:13:31+08:00 ] 127.0.0.1 /Public/js/jquery.mobile-1.4.5.min.map
INFO: [ app_init ] --START--
INFO: Run Behavior\BuildLiteBehavior [ RunTime:0.000034s ]
INFO: [ app_init ] --END-- [ RunTime:0.000886s ]
ERR: 无法加载模块:Public

[ 2017-06-07T10:14:59+08:00 ] 127.0.0.1 /Public/img/projection.png
INFO: [ app_init ] --START--
INFO: Run Behavior\BuildLiteBehavior [ RunTime:0.000024s ]
INFO: [ app_init ] --END-- [ RunTime:0.000677s ]
ERR: 无法加载模块:Public

[ 2017-06-07T10:21:00+08:00 ] 127.0.0.1 /Public/img/projection.png
INFO: [ app_init ] --START--
INFO: Run Behavior\BuildLiteBehavior [ RunTime:0.000029s ]
INFO: [ app_init ] --END-- [ RunTime:0.000815s ]
ERR: 无法加载模块:Public

[ 2017-06-07T10:21:38+08:00 ] 127.0.0.1 /Public/img/projection.png
INFO: [ app_init ] --START--
INFO: Run Behavior\BuildLiteBehavior [ RunTime:0.000023s ]
INFO: [ app_init ] --END-- [ RunTime:0.000704s ]
ERR: 无法加载模块:Public

[ 2017-06-07T10:21:39+08:00 ] 127.0.0.1 /Public/css/images/ajax-loader.gif
INFO: [ app_init ] --START--
INFO: Run Behavior\BuildLiteBehavior [ RunTime:0.000026s ]
INFO: [ app_init ] --END-- [ RunTime:0.000731s ]
ERR: 无法加载模块:Public

[ 2017-06-07T10:21:39+08:00 ] 127.0.0.1 /Public/js/jquery.mobile-1.4.5.min.map
INFO: [ app_init ] --START--
INFO: Run Behavior\BuildLiteBehavior [ RunTime:0.000018s ]
INFO: [ app_init ] --END-- [ RunTime:0.000652s ]
ERR: 无法加载模块:Public

[ 2017-06-07T10:21:43+08:00 ] 127.0.0.1 /Public/css/images/ajax-loader.gif
INFO: [ app_init ] --START--
INFO: Run Behavior\BuildLiteBehavior [ RunTime:0.000030s ]
INFO: [ app_init ] --END-- [ RunTime:0.000783s ]
ERR: 无法加载模块:Public

[ 2017-06-07T10:21:43+08:00 ] 127.0.0.1 /Public/js/jquery.mobile-1.4.5.min.map
INFO: [ app_init ] --START--
INFO: Run Behavior\BuildLiteBehavior [ RunTime:0.000030s ]
INFO: [ app_init ] --END-- [ RunTime:0.000818s ]
ERR: 无法加载模块:Public

[ 2017-06-07T10:21:48+08:00 ] 127.0.0.1 /Public/img/projection.png
INFO: [ app_init ] --START--
INFO: Run Behavior\BuildLiteBehavior [ RunTime:0.000029s ]
INFO: [ app_init ] --END-- [ RunTime:0.000942s ]
ERR: 无法加载模块:Public

[ 2017-06-07T10:21:49+08:00 ] 127.0.0.1 /Public/img/projection.png
INFO: [ app_init ] --START--
INFO: Run Behavior\BuildLiteBehavior [ RunTime:0.000023s ]
INFO: [ app_init ] --END-- [ RunTime:0.000662s ]
ERR: 无法加载模块:Public

[ 2017-06-07T10:21:50+08:00 ] 127.0.0.1 /Public/css/images/ajax-loader.gif
INFO: [ app_init ] --START--
INFO: Run Behavior\BuildLiteBehavior [ RunTime:0.000019s ]
INFO: [ app_init ] --END-- [ RunTime:0.000527s ]
ERR: 无法加载模块:Public

[ 2017-06-07T10:21:50+08:00 ] 127.0.0.1 /Public/js/jquery.mobile-1.4.5.min.map
INFO: [ app_init ] --START--
INFO: Run Behavior\BuildLiteBehavior [ RunTime:0.000028s ]
INFO: [ app_init ] --END-- [ RunTime:0.000705s ]
ERR: 无法加载模块:Public

[ 2017-06-07T10:21:58+08:00 ] 127.0.0.1 /Public/img/projection.png
INFO: [ app_init ] --START--
INFO: Run Behavior\BuildLiteBehavior [ RunTime:0.000023s ]
INFO: [ app_init ] --END-- [ RunTime:0.000722s ]
ERR: 无法加载模块:Public

[ 2017-06-07T10:21:59+08:00 ] 127.0.0.1 /Public/img/projection.png
INFO: [ app_init ] --START--
INFO: Run Behavior\BuildLiteBehavior [ RunTime:0.000029s ]
INFO: [ app_init ] --END-- [ RunTime:0.000738s ]
ERR: 无法加载模块:Public

[ 2017-06-07T10:22:00+08:00 ] 127.0.0.1 /Public/css/images/ajax-loader.gif
INFO: [ app_init ] --START--
INFO: Run Behavior\BuildLiteBehavior [ RunTime:0.000024s ]
INFO: [ app_init ] --END-- [ RunTime:0.000694s ]
ERR: 无法加载模块:Public

[ 2017-06-07T10:22:00+08:00 ] 127.0.0.1 /Public/js/jquery.mobile-1.4.5.min.map
INFO: [ app_init ] --START--
INFO: Run Behavior\BuildLiteBehavior [ RunTime:0.000024s ]
INFO: [ app_init ] --END-- [ RunTime:0.000761s ]
ERR: 无法加载模块:Public

[ 2017-06-07T10:22:34+08:00 ] 127.0.0.1 /Public/css/images/ajax-loader.gif
INFO: [ app_init ] --START--
INFO: Run Behavior\BuildLiteBehavior [ RunTime:0.000029s ]
INFO: [ app_init ] --END-- [ RunTime:0.000850s ]
ERR: 无法加载模块:Public

[ 2017-06-07T10:22:34+08:00 ] 127.0.0.1 /Public/js/jquery.mobile-1.4.5.min.map
INFO: [ app_init ] --START--
INFO: Run Behavior\BuildLiteBehavior [ RunTime:0.000037s ]
INFO: [ app_init ] --END-- [ RunTime:0.001705s ]
ERR: 无法加载模块:Public

[ 2017-06-07T10:22:49+08:00 ] 127.0.0.1 /Public/css/images/ajax-loader.gif
INFO: [ app_init ] --START--
INFO: Run Behavior\BuildLiteBehavior [ RunTime:0.000023s ]
INFO: [ app_init ] --END-- [ RunTime:0.000694s ]
ERR: 无法加载模块:Public

[ 2017-06-07T10:22:49+08:00 ] 127.0.0.1 /Public/js/jquery.mobile-1.4.5.min.map
INFO: [ app_init ] --START--
INFO: Run Behavior\BuildLiteBehavior [ RunTime:0.000017s ]
INFO: [ app_init ] --END-- [ RunTime:0.000645s ]
ERR: 无法加载模块:Public

[ 2017-06-07T10:22:56+08:00 ] 127.0.0.1 /Public/css/images/ajax-loader.gif
INFO: [ app_init ] --START--
INFO: Run Behavior\BuildLiteBehavior [ RunTime:0.000030s ]
INFO: [ app_init ] --END-- [ RunTime:0.000796s ]
ERR: 无法加载模块:Public

[ 2017-06-07T10:22:56+08:00 ] 127.0.0.1 /Public/js/jquery.mobile-1.4.5.min.map
INFO: [ app_init ] --START--
INFO: Run Behavior\BuildLiteBehavior [ RunTime:0.000028s ]
INFO: [ app_init ] --END-- [ RunTime:0.000737s ]
ERR: 无法加载模块:Public

[ 2017-06-07T10:23:07+08:00 ] 127.0.0.1 /Public/css/images/ajax-loader.gif
INFO: [ app_init ] --START--
INFO: Run Behavior\BuildLiteBehavior [ RunTime:0.000017s ]
INFO: [ app_init ] --END-- [ RunTime:0.000470s ]
ERR: 无法加载模块:Public

[ 2017-06-07T10:23:07+08:00 ] 127.0.0.1 /Public/js/jquery.mobile-1.4.5.min.map
INFO: [ app_init ] --START--
INFO: Run Behavior\BuildLiteBehavior [ RunTime:0.000029s ]
INFO: [ app_init ] --END-- [ RunTime:0.001773s ]
ERR: 无法加载模块:Public

[ 2017-06-07T10:23:22+08:00 ] 127.0.0.1 /Public/css/images/ajax-loader.gif
INFO: [ app_init ] --START--
INFO: Run Behavior\BuildLiteBehavior [ RunTime:0.000016s ]
INFO: [ app_init ] --END-- [ RunTime:0.000473s ]
ERR: 无法加载模块:Public

[ 2017-06-07T10:23:22+08:00 ] 127.0.0.1 /Public/js/jquery.mobile-1.4.5.min.map
INFO: [ app_init ] --START--
INFO: Run Behavior\BuildLiteBehavior [ RunTime:0.000017s ]
INFO: [ app_init ] --END-- [ RunTime:0.000473s ]
ERR: 无法加载模块:Public

[ 2017-06-07T10:23:48+08:00 ] 127.0.0.1 /Public/css/images/ajax-loader.gif
INFO: [ app_init ] --START--
INFO: Run Behavior\BuildLiteBehavior [ RunTime:0.000031s ]
INFO: [ app_init ] --END-- [ RunTime:0.000591s ]
ERR: 无法加载模块:Public

[ 2017-06-07T10:23:48+08:00 ] 127.0.0.1 /Public/js/jquery.mobile-1.4.5.min.map
INFO: [ app_init ] --START--
INFO: Run Behavior\BuildLiteBehavior [ RunTime:0.000029s ]
INFO: [ app_init ] --END-- [ RunTime:0.000761s ]
ERR: 无法加载模块:Public

[ 2017-06-07T10:24:03+08:00 ] 127.0.0.1 /Public/css/images/ajax-loader.gif
INFO: [ app_init ] --START--
INFO: Run Behavior\BuildLiteBehavior [ RunTime:0.000018s ]
INFO: [ app_init ] --END-- [ RunTime:0.000499s ]
ERR: 无法加载模块:Public

[ 2017-06-07T10:24:03+08:00 ] 127.0.0.1 /Public/js/jquery.mobile-1.4.5.min.map
INFO: [ app_init ] --START--
INFO: Run Behavior\BuildLiteBehavior [ RunTime:0.000030s ]
INFO: [ app_init ] --END-- [ RunTime:0.002945s ]
ERR: 无法加载模块:Public

[ 2017-06-07T10:24:06+08:00 ] 127.0.0.1 /Public/css/images/ajax-loader.gif
INFO: [ app_init ] --START--
INFO: Run Behavior\BuildLiteBehavior [ RunTime:0.000077s ]
INFO: [ app_init ] --END-- [ RunTime:0.001037s ]
ERR: 无法加载模块:Public

[ 2017-06-07T10:24:06+08:00 ] 127.0.0.1 /Public/js/jquery.mobile-1.4.5.min.map
INFO: [ app_init ] --START--
INFO: Run Behavior\BuildLiteBehavior [ RunTime:0.000083s ]
INFO: [ app_init ] --END-- [ RunTime:0.001529s ]
ERR: 无法加载模块:Public

[ 2017-06-07T10:24:08+08:00 ] 127.0.0.1 /Public/css/images/ajax-loader.gif
INFO: [ app_init ] --START--
INFO: Run Behavior\BuildLiteBehavior [ RunTime:0.000032s ]
INFO: [ app_init ] --END-- [ RunTime:0.000846s ]
ERR: 无法加载模块:Public

[ 2017-06-07T10:24:08+08:00 ] 127.0.0.1 /Public/js/jquery.mobile-1.4.5.min.map
INFO: [ app_init ] --START--
INFO: Run Behavior\BuildLiteBehavior [ RunTime:0.000025s ]
INFO: [ app_init ] --END-- [ RunTime:0.001445s ]
ERR: 无法加载模块:Public

[ 2017-06-07T10:24:30+08:00 ] 127.0.0.1 /Public/img/projection.png
INFO: [ app_init ] --START--
INFO: Run Behavior\BuildLiteBehavior [ RunTime:0.000017s ]
INFO: [ app_init ] --END-- [ RunTime:0.000459s ]
ERR: 无法加载模块:Public

[ 2017-06-07T10:24:32+08:00 ] 127.0.0.1 /Public/css/images/ajax-loader.gif
INFO: [ app_init ] --START--
INFO: Run Behavior\BuildLiteBehavior [ RunTime:0.000034s ]
INFO: [ app_init ] --END-- [ RunTime:0.000709s ]
ERR: 无法加载模块:Public

[ 2017-06-07T10:24:32+08:00 ] 127.0.0.1 /Public/js/jquery.mobile-1.4.5.min.map
INFO: [ app_init ] --START--
INFO: Run Behavior\BuildLiteBehavior [ RunTime:0.000017s ]
INFO: [ app_init ] --END-- [ RunTime:0.000458s ]
ERR: 无法加载模块:Public

[ 2017-06-07T10:26:58+08:00 ] 127.0.0.1 /Public/img/projection.png
INFO: [ app_init ] --START--
INFO: Run Behavior\BuildLiteBehavior [ RunTime:0.000029s ]
INFO: [ app_init ] --END-- [ RunTime:0.000754s ]
ERR: 无法加载模块:Public

[ 2017-06-07T10:27:12+08:00 ] 127.0.0.1 /Public/css/images/ajax-loader.gif
INFO: [ app_init ] --START--
INFO: Run Behavior\BuildLiteBehavior [ RunTime:0.000047s ]
INFO: [ app_init ] --END-- [ RunTime:0.000844s ]
ERR: 无法加载模块:Public

[ 2017-06-07T10:27:12+08:00 ] 127.0.0.1 /Public/js/jquery.mobile-1.4.5.min.map
INFO: [ app_init ] --START--
INFO: Run Behavior\BuildLiteBehavior [ RunTime:0.000030s ]
INFO: [ app_init ] --END-- [ RunTime:0.000817s ]
ERR: 无法加载模块:Public

[ 2017-06-07T10:27:13+08:00 ] 127.0.0.1 /Public/img/projection.png
INFO: [ app_init ] --START--
INFO: Run Behavior\BuildLiteBehavior [ RunTime:0.000029s ]
INFO: [ app_init ] --END-- [ RunTime:0.000795s ]
ERR: 无法加载模块:Public

[ 2017-06-07T10:27:15+08:00 ] 127.0.0.1 /Public/img/projection.png
INFO: [ app_init ] --START--
INFO: Run Behavior\BuildLiteBehavior [ RunTime:0.000026s ]
INFO: [ app_init ] --END-- [ RunTime:0.000786s ]
ERR: 无法加载模块:Public

[ 2017-06-07T10:27:18+08:00 ] 127.0.0.1 /Public/css/images/ajax-loader.gif
INFO: [ app_init ] --START--
INFO: Run Behavior\BuildLiteBehavior [ RunTime:0.000022s ]
INFO: [ app_init ] --END-- [ RunTime:0.000673s ]
ERR: 无法加载模块:Public

[ 2017-06-07T10:27:18+08:00 ] 127.0.0.1 /Public/js/jquery.mobile-1.4.5.min.map
INFO: [ app_init ] --START--
INFO: Run Behavior\BuildLiteBehavior [ RunTime:0.000018s ]
INFO: [ app_init ] --END-- [ RunTime:0.000466s ]
ERR: 无法加载模块:Public

[ 2017-06-07T10:27:24+08:00 ] 127.0.0.1 /Public/img/projection.png
INFO: [ app_init ] --START--
INFO: Run Behavior\BuildLiteBehavior [ RunTime:0.000022s ]
INFO: [ app_init ] --END-- [ RunTime:0.000701s ]
ERR: 无法加载模块:Public

[ 2017-06-07T10:27:26+08:00 ] 127.0.0.1 /Public/css/images/ajax-loader.gif
INFO: [ app_init ] --START--
INFO: Run Behavior\BuildLiteBehavior [ RunTime:0.000025s ]
INFO: [ app_init ] --END-- [ RunTime:0.000738s ]
ERR: 无法加载模块:Public

[ 2017-06-07T10:27:26+08:00 ] 127.0.0.1 /Public/js/jquery.mobile-1.4.5.min.map
INFO: [ app_init ] --START--
INFO: Run Behavior\BuildLiteBehavior [ RunTime:0.000026s ]
INFO: [ app_init ] --END-- [ RunTime:0.000746s ]
ERR: 无法加载模块:Public

[ 2017-06-07T10:27:34+08:00 ] 127.0.0.1 /Public/img/projection.png
INFO: [ app_init ] --START--
INFO: Run Behavior\BuildLiteBehavior [ RunTime:0.000025s ]
INFO: [ app_init ] --END-- [ RunTime:0.000777s ]
ERR: 无法加载模块:Public

[ 2017-06-07T10:33:08+08:00 ] 127.0.0.1 /Public/img/projection.png
INFO: [ app_init ] --START--
INFO: Run Behavior\BuildLiteBehavior [ RunTime:0.000030s ]
INFO: [ app_init ] --END-- [ RunTime:0.000827s ]
ERR: 无法加载模块:Public

[ 2017-06-07T10:33:15+08:00 ] 127.0.0.1 /Public/css/images/ajax-loader.gif
INFO: [ app_init ] --START--
INFO: Run Behavior\BuildLiteBehavior [ RunTime:0.000017s ]
INFO: [ app_init ] --END-- [ RunTime:0.000468s ]
ERR: 无法加载模块:Public

[ 2017-06-07T10:33:15+08:00 ] 127.0.0.1 /Public/js/jquery.mobile-1.4.5.min.map
INFO: [ app_init ] --START--
INFO: Run Behavior\BuildLiteBehavior [ RunTime:0.000026s ]
INFO: [ app_init ] --END-- [ RunTime:0.000653s ]
ERR: 无法加载模块:Public

[ 2017-06-07T10:33:23+08:00 ] 127.0.0.1 /Public/img/projection.png
INFO: [ app_init ] --START--
INFO: Run Behavior\BuildLiteBehavior [ RunTime:0.000023s ]
INFO: [ app_init ] --END-- [ RunTime:0.000666s ]
ERR: 无法加载模块:Public

[ 2017-06-07T10:34:09+08:00 ] 127.0.0.1 /Public/img/projection.png
INFO: [ app_init ] --START--
INFO: Run Behavior\BuildLiteBehavior [ RunTime:0.000019s ]
INFO: [ app_init ] --END-- [ RunTime:0.000480s ]
ERR: 无法加载模块:Public

[ 2017-06-07T10:34:16+08:00 ] 127.0.0.1 /Public/css/images/ajax-loader.gif
INFO: [ app_init ] --START--
INFO: Run Behavior\BuildLiteBehavior [ RunTime:0.000026s ]
INFO: [ app_init ] --END-- [ RunTime:0.000730s ]
ERR: 无法加载模块:Public

[ 2017-06-07T10:34:16+08:00 ] 127.0.0.1 /Public/js/jquery.mobile-1.4.5.min.map
INFO: [ app_init ] --START--
INFO: Run Behavior\BuildLiteBehavior [ RunTime:0.000035s ]
INFO: [ app_init ] --END-- [ RunTime:0.001015s ]
ERR: 无法加载模块:Public

[ 2017-06-07T10:43:43+08:00 ] 127.0.0.1 /Public/img/projection.png
INFO: [ app_init ] --START--
INFO: Run Behavior\BuildLiteBehavior [ RunTime:0.000017s ]
INFO: [ app_init ] --END-- [ RunTime:0.000481s ]
ERR: 无法加载模块:Public

[ 2017-06-07T10:44:02+08:00 ] 127.0.0.1 /Public/img/projection.png
INFO: [ app_init ] --START--
INFO: Run Behavior\BuildLiteBehavior [ RunTime:0.000026s ]
INFO: [ app_init ] --END-- [ RunTime:0.000776s ]
ERR: 无法加载模块:Public

[ 2017-06-07T11:13:52+08:00 ] 127.0.0.1 /Public/img/projection.png
INFO: [ app_init ] --START--
INFO: Run Behavior\BuildLiteBehavior [ RunTime:0.000022s ]
INFO: [ app_init ] --END-- [ RunTime:0.000676s ]
ERR: 无法加载模块:Public

[ 2017-06-07T11:18:20+08:00 ] 127.0.0.1 /assets/i/examples/admin-firefox.png
INFO: [ app_init ] --START--
INFO: Run Behavior\BuildLiteBehavior [ RunTime:0.000024s ]
INFO: [ app_init ] --END-- [ RunTime:0.000662s ]
ERR: 无法加载模块:Assets

[ 2017-06-07T11:18:20+08:00 ] 127.0.0.1 /assets/i/examples/admin-safari.png
INFO: [ app_init ] --START--
INFO: Run Behavior\BuildLiteBehavior [ RunTime:0.000028s ]
INFO: [ app_init ] --END-- [ RunTime:0.001806s ]
ERR: 无法加载模块:Assets

[ 2017-06-07T11:18:20+08:00 ] 127.0.0.1 /assets/i/examples/admin-ie.png
INFO: [ app_init ] --START--
INFO: Run Behavior\BuildLiteBehavior [ RunTime:0.000022s ]
INFO: [ app_init ] --END-- [ RunTime:0.000650s ]
ERR: 无法加载模块:Assets

[ 2017-06-07T11:18:20+08:00 ] 127.0.0.1 /assets/i/examples/admin-opera.png
INFO: [ app_init ] --START--
INFO: Run Behavior\BuildLiteBehavior [ RunTime:0.000024s ]
INFO: [ app_init ] --END-- [ RunTime:0.000694s ]
ERR: 无法加载模块:Assets

[ 2017-06-07T11:18:20+08:00 ] 127.0.0.1 /assets/i/examples/admin-chrome.png
INFO: [ app_init ] --START--
INFO: Run Behavior\BuildLiteBehavior [ RunTime:0.000028s ]
INFO: [ app_init ] --END-- [ RunTime:0.000697s ]
ERR: 无法加载模块:Assets

[ 2017-06-07T11:19:26+08:00 ] 127.0.0.1 /admin-form.html
INFO: [ app_init ] --START--
INFO: Run Behavior\BuildLiteBehavior [ RunTime:0.000014s ]
INFO: [ app_init ] --END-- [ RunTime:0.000420s ]
ERR: 无法加载模块:Admin-form

[ 2017-06-07T11:19:42+08:00 ] 127.0.0.1 /admin-form.html
INFO: [ app_init ] --START--
INFO: Run Behavior\BuildLiteBehavior [ RunTime:0.000016s ]
INFO: [ app_init ] --END-- [ RunTime:0.000462s ]
ERR: 无法加载模块:Admin-form

[ 2017-06-07T11:19:45+08:00 ] 127.0.0.1 /admin-table.html
INFO: [ app_init ] --START--
INFO: Run Behavior\BuildLiteBehavior [ RunTime:0.000015s ]
INFO: [ app_init ] --END-- [ RunTime:0.000418s ]
ERR: 无法加载模块:Admin-table

[ 2017-06-07T11:19:58+08:00 ] 127.0.0.1 /assets/i/examples/admin-chrome.png
INFO: [ app_init ] --START--
INFO: Run Behavior\BuildLiteBehavior [ RunTime:0.000024s ]
INFO: [ app_init ] --END-- [ RunTime:0.000698s ]
ERR: 无法加载模块:Assets

[ 2017-06-07T11:19:58+08:00 ] 127.0.0.1 /assets/i/examples/admin-firefox.png
INFO: [ app_init ] --START--
INFO: Run Behavior\BuildLiteBehavior [ RunTime:0.000024s ]
INFO: [ app_init ] --END-- [ RunTime:0.000532s ]
ERR: 无法加载模块:Assets

[ 2017-06-07T11:19:58+08:00 ] 127.0.0.1 /assets/i/examples/admin-ie.png
INFO: [ app_init ] --START--
INFO: Run Behavior\BuildLiteBehavior [ RunTime:0.000021s ]
INFO: [ app_init ] --END-- [ RunTime:0.000681s ]
ERR: 无法加载模块:Assets

[ 2017-06-07T11:19:58+08:00 ] 127.0.0.1 /assets/i/examples/admin-safari.png
INFO: [ app_init ] --START--
INFO: Run Behavior\BuildLiteBehavior [ RunTime:0.000022s ]
INFO: [ app_init ] --END-- [ RunTime:0.000670s ]
ERR: 无法加载模块:Assets

[ 2017-06-07T11:19:58+08:00 ] 127.0.0.1 /assets/i/examples/admin-opera.png
INFO: [ app_init ] --START--
INFO: Run Behavior\BuildLiteBehavior [ RunTime:0.000024s ]
INFO: [ app_init ] --END-- [ RunTime:0.000710s ]
ERR: 无法加载模块:Assets

[ 2017-06-07T11:20:00+08:00 ] 127.0.0.1 /admin-form.html
INFO: [ app_init ] --START--
INFO: Run Behavior\BuildLiteBehavior [ RunTime:0.000015s ]
INFO: [ app_init ] --END-- [ RunTime:0.000449s ]
ERR: 无法加载模块:Admin-form

[ 2017-06-07T11:20:07+08:00 ] 127.0.0.1 /admin-form.html
INFO: [ app_init ] --START--
INFO: Run Behavior\BuildLiteBehavior [ RunTime:0.000025s ]
INFO: [ app_init ] --END-- [ RunTime:0.000741s ]
ERR: 无法加载模块:Admin-form

[ 2017-06-07T11:20:07+08:00 ] 127.0.0.1 /admin-form.html
INFO: [ app_init ] --START--
INFO: Run Behavior\BuildLiteBehavior [ RunTime:0.000014s ]
INFO: [ app_init ] --END-- [ RunTime:0.000461s ]
ERR: 无法加载模块:Admin-form

[ 2017-06-07T11:20:08+08:00 ] 127.0.0.1 /admin-form.html
INFO: [ app_init ] --START--
INFO: Run Behavior\BuildLiteBehavior [ RunTime:0.000015s ]
INFO: [ app_init ] --END-- [ RunTime:0.000419s ]
ERR: 无法加载模块:Admin-form

[ 2017-06-07T11:20:08+08:00 ] 127.0.0.1 /admin-form.html
INFO: [ app_init ] --START--
INFO: Run Behavior\BuildLiteBehavior [ RunTime:0.000013s ]
INFO: [ app_init ] --END-- [ RunTime:0.000416s ]
ERR: 无法加载模块:Admin-form

[ 2017-06-07T11:20:09+08:00 ] 127.0.0.1 /assets/i/examples/admin-chrome.png
INFO: [ app_init ] --START--
INFO: Run Behavior\BuildLiteBehavior [ RunTime:0.000025s ]
INFO: [ app_init ] --END-- [ RunTime:0.000807s ]
ERR: 无法加载模块:Assets

[ 2017-06-07T11:20:09+08:00 ] 127.0.0.1 /assets/i/examples/admin-safari.png
INFO: [ app_init ] --START--
INFO: Run Behavior\BuildLiteBehavior [ RunTime:0.000022s ]
INFO: [ app_init ] --END-- [ RunTime:0.000531s ]
ERR: 无法加载模块:Assets

[ 2017-06-07T11:20:09+08:00 ] 127.0.0.1 /assets/i/examples/admin-opera.png
INFO: [ app_init ] --START--
INFO: Run Behavior\BuildLiteBehavior [ RunTime:0.000022s ]
INFO: [ app_init ] --END-- [ RunTime:0.000659s ]
ERR: 无法加载模块:Assets

[ 2017-06-07T11:20:09+08:00 ] 127.0.0.1 /assets/i/examples/admin-ie.png
INFO: [ app_init ] --START--
INFO: Run Behavior\BuildLiteBehavior [ RunTime:0.000020s ]
INFO: [ app_init ] --END-- [ RunTime:0.000621s ]
ERR: 无法加载模块:Assets

[ 2017-06-07T11:20:09+08:00 ] 127.0.0.1 /assets/i/examples/admin-firefox.png
INFO: [ app_init ] --START--
INFO: Run Behavior\BuildLiteBehavior [ RunTime:0.000026s ]
INFO: [ app_init ] --END-- [ RunTime:0.000878s ]
ERR: 无法加载模块:Assets

[ 2017-06-07T11:20:11+08:00 ] 127.0.0.1 /admin-table.html
INFO: [ app_init ] --START--
INFO: Run Behavior\BuildLiteBehavior [ RunTime:0.000014s ]
INFO: [ app_init ] --END-- [ RunTime:0.000426s ]
ERR: 无法加载模块:Admin-table

[ 2017-06-07T14:46:54+08:00 ] 127.0.0.1 /assets/i/examples/admin-safari.png
INFO: [ app_init ] --START--
INFO: Run Behavior\BuildLiteBehavior [ RunTime:0.000021s ]
INFO: [ app_init ] --END-- [ RunTime:0.000607s ]
ERR: 无法加载模块:Assets

[ 2017-06-07T14:46:54+08:00 ] 127.0.0.1 /assets/i/examples/admin-opera.png
INFO: [ app_init ] --START--
INFO: Run Behavior\BuildLiteBehavior [ RunTime:0.000021s ]
INFO: [ app_init ] --END-- [ RunTime:0.000665s ]
ERR: 无法加载模块:Assets

[ 2017-06-07T14:46:54+08:00 ] 127.0.0.1 /assets/i/examples/admin-chrome.png
INFO: [ app_init ] --START--
INFO: Run Behavior\BuildLiteBehavior [ RunTime:0.000026s ]
INFO: [ app_init ] --END-- [ RunTime:0.000819s ]
ERR: 无法加载模块:Assets

[ 2017-06-07T14:46:54+08:00 ] 127.0.0.1 /assets/i/examples/admin-ie.png
INFO: [ app_init ] --START--
INFO: Run Behavior\BuildLiteBehavior [ RunTime:0.000021s ]
INFO: [ app_init ] --END-- [ RunTime:0.000606s ]
ERR: 无法加载模块:Assets

[ 2017-06-07T14:46:54+08:00 ] 127.0.0.1 /assets/i/examples/admin-firefox.png
INFO: [ app_init ] --START--
INFO: Run Behavior\BuildLiteBehavior [ RunTime:0.000052s ]
INFO: [ app_init ] --END-- [ RunTime:0.001256s ]
ERR: 无法加载模块:Assets

[ 2017-06-07T14:47:53+08:00 ] 127.0.0.1 /assets/i/examples/admin-chrome.png
INFO: [ app_init ] --START--
INFO: Run Behavior\BuildLiteBehavior [ RunTime:0.000016s ]
INFO: [ app_init ] --END-- [ RunTime:0.000446s ]
ERR: 无法加载模块:Assets

[ 2017-06-07T14:47:53+08:00 ] 127.0.0.1 /assets/i/examples/admin-firefox.png
INFO: [ app_init ] --START--
INFO: Run Behavior\BuildLiteBehavior [ RunTime:0.000023s ]
INFO: [ app_init ] --END-- [ RunTime:0.000679s ]
ERR: 无法加载模块:Assets

[ 2017-06-07T14:47:54+08:00 ] 127.0.0.1 /assets/i/examples/admin-ie.png
INFO: [ app_init ] --START--
INFO: Run Behavior\BuildLiteBehavior [ RunTime:0.000022s ]
INFO: [ app_init ] --END-- [ RunTime:0.000672s ]
ERR: 无法加载模块:Assets

[ 2017-06-07T14:47:54+08:00 ] 127.0.0.1 /assets/i/examples/admin-safari.png
INFO: [ app_init ] --START--
INFO: Run Behavior\BuildLiteBehavior [ RunTime:0.000023s ]
INFO: [ app_init ] --END-- [ RunTime:0.000680s ]
ERR: 无法加载模块:Assets

[ 2017-06-07T14:47:54+08:00 ] 127.0.0.1 /assets/i/examples/admin-opera.png
INFO: [ app_init ] --START--
INFO: Run Behavior\BuildLiteBehavior [ RunTime:0.000021s ]
INFO: [ app_init ] --END-- [ RunTime:0.000667s ]
ERR: 无法加载模块:Assets

[ 2017-06-07T14:49:07+08:00 ] 127.0.0.1 /assets/i/examples/admin-chrome.png
INFO: [ app_init ] --START--
INFO: Run Behavior\BuildLiteBehavior [ RunTime:0.000026s ]
INFO: [ app_init ] --END-- [ RunTime:0.000578s ]
ERR: 无法加载模块:Assets

[ 2017-06-07T14:49:07+08:00 ] 127.0.0.1 /assets/i/examples/admin-firefox.png
INFO: [ app_init ] --START--
INFO: Run Behavior\BuildLiteBehavior [ RunTime:0.000023s ]
INFO: [ app_init ] --END-- [ RunTime:0.000514s ]
ERR: 无法加载模块:Assets

[ 2017-06-07T14:49:07+08:00 ] 127.0.0.1 /assets/i/examples/admin-ie.png
INFO: [ app_init ] --START--
INFO: Run Behavior\BuildLiteBehavior [ RunTime:0.000023s ]
INFO: [ app_init ] --END-- [ RunTime:0.000710s ]
ERR: 无法加载模块:Assets

[ 2017-06-07T14:49:07+08:00 ] 127.0.0.1 /assets/i/examples/admin-safari.png
INFO: [ app_init ] --START--
INFO: Run Behavior\BuildLiteBehavior [ RunTime:0.000021s ]
INFO: [ app_init ] --END-- [ RunTime:0.000713s ]
ERR: 无法加载模块:Assets

[ 2017-06-07T14:49:07+08:00 ] 127.0.0.1 /assets/i/examples/admin-opera.png
INFO: [ app_init ] --START--
INFO: Run Behavior\BuildLiteBehavior [ RunTime:0.000029s ]
INFO: [ app_init ] --END-- [ RunTime:0.000741s ]
ERR: 无法加载模块:Assets

[ 2017-06-07T14:50:14+08:00 ] 127.0.0.1 /assets/i/examples/admin-chrome.png
INFO: [ app_init ] --START--
INFO: Run Behavior\BuildLiteBehavior [ RunTime:0.000015s ]
INFO: [ app_init ] --END-- [ RunTime:0.000444s ]
ERR: 无法加载模块:Assets

[ 2017-06-07T14:50:14+08:00 ] 127.0.0.1 /assets/i/examples/admin-firefox.png
INFO: [ app_init ] --START--
INFO: Run Behavior\BuildLiteBehavior [ RunTime:0.000024s ]
INFO: [ app_init ] --END-- [ RunTime:0.001612s ]
ERR: 无法加载模块:Assets

[ 2017-06-07T14:50:14+08:00 ] 127.0.0.1 /assets/i/examples/admin-opera.png
INFO: [ app_init ] --START--
INFO: Run Behavior\BuildLiteBehavior [ RunTime:0.000024s ]
INFO: [ app_init ] --END-- [ RunTime:0.000708s ]
ERR: 无法加载模块:Assets

[ 2017-06-07T14:50:14+08:00 ] 127.0.0.1 /assets/i/examples/admin-ie.png
INFO: [ app_init ] --START--
INFO: Run Behavior\BuildLiteBehavior [ RunTime:0.000023s ]
INFO: [ app_init ] --END-- [ RunTime:0.000710s ]
ERR: 无法加载模块:Assets

[ 2017-06-07T14:50:14+08:00 ] 127.0.0.1 /assets/i/examples/admin-safari.png
INFO: [ app_init ] --START--
INFO: Run Behavior\BuildLiteBehavior [ RunTime:0.000026s ]
INFO: [ app_init ] --END-- [ RunTime:0.000744s ]
ERR: 无法加载模块:Assets

[ 2017-06-07T14:53:32+08:00 ] 127.0.0.1 /assets/i/examples/admin-chrome.png
INFO: [ app_init ] --START--
INFO: Run Behavior\BuildLiteBehavior [ RunTime:0.000025s ]
INFO: [ app_init ] --END-- [ RunTime:0.000697s ]
ERR: 无法加载模块:Assets

[ 2017-06-07T14:53:32+08:00 ] 127.0.0.1 /assets/i/examples/admin-firefox.png
INFO: [ app_init ] --START--
INFO: Run Behavior\BuildLiteBehavior [ RunTime:0.000024s ]
INFO: [ app_init ] --END-- [ RunTime:0.000633s ]
ERR: 无法加载模块:Assets

[ 2017-06-07T14:53:32+08:00 ] 127.0.0.1 /assets/i/examples/admin-opera.png
INFO: [ app_init ] --START--
INFO: Run Behavior\BuildLiteBehavior [ RunTime:0.000022s ]
INFO: [ app_init ] --END-- [ RunTime:0.000644s ]
ERR: 无法加载模块:Assets

[ 2017-06-07T14:53:32+08:00 ] 127.0.0.1 /assets/i/examples/admin-safari.png
INFO: [ app_init ] --START--
INFO: Run Behavior\BuildLiteBehavior [ RunTime:0.000025s ]
INFO: [ app_init ] --END-- [ RunTime:0.001816s ]
ERR: 无法加载模块:Assets

[ 2017-06-07T14:53:32+08:00 ] 127.0.0.1 /assets/i/examples/admin-ie.png
INFO: [ app_init ] --START--
INFO: Run Behavior\BuildLiteBehavior [ RunTime:0.000026s ]
INFO: [ app_init ] --END-- [ RunTime:0.000939s ]
ERR: 无法加载模块:Assets

[ 2017-06-07T14:56:46+08:00 ] 127.0.0.1 /assets/i/examples/admin-chrome.png
INFO: [ app_init ] --START--
INFO: Run Behavior\BuildLiteBehavior [ RunTime:0.000024s ]
INFO: [ app_init ] --END-- [ RunTime:0.000837s ]
ERR: 无法加载模块:Assets

[ 2017-06-07T14:56:46+08:00 ] 127.0.0.1 /assets/i/examples/admin-firefox.png
INFO: [ app_init ] --START--
INFO: Run Behavior\BuildLiteBehavior [ RunTime:0.000024s ]
INFO: [ app_init ] --END-- [ RunTime:0.000640s ]
ERR: 无法加载模块:Assets

[ 2017-06-07T14:56:46+08:00 ] 127.0.0.1 /assets/i/examples/admin-ie.png
INFO: [ app_init ] --START--
INFO: Run Behavior\BuildLiteBehavior [ RunTime:0.000021s ]
INFO: [ app_init ] --END-- [ RunTime:0.000629s ]
ERR: 无法加载模块:Assets

[ 2017-06-07T14:56:46+08:00 ] 127.0.0.1 /assets/i/examples/admin-safari.png
INFO: [ app_init ] --START--
INFO: Run Behavior\BuildLiteBehavior [ RunTime:0.000022s ]
INFO: [ app_init ] --END-- [ RunTime:0.000621s ]
ERR: 无法加载模块:Assets

[ 2017-06-07T14:56:46+08:00 ] 127.0.0.1 /assets/i/examples/admin-opera.png
INFO: [ app_init ] --START--
INFO: Run Behavior\BuildLiteBehavior [ RunTime:0.000023s ]
INFO: [ app_init ] --END-- [ RunTime:0.000698s ]
ERR: 无法加载模块:Assets

[ 2017-06-07T15:00:47+08:00 ] 127.0.0.1 /admin-table.html
INFO: [ app_init ] --START--
INFO: Run Behavior\BuildLiteBehavior [ RunTime:0.000015s ]
INFO: [ app_init ] --END-- [ RunTime:0.000558s ]
ERR: 无法加载模块:Admin-table

[ 2017-06-07T15:35:14+08:00 ] 127.0.0.1 /admin-index.html
INFO: [ app_init ] --START--
INFO: Run Behavior\BuildLiteBehavior [ RunTime:0.000016s ]
INFO: [ app_init ] --END-- [ RunTime:0.000454s ]
ERR: 无法加载模块:Admin-index

[ 2017-06-07T15:49:00+08:00 ] 127.0.0.1 /assets/css/amazeui.min.css
INFO: [ app_init ] --START--
INFO: Run Behavior\BuildLiteBehavior [ RunTime:0.000027s ]
INFO: [ app_init ] --END-- [ RunTime:0.000707s ]
ERR: 无法加载模块:Assets

[ 2017-06-07T15:49:00+08:00 ] 127.0.0.1 /assets/css/admin.css
INFO: [ app_init ] --START--
INFO: Run Behavior\BuildLiteBehavior [ RunTime:0.000032s ]
INFO: [ app_init ] --END-- [ RunTime:0.001613s ]
ERR: 无法加载模块:Assets

[ 2017-06-07T15:49:00+08:00 ] 127.0.0.1 /assets/js/jquery.min.js
INFO: [ app_init ] --START--
INFO: Run Behavior\BuildLiteBehavior [ RunTime:0.000022s ]
INFO: [ app_init ] --END-- [ RunTime:0.000654s ]
ERR: 无法加载模块:Assets

[ 2017-06-07T15:49:00+08:00 ] 127.0.0.1 /assets/js/amazeui.min.js
INFO: [ app_init ] --START--
INFO: Run Behavior\BuildLiteBehavior [ RunTime:0.000026s ]
INFO: [ app_init ] --END-- [ RunTime:0.000723s ]
ERR: 无法加载模块:Assets

[ 2017-06-07T15:49:00+08:00 ] 127.0.0.1 /assets/js/app.js
INFO: [ app_init ] --START--
INFO: Run Behavior\BuildLiteBehavior [ RunTime:0.000025s ]
INFO: [ app_init ] --END-- [ RunTime:0.000787s ]
ERR: 无法加载模块:Assets

[ 2017-06-07T15:49:00+08:00 ] 127.0.0.1 /assets/i/favicon.png
INFO: [ app_init ] --START--
INFO: Run Behavior\BuildLiteBehavior [ RunTime:0.000024s ]
INFO: [ app_init ] --END-- [ RunTime:0.000446s ]
ERR: 无法加载模块:Assets

[ 2017-06-07T15:50:39+08:00 ] 127.0.0.1 /assets/css/amazeui.min.css
INFO: [ app_init ] --START--
INFO: Run Behavior\BuildLiteBehavior [ RunTime:0.000023s ]
INFO: [ app_init ] --END-- [ RunTime:0.000642s ]
ERR: 无法加载模块:Assets

[ 2017-06-07T15:50:40+08:00 ] 127.0.0.1 /assets/js/jquery.min.js
INFO: [ app_init ] --START--
INFO: Run Behavior\BuildLiteBehavior [ RunTime:0.000023s ]
INFO: [ app_init ] --END-- [ RunTime:0.000653s ]
ERR: 无法加载模块:Assets

[ 2017-06-07T15:50:40+08:00 ] 127.0.0.1 /assets/js/app.js
INFO: [ app_init ] --START--
INFO: Run Behavior\BuildLiteBehavior [ RunTime:0.000023s ]
INFO: [ app_init ] --END-- [ RunTime:0.000720s ]
ERR: 无法加载模块:Assets

[ 2017-06-07T15:50:40+08:00 ] 127.0.0.1 /assets/css/admin.css
INFO: [ app_init ] --START--
INFO: Run Behavior\BuildLiteBehavior [ RunTime:0.000092s ]
INFO: [ app_init ] --END-- [ RunTime:0.000751s ]
ERR: 无法加载模块:Assets

[ 2017-06-07T15:50:40+08:00 ] 127.0.0.1 /assets/js/amazeui.min.js
INFO: [ app_init ] --START--
INFO: Run Behavior\BuildLiteBehavior [ RunTime:0.000029s ]
INFO: [ app_init ] --END-- [ RunTime:0.000781s ]
ERR: 无法加载模块:Assets

[ 2017-06-07T15:50:40+08:00 ] 127.0.0.1 /assets/js/amazeui.min.js
INFO: [ app_init ] --START--
INFO: Run Behavior\BuildLiteBehavior [ RunTime:0.000015s ]
INFO: [ app_init ] --END-- [ RunTime:0.000413s ]
ERR: 无法加载模块:Assets

[ 2017-06-07T15:50:40+08:00 ] 127.0.0.1 /assets/js/app.js
INFO: [ app_init ] --START--
INFO: Run Behavior\BuildLiteBehavior [ RunTime:0.000015s ]
INFO: [ app_init ] --END-- [ RunTime:0.000434s ]
ERR: 无法加载模块:Assets

