[ 2017-06-12T08:08:36+08:00 ] 127.0.0.1 /admin.php?c=user
INFO: [ app_init ] --START--
INFO: Run Behavior\BuildLiteBehavior [ RunTime:0.000039s ]
INFO: [ app_init ] --END-- [ RunTime:0.019312s ]
INFO: [ app_begin ] --START--
INFO: Run Behavior\ReadHtmlCacheBehavior [ RunTime:0.022179s ]
INFO: [ app_begin ] --END-- [ RunTime:0.022338s ]
NOTIC: [2048] Declaration of Admin\Controller\UserController::show() should be compatible with that of Think\Controller::show() D:\phpStudy\WWW\wap\Application\Admin\Controller\UserController.class.php 第 11 行.
SQL: SHOW COLUMNS FROM `user` [ RunTime:0.0401s ]
NOTIC: [2] Missing argument 1 for Think\Model::where(), called in D:\phpStudy\WWW\wap\Application\Common\Model\LoginModel.class.php on line 46 and defined D:\phpStudy\WWW\wap\ThinkPHP\Library\Think\Model.class.php 第 1797 行.
NOTIC: [8] Undefined variable: where D:\phpStudy\WWW\wap\ThinkPHP\Library\Think\Model.class.php 第 1805 行.
NOTIC: [8] Undefined variable: where D:\phpStudy\WWW\wap\ThinkPHP\Library\Think\Model.class.php 第 1808 行.
NOTIC: [8] Undefined variable: where D:\phpStudy\WWW\wap\ThinkPHP\Library\Think\Model.class.php 第 1816 行.
SQL: SELECT * FROM `user`  [ RunTime:0.0008s ]
INFO: [ view_parse ] --START--
INFO: [ template_filter ] --START--
INFO: Run Behavior\ContentReplaceBehavior [ RunTime:0.000121s ]
INFO: [ template_filter ] --END-- [ RunTime:0.000235s ]
NOTIC: [8] Undefined index: money D:\phpStudy\WWW\wap\Application\Runtime\Cache\Admin\65e605872ed5d34210f5b33beb13f5a3.php 第 130 行.
NOTIC: [8] Undefined index: money D:\phpStudy\WWW\wap\Application\Runtime\Cache\Admin\65e605872ed5d34210f5b33beb13f5a3.php 第 131 行.
NOTIC: [8] Undefined index: money D:\phpStudy\WWW\wap\Application\Runtime\Cache\Admin\65e605872ed5d34210f5b33beb13f5a3.php 第 132 行.
NOTIC: [8] Undefined index: money D:\phpStudy\WWW\wap\Application\Runtime\Cache\Admin\65e605872ed5d34210f5b33beb13f5a3.php 第 130 行.
NOTIC: [8] Undefined index: money D:\phpStudy\WWW\wap\Application\Runtime\Cache\Admin\65e605872ed5d34210f5b33beb13f5a3.php 第 131 行.
NOTIC: [8] Undefined index: money D:\phpStudy\WWW\wap\Application\Runtime\Cache\Admin\65e605872ed5d34210f5b33beb13f5a3.php 第 132 行.
NOTIC: [8] Undefined index: money D:\phpStudy\WWW\wap\Application\Runtime\Cache\Admin\65e605872ed5d34210f5b33beb13f5a3.php 第 130 行.
NOTIC: [8] Undefined index: money D:\phpStudy\WWW\wap\Application\Runtime\Cache\Admin\65e605872ed5d34210f5b33beb13f5a3.php 第 131 行.
NOTIC: [8] Undefined index: money D:\phpStudy\WWW\wap\Application\Runtime\Cache\Admin\65e605872ed5d34210f5b33beb13f5a3.php 第 132 行.
NOTIC: [8] Undefined index: money D:\phpStudy\WWW\wap\Application\Runtime\Cache\Admin\65e605872ed5d34210f5b33beb13f5a3.php 第 130 行.
NOTIC: [8] Undefined index: money D:\phpStudy\WWW\wap\Application\Runtime\Cache\Admin\65e605872ed5d34210f5b33beb13f5a3.php 第 131 行.
NOTIC: [8] Undefined index: money D:\phpStudy\WWW\wap\Application\Runtime\Cache\Admin\65e605872ed5d34210f5b33beb13f5a3.php 第 132 行.
NOTIC: [8] Undefined index: money D:\phpStudy\WWW\wap\Application\Runtime\Cache\Admin\65e605872ed5d34210f5b33beb13f5a3.php 第 130 行.
NOTIC: [8] Undefined index: money D:\phpStudy\WWW\wap\Application\Runtime\Cache\Admin\65e605872ed5d34210f5b33beb13f5a3.php 第 131 行.
NOTIC: [8] Undefined index: money D:\phpStudy\WWW\wap\Application\Runtime\Cache\Admin\65e605872ed5d34210f5b33beb13f5a3.php 第 132 行.
NOTIC: [8] Undefined index: money D:\phpStudy\WWW\wap\Application\Runtime\Cache\Admin\65e605872ed5d34210f5b33beb13f5a3.php 第 130 行.
NOTIC: [8] Undefined index: money D:\phpStudy\WWW\wap\Application\Runtime\Cache\Admin\65e605872ed5d34210f5b33beb13f5a3.php 第 131 行.
NOTIC: [8] Undefined index: money D:\phpStudy\WWW\wap\Application\Runtime\Cache\Admin\65e605872ed5d34210f5b33beb13f5a3.php 第 132 行.
NOTIC: [8] Undefined index: money D:\phpStudy\WWW\wap\Application\Runtime\Cache\Admin\65e605872ed5d34210f5b33beb13f5a3.php 第 130 行.
NOTIC: [8] Undefined index: money D:\phpStudy\WWW\wap\Application\Runtime\Cache\Admin\65e605872ed5d34210f5b33beb13f5a3.php 第 131 行.
NOTIC: [8] Undefined index: money D:\phpStudy\WWW\wap\Application\Runtime\Cache\Admin\65e605872ed5d34210f5b33beb13f5a3.php 第 132 行.
NOTIC: [8] Undefined index: money D:\phpStudy\WWW\wap\Application\Runtime\Cache\Admin\65e605872ed5d34210f5b33beb13f5a3.php 第 130 行.
NOTIC: [8] Undefined index: money D:\phpStudy\WWW\wap\Application\Runtime\Cache\Admin\65e605872ed5d34210f5b33beb13f5a3.php 第 131 行.
NOTIC: [8] Undefined index: money D:\phpStudy\WWW\wap\Application\Runtime\Cache\Admin\65e605872ed5d34210f5b33beb13f5a3.php 第 132 行.
NOTIC: [8] Undefined index: money D:\phpStudy\WWW\wap\Application\Runtime\Cache\Admin\65e605872ed5d34210f5b33beb13f5a3.php 第 130 行.
NOTIC: [8] Undefined index: money D:\phpStudy\WWW\wap\Application\Runtime\Cache\Admin\65e605872ed5d34210f5b33beb13f5a3.php 第 131 行.
NOTIC: [8] Undefined index: money D:\phpStudy\WWW\wap\Application\Runtime\Cache\Admin\65e605872ed5d34210f5b33beb13f5a3.php 第 132 行.
NOTIC: [8] Undefined index: money D:\phpStudy\WWW\wap\Application\Runtime\Cache\Admin\65e605872ed5d34210f5b33beb13f5a3.php 第 130 行.
NOTIC: [8] Undefined index: money D:\phpStudy\WWW\wap\Application\Runtime\Cache\Admin\65e605872ed5d34210f5b33beb13f5a3.php 第 131 行.
NOTIC: [8] Undefined index: money D:\phpStudy\WWW\wap\Application\Runtime\Cache\Admin\65e605872ed5d34210f5b33beb13f5a3.php 第 132 行.
INFO: Run Behavior\ParseTemplateBehavior [ RunTime:0.202320s ]
INFO: [ view_parse ] --END-- [ RunTime:0.202432s ]
INFO: [ view_filter ] --START--
INFO: Run Behavior\WriteHtmlCacheBehavior [ RunTime:0.016018s ]
INFO: [ view_filter ] --END-- [ RunTime:0.016130s ]
INFO: [ app_end ] --START--
INFO: Run Behavior\ShowPageTraceBehavior [ RunTime:0.006576s ]
INFO: [ app_end ] --END-- [ RunTime:0.006989s ]

[ 2017-06-12T08:08:41+08:00 ] 127.0.0.1 /admin.php?c=plan
INFO: [ app_init ] --START--
INFO: Run Behavior\BuildLiteBehavior [ RunTime:0.000013s ]
INFO: [ app_init ] --END-- [ RunTime:0.000328s ]
INFO: [ app_begin ] --START--
INFO: Run Behavior\ReadHtmlCacheBehavior [ RunTime:0.000667s ]
INFO: [ app_begin ] --END-- [ RunTime:0.000755s ]
INFO: [ view_parse ] --START--
INFO: [ template_filter ] --START--
INFO: Run Behavior\ContentReplaceBehavior [ RunTime:0.000090s ]
INFO: [ template_filter ] --END-- [ RunTime:0.000152s ]
INFO: Run Behavior\ParseTemplateBehavior [ RunTime:0.021396s ]
INFO: [ view_parse ] --END-- [ RunTime:0.021471s ]
INFO: [ view_filter ] --START--
INFO: Run Behavior\WriteHtmlCacheBehavior [ RunTime:0.000270s ]
INFO: [ view_filter ] --END-- [ RunTime:0.000316s ]
INFO: [ app_end ] --START--
INFO: Run Behavior\ShowPageTraceBehavior [ RunTime:0.000751s ]
INFO: [ app_end ] --END-- [ RunTime:0.000856s ]

[ 2017-06-12T08:09:08+08:00 ] 127.0.0.1 /admin.php?c=plan
INFO: [ app_init ] --START--
INFO: Run Behavior\BuildLiteBehavior [ RunTime:0.000013s ]
INFO: [ app_init ] --END-- [ RunTime:0.000331s ]
INFO: [ app_begin ] --START--
INFO: Run Behavior\ReadHtmlCacheBehavior [ RunTime:0.000450s ]
INFO: [ app_begin ] --END-- [ RunTime:0.000503s ]
INFO: [ view_parse ] --START--
INFO: [ template_filter ] --START--
INFO: Run Behavior\ContentReplaceBehavior [ RunTime:0.000089s ]
INFO: [ template_filter ] --END-- [ RunTime:0.000153s ]
INFO: Run Behavior\ParseTemplateBehavior [ RunTime:0.017646s ]
INFO: [ view_parse ] --END-- [ RunTime:0.017712s ]
INFO: [ view_filter ] --START--
INFO: Run Behavior\WriteHtmlCacheBehavior [ RunTime:0.000322s ]
INFO: [ view_filter ] --END-- [ RunTime:0.000374s ]
INFO: [ app_end ] --START--
INFO: Run Behavior\ShowPageTraceBehavior [ RunTime:0.001033s ]
INFO: [ app_end ] --END-- [ RunTime:0.001823s ]

[ 2017-06-12T08:09:09+08:00 ] 127.0.0.1 /admin.php?c=earning
INFO: [ app_init ] --START--
INFO: Run Behavior\BuildLiteBehavior [ RunTime:0.000013s ]
INFO: [ app_init ] --END-- [ RunTime:0.000333s ]
INFO: [ app_begin ] --START--
INFO: Run Behavior\ReadHtmlCacheBehavior [ RunTime:0.000427s ]
INFO: [ app_begin ] --END-- [ RunTime:0.000480s ]
INFO: [ view_parse ] --START--
INFO: [ template_filter ] --START--
INFO: Run Behavior\ContentReplaceBehavior [ RunTime:0.000087s ]
INFO: [ template_filter ] --END-- [ RunTime:0.000146s ]
INFO: Run Behavior\ParseTemplateBehavior [ RunTime:0.030459s ]
INFO: [ view_parse ] --END-- [ RunTime:0.030555s ]
INFO: [ view_filter ] --START--
INFO: Run Behavior\WriteHtmlCacheBehavior [ RunTime:0.000418s ]
INFO: [ view_filter ] --END-- [ RunTime:0.000481s ]
INFO: [ app_end ] --START--
INFO: Run Behavior\ShowPageTraceBehavior [ RunTime:0.000810s ]
INFO: [ app_end ] --END-- [ RunTime:0.000919s ]

[ 2017-06-12T08:09:54+08:00 ] 127.0.0.1 /admin.php?c=message
INFO: [ app_init ] --START--
INFO: Run Behavior\BuildLiteBehavior [ RunTime:0.000016s ]
INFO: [ app_init ] --END-- [ RunTime:0.000475s ]
INFO: [ app_begin ] --START--
INFO: Run Behavior\ReadHtmlCacheBehavior [ RunTime:0.000490s ]
INFO: [ app_begin ] --END-- [ RunTime:0.000545s ]
INFO: [ view_parse ] --START--
INFO: [ template_filter ] --START--
INFO: Run Behavior\ContentReplaceBehavior [ RunTime:0.000088s ]
INFO: [ template_filter ] --END-- [ RunTime:0.000146s ]
INFO: Run Behavior\ParseTemplateBehavior [ RunTime:0.035776s ]
INFO: [ view_parse ] --END-- [ RunTime:0.035853s ]
INFO: [ view_filter ] --START--
INFO: Run Behavior\WriteHtmlCacheBehavior [ RunTime:0.000283s ]
INFO: [ view_filter ] --END-- [ RunTime:0.000338s ]
INFO: [ app_end ] --START--
INFO: Run Behavior\ShowPageTraceBehavior [ RunTime:0.000958s ]
INFO: [ app_end ] --END-- [ RunTime:0.001078s ]

[ 2017-06-12T08:09:56+08:00 ] 127.0.0.1 /admin.php?c=earning
INFO: [ app_init ] --START--
INFO: Run Behavior\BuildLiteBehavior [ RunTime:0.000016s ]
INFO: [ app_init ] --END-- [ RunTime:0.000484s ]
INFO: [ app_begin ] --START--
INFO: Run Behavior\ReadHtmlCacheBehavior [ RunTime:0.000472s ]
INFO: [ app_begin ] --END-- [ RunTime:0.000537s ]
INFO: [ view_parse ] --START--
INFO: [ template_filter ] --START--
INFO: Run Behavior\ContentReplaceBehavior [ RunTime:0.000089s ]
INFO: [ template_filter ] --END-- [ RunTime:0.000147s ]
INFO: Run Behavior\ParseTemplateBehavior [ RunTime:0.017166s ]
INFO: [ view_parse ] --END-- [ RunTime:0.017235s ]
INFO: [ view_filter ] --START--
INFO: Run Behavior\WriteHtmlCacheBehavior [ RunTime:0.000257s ]
INFO: [ view_filter ] --END-- [ RunTime:0.000300s ]
INFO: [ app_end ] --START--
INFO: Run Behavior\ShowPageTraceBehavior [ RunTime:0.000735s ]
INFO: [ app_end ] --END-- [ RunTime:0.000835s ]

[ 2017-06-12T08:09:57+08:00 ] 127.0.0.1 /admin.php?c=plan
INFO: [ app_init ] --START--
INFO: Run Behavior\BuildLiteBehavior [ RunTime:0.000014s ]
INFO: [ app_init ] --END-- [ RunTime:0.000354s ]
INFO: [ app_begin ] --START--
INFO: Run Behavior\ReadHtmlCacheBehavior [ RunTime:0.000449s ]
INFO: [ app_begin ] --END-- [ RunTime:0.000508s ]
INFO: [ view_parse ] --START--
INFO: [ template_filter ] --START--
INFO: Run Behavior\ContentReplaceBehavior [ RunTime:0.000089s ]
INFO: [ template_filter ] --END-- [ RunTime:0.000151s ]
INFO: Run Behavior\ParseTemplateBehavior [ RunTime:0.016408s ]
INFO: [ view_parse ] --END-- [ RunTime:0.016475s ]
INFO: [ view_filter ] --START--
INFO: Run Behavior\WriteHtmlCacheBehavior [ RunTime:0.000261s ]
INFO: [ view_filter ] --END-- [ RunTime:0.000330s ]
INFO: [ app_end ] --START--
INFO: Run Behavior\ShowPageTraceBehavior [ RunTime:0.000725s ]
INFO: [ app_end ] --END-- [ RunTime:0.000827s ]

[ 2017-06-12T08:15:34+08:00 ] 127.0.0.1 /admin.php?c=user
INFO: [ app_init ] --START--
INFO: Run Behavior\BuildLiteBehavior [ RunTime:0.000014s ]
INFO: [ app_init ] --END-- [ RunTime:0.000405s ]
INFO: [ app_begin ] --START--
INFO: Run Behavior\ReadHtmlCacheBehavior [ RunTime:0.000720s ]
INFO: [ app_begin ] --END-- [ RunTime:0.000786s ]
NOTIC: [2048] Declaration of Admin\Controller\UserController::show() should be compatible with that of Think\Controller::show() D:\phpStudy\WWW\wap\Application\Admin\Controller\UserController.class.php 第 11 行.
SQL: SHOW COLUMNS FROM `user` [ RunTime:0.0143s ]
NOTIC: [2] Missing argument 1 for Think\Model::where(), called in D:\phpStudy\WWW\wap\Application\Common\Model\LoginModel.class.php on line 46 and defined D:\phpStudy\WWW\wap\ThinkPHP\Library\Think\Model.class.php 第 1797 行.
NOTIC: [8] Undefined variable: where D:\phpStudy\WWW\wap\ThinkPHP\Library\Think\Model.class.php 第 1805 行.
NOTIC: [8] Undefined variable: where D:\phpStudy\WWW\wap\ThinkPHP\Library\Think\Model.class.php 第 1808 行.
NOTIC: [8] Undefined variable: where D:\phpStudy\WWW\wap\ThinkPHP\Library\Think\Model.class.php 第 1816 行.
SQL: SELECT * FROM `user`  [ RunTime:0.0005s ]
INFO: [ view_parse ] --START--
INFO: [ template_filter ] --START--
INFO: Run Behavior\ContentReplaceBehavior [ RunTime:0.000059s ]
INFO: [ template_filter ] --END-- [ RunTime:0.000114s ]
NOTIC: [8] Undefined index: money D:\phpStudy\WWW\wap\Application\Runtime\Cache\Admin\65e605872ed5d34210f5b33beb13f5a3.php 第 130 行.
NOTIC: [8] Undefined index: money D:\phpStudy\WWW\wap\Application\Runtime\Cache\Admin\65e605872ed5d34210f5b33beb13f5a3.php 第 131 行.
NOTIC: [8] Undefined index: money D:\phpStudy\WWW\wap\Application\Runtime\Cache\Admin\65e605872ed5d34210f5b33beb13f5a3.php 第 132 行.
NOTIC: [8] Undefined index: money D:\phpStudy\WWW\wap\Application\Runtime\Cache\Admin\65e605872ed5d34210f5b33beb13f5a3.php 第 130 行.
NOTIC: [8] Undefined index: money D:\phpStudy\WWW\wap\Application\Runtime\Cache\Admin\65e605872ed5d34210f5b33beb13f5a3.php 第 131 行.
NOTIC: [8] Undefined index: money D:\phpStudy\WWW\wap\Application\Runtime\Cache\Admin\65e605872ed5d34210f5b33beb13f5a3.php 第 132 行.
NOTIC: [8] Undefined index: money D:\phpStudy\WWW\wap\Application\Runtime\Cache\Admin\65e605872ed5d34210f5b33beb13f5a3.php 第 130 行.
NOTIC: [8] Undefined index: money D:\phpStudy\WWW\wap\Application\Runtime\Cache\Admin\65e605872ed5d34210f5b33beb13f5a3.php 第 131 行.
NOTIC: [8] Undefined index: money D:\phpStudy\WWW\wap\Application\Runtime\Cache\Admin\65e605872ed5d34210f5b33beb13f5a3.php 第 132 行.
NOTIC: [8] Undefined index: money D:\phpStudy\WWW\wap\Application\Runtime\Cache\Admin\65e605872ed5d34210f5b33beb13f5a3.php 第 130 行.
NOTIC: [8] Undefined index: money D:\phpStudy\WWW\wap\Application\Runtime\Cache\Admin\65e605872ed5d34210f5b33beb13f5a3.php 第 131 行.
NOTIC: [8] Undefined index: money D:\phpStudy\WWW\wap\Application\Runtime\Cache\Admin\65e605872ed5d34210f5b33beb13f5a3.php 第 132 行.
NOTIC: [8] Undefined index: money D:\phpStudy\WWW\wap\Application\Runtime\Cache\Admin\65e605872ed5d34210f5b33beb13f5a3.php 第 130 行.
NOTIC: [8] Undefined index: money D:\phpStudy\WWW\wap\Application\Runtime\Cache\Admin\65e605872ed5d34210f5b33beb13f5a3.php 第 131 行.
NOTIC: [8] Undefined index: money D:\phpStudy\WWW\wap\Application\Runtime\Cache\Admin\65e605872ed5d34210f5b33beb13f5a3.php 第 132 行.
NOTIC: [8] Undefined index: money D:\phpStudy\WWW\wap\Application\Runtime\Cache\Admin\65e605872ed5d34210f5b33beb13f5a3.php 第 130 行.
NOTIC: [8] Undefined index: money D:\phpStudy\WWW\wap\Application\Runtime\Cache\Admin\65e605872ed5d34210f5b33beb13f5a3.php 第 131 行.
NOTIC: [8] Undefined index: money D:\phpStudy\WWW\wap\Application\Runtime\Cache\Admin\65e605872ed5d34210f5b33beb13f5a3.php 第 132 行.
NOTIC: [8] Undefined index: money D:\phpStudy\WWW\wap\Application\Runtime\Cache\Admin\65e605872ed5d34210f5b33beb13f5a3.php 第 130 行.
NOTIC: [8] Undefined index: money D:\phpStudy\WWW\wap\Application\Runtime\Cache\Admin\65e605872ed5d34210f5b33beb13f5a3.php 第 131 行.
NOTIC: [8] Undefined index: money D:\phpStudy\WWW\wap\Application\Runtime\Cache\Admin\65e605872ed5d34210f5b33beb13f5a3.php 第 132 行.
NOTIC: [8] Undefined index: money D:\phpStudy\WWW\wap\Application\Runtime\Cache\Admin\65e605872ed5d34210f5b33beb13f5a3.php 第 130 行.
NOTIC: [8] Undefined index: money D:\phpStudy\WWW\wap\Application\Runtime\Cache\Admin\65e605872ed5d34210f5b33beb13f5a3.php 第 131 行.
NOTIC: [8] Undefined index: money D:\phpStudy\WWW\wap\Application\Runtime\Cache\Admin\65e605872ed5d34210f5b33beb13f5a3.php 第 132 行.
NOTIC: [8] Undefined index: money D:\phpStudy\WWW\wap\Application\Runtime\Cache\Admin\65e605872ed5d34210f5b33beb13f5a3.php 第 130 行.
NOTIC: [8] Undefined index: money D:\phpStudy\WWW\wap\Application\Runtime\Cache\Admin\65e605872ed5d34210f5b33beb13f5a3.php 第 131 行.
NOTIC: [8] Undefined index: money D:\phpStudy\WWW\wap\Application\Runtime\Cache\Admin\65e605872ed5d34210f5b33beb13f5a3.php 第 132 行.
NOTIC: [8] Undefined index: money D:\phpStudy\WWW\wap\Application\Runtime\Cache\Admin\65e605872ed5d34210f5b33beb13f5a3.php 第 130 行.
NOTIC: [8] Undefined index: money D:\phpStudy\WWW\wap\Application\Runtime\Cache\Admin\65e605872ed5d34210f5b33beb13f5a3.php 第 131 行.
NOTIC: [8] Undefined index: money D:\phpStudy\WWW\wap\Application\Runtime\Cache\Admin\65e605872ed5d34210f5b33beb13f5a3.php 第 132 行.
INFO: Run Behavior\ParseTemplateBehavior [ RunTime:0.023086s ]
INFO: [ view_parse ] --END-- [ RunTime:0.023146s ]
INFO: [ view_filter ] --START--
INFO: Run Behavior\WriteHtmlCacheBehavior [ RunTime:0.000428s ]
INFO: [ view_filter ] --END-- [ RunTime:0.000474s ]
INFO: [ app_end ] --START--
INFO: Run Behavior\ShowPageTraceBehavior [ RunTime:0.002598s ]
INFO: [ app_end ] --END-- [ RunTime:0.002713s ]

[ 2017-06-12T08:16:12+08:00 ] 127.0.0.1 /admin.php?c=plan
INFO: [ app_init ] --START--
INFO: Run Behavior\BuildLiteBehavior [ RunTime:0.000013s ]
INFO: [ app_init ] --END-- [ RunTime:0.000330s ]
INFO: [ app_begin ] --START--
INFO: Run Behavior\ReadHtmlCacheBehavior [ RunTime:0.000424s ]
INFO: [ app_begin ] --END-- [ RunTime:0.000488s ]
INFO: [ view_parse ] --START--
INFO: [ template_filter ] --START--
INFO: Run Behavior\ContentReplaceBehavior [ RunTime:0.000089s ]
INFO: [ template_filter ] --END-- [ RunTime:0.000150s ]
INFO: Run Behavior\ParseTemplateBehavior [ RunTime:0.016947s ]
INFO: [ view_parse ] --END-- [ RunTime:0.017027s ]
INFO: [ view_filter ] --START--
INFO: Run Behavior\WriteHtmlCacheBehavior [ RunTime:0.000309s ]
INFO: [ view_filter ] --END-- [ RunTime:0.000358s ]
INFO: [ app_end ] --START--
INFO: Run Behavior\ShowPageTraceBehavior [ RunTime:0.004505s ]
INFO: [ app_end ] --END-- [ RunTime:0.004712s ]

[ 2017-06-12T08:30:00+08:00 ] 127.0.0.1 /admin.php?c=plan
INFO: [ app_init ] --START--
INFO: Run Behavior\BuildLiteBehavior [ RunTime:0.000014s ]
INFO: [ app_init ] --END-- [ RunTime:0.000412s ]
INFO: [ app_begin ] --START--
INFO: Run Behavior\ReadHtmlCacheBehavior [ RunTime:0.001004s ]
INFO: [ app_begin ] --END-- [ RunTime:0.001091s ]
INFO: [ view_parse ] --START--
INFO: [ template_filter ] --START--
INFO: Run Behavior\ContentReplaceBehavior [ RunTime:0.000081s ]
INFO: [ template_filter ] --END-- [ RunTime:0.000188s ]
NOTIC: [8] Undefined variable: plan_list D:\phpStudy\WWW\wap\Application\Runtime\Cache\Admin\ef9cd85426890ba519cddfa9bad61978.php 第 133 行.
INFO: Run Behavior\ParseTemplateBehavior [ RunTime:0.024886s ]
INFO: [ view_parse ] --END-- [ RunTime:0.024966s ]
INFO: [ view_filter ] --START--
INFO: Run Behavior\WriteHtmlCacheBehavior [ RunTime:0.000470s ]
INFO: [ view_filter ] --END-- [ RunTime:0.000521s ]
INFO: [ app_end ] --START--
INFO: Run Behavior\ShowPageTraceBehavior [ RunTime:0.003903s ]
INFO: [ app_end ] --END-- [ RunTime:0.004012s ]

[ 2017-06-12T08:35:01+08:00 ] 127.0.0.1 /admin.php?c=plan
INFO: [ app_init ] --START--
INFO: Run Behavior\BuildLiteBehavior [ RunTime:0.000024s ]
INFO: [ app_init ] --END-- [ RunTime:0.000436s ]
INFO: [ app_begin ] --START--
INFO: Run Behavior\ReadHtmlCacheBehavior [ RunTime:0.000656s ]
INFO: [ app_begin ] --END-- [ RunTime:0.000716s ]
SQL: SHOW COLUMNS FROM `plan` [ RunTime:0.0112s ]
NOTIC: [2] Missing argument 1 for Think\Model::where(), called in D:\phpStudy\WWW\wap\Application\Common\Model\PlanModel.class.php on line 22 and defined D:\phpStudy\WWW\wap\ThinkPHP\Library\Think\Model.class.php 第 1797 行.
NOTIC: [8] Undefined variable: where D:\phpStudy\WWW\wap\ThinkPHP\Library\Think\Model.class.php 第 1805 行.
NOTIC: [8] Undefined variable: where D:\phpStudy\WWW\wap\ThinkPHP\Library\Think\Model.class.php 第 1808 行.
NOTIC: [8] Undefined variable: where D:\phpStudy\WWW\wap\ThinkPHP\Library\Think\Model.class.php 第 1816 行.
SQL: SELECT * FROM `plan`  [ RunTime:0.0003s ]
INFO: [ view_parse ] --START--
INFO: [ template_filter ] --START--
INFO: Run Behavior\ContentReplaceBehavior [ RunTime:0.000084s ]
INFO: [ template_filter ] --END-- [ RunTime:0.000159s ]
INFO: Run Behavior\ParseTemplateBehavior [ RunTime:0.020498s ]
INFO: [ view_parse ] --END-- [ RunTime:0.020605s ]
INFO: [ view_filter ] --START--
INFO: Run Behavior\WriteHtmlCacheBehavior [ RunTime:0.000543s ]
INFO: [ view_filter ] --END-- [ RunTime:0.000624s ]
INFO: [ app_end ] --START--
INFO: Run Behavior\ShowPageTraceBehavior [ RunTime:0.001704s ]
INFO: [ app_end ] --END-- [ RunTime:0.001822s ]

[ 2017-06-12T08:36:10+08:00 ] 127.0.0.1 /admin.php?c=plan
INFO: [ app_init ] --START--
INFO: Run Behavior\BuildLiteBehavior [ RunTime:0.000021s ]
INFO: [ app_init ] --END-- [ RunTime:0.000439s ]
INFO: [ app_begin ] --START--
INFO: Run Behavior\ReadHtmlCacheBehavior [ RunTime:0.000469s ]
INFO: [ app_begin ] --END-- [ RunTime:0.000528s ]
SQL: SHOW COLUMNS FROM `plan` [ RunTime:0.0103s ]
NOTIC: [2] Missing argument 1 for Think\Model::where(), called in D:\phpStudy\WWW\wap\Application\Common\Model\PlanModel.class.php on line 22 and defined D:\phpStudy\WWW\wap\ThinkPHP\Library\Think\Model.class.php 第 1797 行.
NOTIC: [8] Undefined variable: where D:\phpStudy\WWW\wap\ThinkPHP\Library\Think\Model.class.php 第 1805 行.
NOTIC: [8] Undefined variable: where D:\phpStudy\WWW\wap\ThinkPHP\Library\Think\Model.class.php 第 1808 行.
NOTIC: [8] Undefined variable: where D:\phpStudy\WWW\wap\ThinkPHP\Library\Think\Model.class.php 第 1816 行.
SQL: SELECT * FROM `plan`  [ RunTime:0.0003s ]
INFO: [ view_parse ] --START--
INFO: [ template_filter ] --START--
INFO: Run Behavior\ContentReplaceBehavior [ RunTime:0.000066s ]
INFO: [ template_filter ] --END-- [ RunTime:0.000135s ]
INFO: Run Behavior\ParseTemplateBehavior [ RunTime:0.020155s ]
INFO: [ view_parse ] --END-- [ RunTime:0.020236s ]
INFO: [ view_filter ] --START--
INFO: Run Behavior\WriteHtmlCacheBehavior [ RunTime:0.000350s ]
INFO: [ view_filter ] --END-- [ RunTime:0.000401s ]
INFO: [ app_end ] --START--
INFO: Run Behavior\ShowPageTraceBehavior [ RunTime:0.001022s ]
INFO: [ app_end ] --END-- [ RunTime:0.001134s ]

[ 2017-06-12T08:36:28+08:00 ] 127.0.0.1 /admin.php?c=plan
INFO: [ app_init ] --START--
INFO: Run Behavior\BuildLiteBehavior [ RunTime:0.000023s ]
INFO: [ app_init ] --END-- [ RunTime:0.000621s ]
INFO: [ app_begin ] --START--
INFO: Run Behavior\ReadHtmlCacheBehavior [ RunTime:0.000746s ]
INFO: [ app_begin ] --END-- [ RunTime:0.000835s ]
SQL: SHOW COLUMNS FROM `plan` [ RunTime:0.0107s ]
NOTIC: [2] Missing argument 1 for Think\Model::where(), called in D:\phpStudy\WWW\wap\Application\Common\Model\PlanModel.class.php on line 22 and defined D:\phpStudy\WWW\wap\ThinkPHP\Library\Think\Model.class.php 第 1797 行.
NOTIC: [8] Undefined variable: where D:\phpStudy\WWW\wap\ThinkPHP\Library\Think\Model.class.php 第 1805 行.
NOTIC: [8] Undefined variable: where D:\phpStudy\WWW\wap\ThinkPHP\Library\Think\Model.class.php 第 1808 行.
NOTIC: [8] Undefined variable: where D:\phpStudy\WWW\wap\ThinkPHP\Library\Think\Model.class.php 第 1816 行.
SQL: SELECT * FROM `plan`  [ RunTime:0.0003s ]
INFO: [ view_parse ] --START--
INFO: [ template_filter ] --START--
INFO: Run Behavior\ContentReplaceBehavior [ RunTime:0.000060s ]
INFO: [ template_filter ] --END-- [ RunTime:0.000121s ]
INFO: Run Behavior\ParseTemplateBehavior [ RunTime:0.022189s ]
INFO: [ view_parse ] --END-- [ RunTime:0.022272s ]
INFO: [ view_filter ] --START--
INFO: Run Behavior\WriteHtmlCacheBehavior [ RunTime:0.000490s ]
INFO: [ view_filter ] --END-- [ RunTime:0.000572s ]
INFO: [ app_end ] --START--
INFO: Run Behavior\ShowPageTraceBehavior [ RunTime:0.001162s ]
INFO: [ app_end ] --END-- [ RunTime:0.001291s ]

[ 2017-06-12T08:36:40+08:00 ] 127.0.0.1 /admin.php?c=plan
INFO: [ app_init ] --START--
INFO: Run Behavior\BuildLiteBehavior [ RunTime:0.000025s ]
INFO: [ app_init ] --END-- [ RunTime:0.000538s ]
INFO: [ app_begin ] --START--
INFO: Run Behavior\ReadHtmlCacheBehavior [ RunTime:0.000509s ]
INFO: [ app_begin ] --END-- [ RunTime:0.000574s ]
SQL: SHOW COLUMNS FROM `plan` [ RunTime:0.0109s ]
NOTIC: [2] Missing argument 1 for Think\Model::where(), called in D:\phpStudy\WWW\wap\Application\Common\Model\PlanModel.class.php on line 22 and defined D:\phpStudy\WWW\wap\ThinkPHP\Library\Think\Model.class.php 第 1797 行.
NOTIC: [8] Undefined variable: where D:\phpStudy\WWW\wap\ThinkPHP\Library\Think\Model.class.php 第 1805 行.
NOTIC: [8] Undefined variable: where D:\phpStudy\WWW\wap\ThinkPHP\Library\Think\Model.class.php 第 1808 行.
NOTIC: [8] Undefined variable: where D:\phpStudy\WWW\wap\ThinkPHP\Library\Think\Model.class.php 第 1816 行.
SQL: SELECT * FROM `plan`  [ RunTime:0.0003s ]
INFO: [ view_parse ] --START--
INFO: [ template_filter ] --START--
INFO: Run Behavior\ContentReplaceBehavior [ RunTime:0.000103s ]
INFO: [ template_filter ] --END-- [ RunTime:0.000204s ]
INFO: Run Behavior\ParseTemplateBehavior [ RunTime:0.026281s ]
INFO: [ view_parse ] --END-- [ RunTime:0.026372s ]
INFO: [ view_filter ] --START--
INFO: Run Behavior\WriteHtmlCacheBehavior [ RunTime:0.000311s ]
INFO: [ view_filter ] --END-- [ RunTime:0.000363s ]
INFO: [ app_end ] --START--
INFO: Run Behavior\ShowPageTraceBehavior [ RunTime:0.000825s ]
INFO: [ app_end ] --END-- [ RunTime:0.000938s ]

[ 2017-06-12T08:36:47+08:00 ] 127.0.0.1 /admin.php?c=plan
INFO: [ app_init ] --START--
INFO: Run Behavior\BuildLiteBehavior [ RunTime:0.000016s ]
INFO: [ app_init ] --END-- [ RunTime:0.000356s ]
INFO: [ app_begin ] --START--
INFO: Run Behavior\ReadHtmlCacheBehavior [ RunTime:0.000455s ]
INFO: [ app_begin ] --END-- [ RunTime:0.000510s ]
SQL: SHOW COLUMNS FROM `plan` [ RunTime:0.0122s ]
NOTIC: [2] Missing argument 1 for Think\Model::where(), called in D:\phpStudy\WWW\wap\Application\Common\Model\PlanModel.class.php on line 22 and defined D:\phpStudy\WWW\wap\ThinkPHP\Library\Think\Model.class.php 第 1797 行.
NOTIC: [8] Undefined variable: where D:\phpStudy\WWW\wap\ThinkPHP\Library\Think\Model.class.php 第 1805 行.
NOTIC: [8] Undefined variable: where D:\phpStudy\WWW\wap\ThinkPHP\Library\Think\Model.class.php 第 1808 行.
NOTIC: [8] Undefined variable: where D:\phpStudy\WWW\wap\ThinkPHP\Library\Think\Model.class.php 第 1816 行.
SQL: SELECT * FROM `plan`  [ RunTime:0.0003s ]
INFO: [ view_parse ] --START--
INFO: [ template_filter ] --START--
INFO: Run Behavior\ContentReplaceBehavior [ RunTime:0.000058s ]
INFO: [ template_filter ] --END-- [ RunTime:0.000110s ]
INFO: Run Behavior\ParseTemplateBehavior [ RunTime:0.019191s ]
INFO: [ view_parse ] --END-- [ RunTime:0.019268s ]
INFO: [ view_filter ] --START--
INFO: Run Behavior\WriteHtmlCacheBehavior [ RunTime:0.000288s ]
INFO: [ view_filter ] --END-- [ RunTime:0.000339s ]
INFO: [ app_end ] --START--
INFO: Run Behavior\ShowPageTraceBehavior [ RunTime:0.000966s ]
INFO: [ app_end ] --END-- [ RunTime:0.001122s ]

[ 2017-06-12T08:36:48+08:00 ] 127.0.0.1 /admin.php?c=user
INFO: [ app_init ] --START--
INFO: Run Behavior\BuildLiteBehavior [ RunTime:0.000014s ]
INFO: [ app_init ] --END-- [ RunTime:0.000362s ]
INFO: [ app_begin ] --START--
INFO: Run Behavior\ReadHtmlCacheBehavior [ RunTime:0.000434s ]
INFO: [ app_begin ] --END-- [ RunTime:0.000496s ]
NOTIC: [2048] Declaration of Admin\Controller\UserController::show() should be compatible with that of Think\Controller::show() D:\phpStudy\WWW\wap\Application\Admin\Controller\UserController.class.php 第 11 行.
SQL: SHOW COLUMNS FROM `user` [ RunTime:0.0107s ]
NOTIC: [2] Missing argument 1 for Think\Model::where(), called in D:\phpStudy\WWW\wap\Application\Common\Model\LoginModel.class.php on line 46 and defined D:\phpStudy\WWW\wap\ThinkPHP\Library\Think\Model.class.php 第 1797 行.
NOTIC: [8] Undefined variable: where D:\phpStudy\WWW\wap\ThinkPHP\Library\Think\Model.class.php 第 1805 行.
NOTIC: [8] Undefined variable: where D:\phpStudy\WWW\wap\ThinkPHP\Library\Think\Model.class.php 第 1808 行.
NOTIC: [8] Undefined variable: where D:\phpStudy\WWW\wap\ThinkPHP\Library\Think\Model.class.php 第 1816 行.
SQL: SELECT * FROM `user`  [ RunTime:0.0004s ]
INFO: [ view_parse ] --START--
INFO: [ template_filter ] --START--
INFO: Run Behavior\ContentReplaceBehavior [ RunTime:0.000059s ]
INFO: [ template_filter ] --END-- [ RunTime:0.000118s ]
NOTIC: [8] Undefined index: money D:\phpStudy\WWW\wap\Application\Runtime\Cache\Admin\65e605872ed5d34210f5b33beb13f5a3.php 第 130 行.
NOTIC: [8] Undefined index: money D:\phpStudy\WWW\wap\Application\Runtime\Cache\Admin\65e605872ed5d34210f5b33beb13f5a3.php 第 131 行.
NOTIC: [8] Undefined index: money D:\phpStudy\WWW\wap\Application\Runtime\Cache\Admin\65e605872ed5d34210f5b33beb13f5a3.php 第 132 行.
NOTIC: [8] Undefined index: money D:\phpStudy\WWW\wap\Application\Runtime\Cache\Admin\65e605872ed5d34210f5b33beb13f5a3.php 第 130 行.
NOTIC: [8] Undefined index: money D:\phpStudy\WWW\wap\Application\Runtime\Cache\Admin\65e605872ed5d34210f5b33beb13f5a3.php 第 131 行.
NOTIC: [8] Undefined index: money D:\phpStudy\WWW\wap\Application\Runtime\Cache\Admin\65e605872ed5d34210f5b33beb13f5a3.php 第 132 行.
NOTIC: [8] Undefined index: money D:\phpStudy\WWW\wap\Application\Runtime\Cache\Admin\65e605872ed5d34210f5b33beb13f5a3.php 第 130 行.
NOTIC: [8] Undefined index: money D:\phpStudy\WWW\wap\Application\Runtime\Cache\Admin\65e605872ed5d34210f5b33beb13f5a3.php 第 131 行.
NOTIC: [8] Undefined index: money D:\phpStudy\WWW\wap\Application\Runtime\Cache\Admin\65e605872ed5d34210f5b33beb13f5a3.php 第 132 行.
NOTIC: [8] Undefined index: money D:\phpStudy\WWW\wap\Application\Runtime\Cache\Admin\65e605872ed5d34210f5b33beb13f5a3.php 第 130 行.
NOTIC: [8] Undefined index: money D:\phpStudy\WWW\wap\Application\Runtime\Cache\Admin\65e605872ed5d34210f5b33beb13f5a3.php 第 131 行.
NOTIC: [8] Undefined index: money D:\phpStudy\WWW\wap\Application\Runtime\Cache\Admin\65e605872ed5d34210f5b33beb13f5a3.php 第 132 行.
NOTIC: [8] Undefined index: money D:\phpStudy\WWW\wap\Application\Runtime\Cache\Admin\65e605872ed5d34210f5b33beb13f5a3.php 第 130 行.
NOTIC: [8] Undefined index: money D:\phpStudy\WWW\wap\Application\Runtime\Cache\Admin\65e605872ed5d34210f5b33beb13f5a3.php 第 131 行.
NOTIC: [8] Undefined index: money D:\phpStudy\WWW\wap\Application\Runtime\Cache\Admin\65e605872ed5d34210f5b33beb13f5a3.php 第 132 行.
NOTIC: [8] Undefined index: money D:\phpStudy\WWW\wap\Application\Runtime\Cache\Admin\65e605872ed5d34210f5b33beb13f5a3.php 第 130 行.
NOTIC: [8] Undefined index: money D:\phpStudy\WWW\wap\Application\Runtime\Cache\Admin\65e605872ed5d34210f5b33beb13f5a3.php 第 131 行.
NOTIC: [8] Undefined index: money D:\phpStudy\WWW\wap\Application\Runtime\Cache\Admin\65e605872ed5d34210f5b33beb13f5a3.php 第 132 行.
NOTIC: [8] Undefined index: money D:\phpStudy\WWW\wap\Application\Runtime\Cache\Admin\65e605872ed5d34210f5b33beb13f5a3.php 第 130 行.
NOTIC: [8] Undefined index: money D:\phpStudy\WWW\wap\Application\Runtime\Cache\Admin\65e605872ed5d34210f5b33beb13f5a3.php 第 131 行.
NOTIC: [8] Undefined index: money D:\phpStudy\WWW\wap\Application\Runtime\Cache\Admin\65e605872ed5d34210f5b33beb13f5a3.php 第 132 行.
NOTIC: [8] Undefined index: money D:\phpStudy\WWW\wap\Application\Runtime\Cache\Admin\65e605872ed5d34210f5b33beb13f5a3.php 第 130 行.
NOTIC: [8] Undefined index: money D:\phpStudy\WWW\wap\Application\Runtime\Cache\Admin\65e605872ed5d34210f5b33beb13f5a3.php 第 131 行.
NOTIC: [8] Undefined index: money D:\phpStudy\WWW\wap\Application\Runtime\Cache\Admin\65e605872ed5d34210f5b33beb13f5a3.php 第 132 行.
NOTIC: [8] Undefined index: money D:\phpStudy\WWW\wap\Application\Runtime\Cache\Admin\65e605872ed5d34210f5b33beb13f5a3.php 第 130 行.
NOTIC: [8] Undefined index: money D:\phpStudy\WWW\wap\Application\Runtime\Cache\Admin\65e605872ed5d34210f5b33beb13f5a3.php 第 131 行.
NOTIC: [8] Undefined index: money D:\phpStudy\WWW\wap\Application\Runtime\Cache\Admin\65e605872ed5d34210f5b33beb13f5a3.php 第 132 行.
NOTIC: [8] Undefined index: money D:\phpStudy\WWW\wap\Application\Runtime\Cache\Admin\65e605872ed5d34210f5b33beb13f5a3.php 第 130 行.
NOTIC: [8] Undefined index: money D:\phpStudy\WWW\wap\Application\Runtime\Cache\Admin\65e605872ed5d34210f5b33beb13f5a3.php 第 131 行.
NOTIC: [8] Undefined index: money D:\phpStudy\WWW\wap\Application\Runtime\Cache\Admin\65e605872ed5d34210f5b33beb13f5a3.php 第 132 行.
INFO: Run Behavior\ParseTemplateBehavior [ RunTime:0.021433s ]
INFO: [ view_parse ] --END-- [ RunTime:0.021502s ]
INFO: [ view_filter ] --START--
INFO: Run Behavior\WriteHtmlCacheBehavior [ RunTime:0.000321s ]
INFO: [ view_filter ] --END-- [ RunTime:0.000368s ]
INFO: [ app_end ] --START--
INFO: Run Behavior\ShowPageTraceBehavior [ RunTime:0.000976s ]
INFO: [ app_end ] --END-- [ RunTime:0.001077s ]

[ 2017-06-12T08:36:50+08:00 ] 127.0.0.1 /admin.php?c=plan
INFO: [ app_init ] --START--
INFO: Run Behavior\BuildLiteBehavior [ RunTime:0.000014s ]
INFO: [ app_init ] --END-- [ RunTime:0.000350s ]
INFO: [ app_begin ] --START--
INFO: Run Behavior\ReadHtmlCacheBehavior [ RunTime:0.000454s ]
INFO: [ app_begin ] --END-- [ RunTime:0.000540s ]
SQL: SHOW COLUMNS FROM `plan` [ RunTime:0.0109s ]
NOTIC: [2] Missing argument 1 for Think\Model::where(), called in D:\phpStudy\WWW\wap\Application\Common\Model\PlanModel.class.php on line 22 and defined D:\phpStudy\WWW\wap\ThinkPHP\Library\Think\Model.class.php 第 1797 行.
NOTIC: [8] Undefined variable: where D:\phpStudy\WWW\wap\ThinkPHP\Library\Think\Model.class.php 第 1805 行.
NOTIC: [8] Undefined variable: where D:\phpStudy\WWW\wap\ThinkPHP\Library\Think\Model.class.php 第 1808 行.
NOTIC: [8] Undefined variable: where D:\phpStudy\WWW\wap\ThinkPHP\Library\Think\Model.class.php 第 1816 行.
SQL: SELECT * FROM `plan`  [ RunTime:0.0003s ]
INFO: [ view_parse ] --START--
INFO: [ template_filter ] --START--
INFO: Run Behavior\ContentReplaceBehavior [ RunTime:0.000063s ]
INFO: [ template_filter ] --END-- [ RunTime:0.000123s ]
INFO: Run Behavior\ParseTemplateBehavior [ RunTime:0.021225s ]
INFO: [ view_parse ] --END-- [ RunTime:0.021295s ]
INFO: [ view_filter ] --START--
INFO: Run Behavior\WriteHtmlCacheBehavior [ RunTime:0.000267s ]
INFO: [ view_filter ] --END-- [ RunTime:0.000310s ]
INFO: [ app_end ] --START--
INFO: Run Behavior\ShowPageTraceBehavior [ RunTime:0.000844s ]
INFO: [ app_end ] --END-- [ RunTime:0.000938s ]

[ 2017-06-12T08:36:51+08:00 ] 127.0.0.1 /admin.php?c=plan
INFO: [ app_init ] --START--
INFO: Run Behavior\BuildLiteBehavior [ RunTime:0.000014s ]
INFO: [ app_init ] --END-- [ RunTime:0.000355s ]
INFO: [ app_begin ] --START--
INFO: Run Behavior\ReadHtmlCacheBehavior [ RunTime:0.000479s ]
INFO: [ app_begin ] --END-- [ RunTime:0.000545s ]
SQL: SHOW COLUMNS FROM `plan` [ RunTime:0.0175s ]
NOTIC: [2] Missing argument 1 for Think\Model::where(), called in D:\phpStudy\WWW\wap\Application\Common\Model\PlanModel.class.php on line 22 and defined D:\phpStudy\WWW\wap\ThinkPHP\Library\Think\Model.class.php 第 1797 行.
NOTIC: [8] Undefined variable: where D:\phpStudy\WWW\wap\ThinkPHP\Library\Think\Model.class.php 第 1805 行.
NOTIC: [8] Undefined variable: where D:\phpStudy\WWW\wap\ThinkPHP\Library\Think\Model.class.php 第 1808 行.
NOTIC: [8] Undefined variable: where D:\phpStudy\WWW\wap\ThinkPHP\Library\Think\Model.class.php 第 1816 行.
SQL: SELECT * FROM `plan`  [ RunTime:0.0003s ]
INFO: [ view_parse ] --START--
INFO: [ template_filter ] --START--
INFO: Run Behavior\ContentReplaceBehavior [ RunTime:0.000070s ]
INFO: [ template_filter ] --END-- [ RunTime:0.000128s ]
INFO: Run Behavior\ParseTemplateBehavior [ RunTime:0.019611s ]
INFO: [ view_parse ] --END-- [ RunTime:0.019681s ]
INFO: [ view_filter ] --START--
INFO: Run Behavior\WriteHtmlCacheBehavior [ RunTime:0.000291s ]
INFO: [ view_filter ] --END-- [ RunTime:0.000337s ]
INFO: [ app_end ] --START--
INFO: Run Behavior\ShowPageTraceBehavior [ RunTime:0.000699s ]
INFO: [ app_end ] --END-- [ RunTime:0.000780s ]

[ 2017-06-12T08:37:23+08:00 ] 127.0.0.1 /admin.php?c=index
INFO: [ app_init ] --START--
INFO: Run Behavior\BuildLiteBehavior [ RunTime:0.000013s ]
INFO: [ app_init ] --END-- [ RunTime:0.000352s ]
INFO: [ app_begin ] --START--
INFO: Run Behavior\ReadHtmlCacheBehavior [ RunTime:0.000456s ]
INFO: [ app_begin ] --END-- [ RunTime:0.000519s ]
INFO: [ view_parse ] --START--
INFO: [ template_filter ] --START--
INFO: Run Behavior\ContentReplaceBehavior [ RunTime:0.000064s ]
INFO: [ template_filter ] --END-- [ RunTime:0.000131s ]
INFO: Run Behavior\ParseTemplateBehavior [ RunTime:0.019327s ]
INFO: [ view_parse ] --END-- [ RunTime:0.019410s ]
INFO: [ view_filter ] --START--
INFO: Run Behavior\WriteHtmlCacheBehavior [ RunTime:0.000315s ]
INFO: [ view_filter ] --END-- [ RunTime:0.000371s ]
INFO: [ app_end ] --START--
INFO: Run Behavior\ShowPageTraceBehavior [ RunTime:0.001702s ]
INFO: [ app_end ] --END-- [ RunTime:0.001973s ]

[ 2017-06-12T08:37:27+08:00 ] 127.0.0.1 /admin.php?c=message
INFO: [ app_init ] --START--
INFO: Run Behavior\BuildLiteBehavior [ RunTime:0.000024s ]
INFO: [ app_init ] --END-- [ RunTime:0.000368s ]
INFO: [ app_begin ] --START--
INFO: Run Behavior\ReadHtmlCacheBehavior [ RunTime:0.000457s ]
INFO: [ app_begin ] --END-- [ RunTime:0.000512s ]
INFO: [ view_parse ] --START--
INFO: [ template_filter ] --START--
INFO: Run Behavior\ContentReplaceBehavior [ RunTime:0.000091s ]
INFO: [ template_filter ] --END-- [ RunTime:0.000159s ]
INFO: Run Behavior\ParseTemplateBehavior [ RunTime:0.016852s ]
INFO: [ view_parse ] --END-- [ RunTime:0.016925s ]
INFO: [ view_filter ] --START--
INFO: Run Behavior\WriteHtmlCacheBehavior [ RunTime:0.000280s ]
INFO: [ view_filter ] --END-- [ RunTime:0.000329s ]
INFO: [ app_end ] --START--
INFO: Run Behavior\ShowPageTraceBehavior [ RunTime:0.000790s ]
INFO: [ app_end ] --END-- [ RunTime:0.000907s ]

[ 2017-06-12T08:39:03+08:00 ] 127.0.0.1 /admin.php?c=earning
INFO: [ app_init ] --START--
INFO: Run Behavior\BuildLiteBehavior [ RunTime:0.000024s ]
INFO: [ app_init ] --END-- [ RunTime:0.000440s ]
INFO: [ app_begin ] --START--
INFO: Run Behavior\ReadHtmlCacheBehavior [ RunTime:0.000722s ]
INFO: [ app_begin ] --END-- [ RunTime:0.000790s ]
INFO: [ view_parse ] --START--
INFO: [ template_filter ] --START--
INFO: Run Behavior\ContentReplaceBehavior [ RunTime:0.000152s ]
INFO: [ template_filter ] --END-- [ RunTime:0.000280s ]
INFO: Run Behavior\ParseTemplateBehavior [ RunTime:0.019391s ]
INFO: [ view_parse ] --END-- [ RunTime:0.019465s ]
INFO: [ view_filter ] --START--
INFO: Run Behavior\WriteHtmlCacheBehavior [ RunTime:0.000460s ]
INFO: [ view_filter ] --END-- [ RunTime:0.000509s ]
INFO: [ app_end ] --START--
INFO: Run Behavior\ShowPageTraceBehavior [ RunTime:0.002032s ]
INFO: [ app_end ] --END-- [ RunTime:0.002201s ]

[ 2017-06-12T08:39:04+08:00 ] 127.0.0.1 /admin.php?c=plan
INFO: [ app_init ] --START--
INFO: Run Behavior\BuildLiteBehavior [ RunTime:0.000014s ]
INFO: [ app_init ] --END-- [ RunTime:0.000346s ]
INFO: [ app_begin ] --START--
INFO: Run Behavior\ReadHtmlCacheBehavior [ RunTime:0.000689s ]
INFO: [ app_begin ] --END-- [ RunTime:0.000755s ]
SQL: SHOW COLUMNS FROM `plan` [ RunTime:0.0122s ]
NOTIC: [2] Missing argument 1 for Think\Model::where(), called in D:\phpStudy\WWW\wap\Application\Common\Model\PlanModel.class.php on line 22 and defined D:\phpStudy\WWW\wap\ThinkPHP\Library\Think\Model.class.php 第 1797 行.
NOTIC: [8] Undefined variable: where D:\phpStudy\WWW\wap\ThinkPHP\Library\Think\Model.class.php 第 1805 行.
NOTIC: [8] Undefined variable: where D:\phpStudy\WWW\wap\ThinkPHP\Library\Think\Model.class.php 第 1808 行.
NOTIC: [8] Undefined variable: where D:\phpStudy\WWW\wap\ThinkPHP\Library\Think\Model.class.php 第 1816 行.
SQL: SELECT * FROM `plan`  [ RunTime:0.0003s ]
INFO: [ view_parse ] --START--
INFO: [ template_filter ] --START--
INFO: Run Behavior\ContentReplaceBehavior [ RunTime:0.000059s ]
INFO: [ template_filter ] --END-- [ RunTime:0.000125s ]
INFO: Run Behavior\ParseTemplateBehavior [ RunTime:0.019039s ]
INFO: [ view_parse ] --END-- [ RunTime:0.019122s ]
INFO: [ view_filter ] --START--
INFO: Run Behavior\WriteHtmlCacheBehavior [ RunTime:0.000291s ]
INFO: [ view_filter ] --END-- [ RunTime:0.000340s ]
INFO: [ app_end ] --START--
INFO: Run Behavior\ShowPageTraceBehavior [ RunTime:0.000980s ]
INFO: [ app_end ] --END-- [ RunTime:0.001152s ]

[ 2017-06-12T08:39:05+08:00 ] 127.0.0.1 /admin.php?c=earning
INFO: [ app_init ] --START--
INFO: Run Behavior\BuildLiteBehavior [ RunTime:0.000013s ]
INFO: [ app_init ] --END-- [ RunTime:0.000337s ]
INFO: [ app_begin ] --START--
INFO: Run Behavior\ReadHtmlCacheBehavior [ RunTime:0.000472s ]
INFO: [ app_begin ] --END-- [ RunTime:0.000538s ]
INFO: [ view_parse ] --START--
INFO: [ template_filter ] --START--
INFO: Run Behavior\ContentReplaceBehavior [ RunTime:0.000091s ]
INFO: [ template_filter ] --END-- [ RunTime:0.000159s ]
INFO: Run Behavior\ParseTemplateBehavior [ RunTime:0.017565s ]
INFO: [ view_parse ] --END-- [ RunTime:0.017651s ]
INFO: [ view_filter ] --START--
INFO: Run Behavior\WriteHtmlCacheBehavior [ RunTime:0.000438s ]
INFO: [ view_filter ] --END-- [ RunTime:0.000503s ]
INFO: [ app_end ] --START--
INFO: Run Behavior\ShowPageTraceBehavior [ RunTime:0.000840s ]
INFO: [ app_end ] --END-- [ RunTime:0.000965s ]

[ 2017-06-12T08:39:34+08:00 ] 127.0.0.1 /admin.php?c=user
INFO: [ app_init ] --START--
INFO: Run Behavior\BuildLiteBehavior [ RunTime:0.000014s ]
INFO: [ app_init ] --END-- [ RunTime:0.000354s ]
INFO: [ app_begin ] --START--
INFO: Run Behavior\ReadHtmlCacheBehavior [ RunTime:0.000413s ]
INFO: [ app_begin ] --END-- [ RunTime:0.000466s ]
NOTIC: [2048] Declaration of Admin\Controller\UserController::show() should be compatible with that of Think\Controller::show() D:\phpStudy\WWW\wap\Application\Admin\Controller\UserController.class.php 第 11 行.
SQL: SHOW COLUMNS FROM `user` [ RunTime:0.0120s ]
NOTIC: [2] Missing argument 1 for Think\Model::where(), called in D:\phpStudy\WWW\wap\Application\Common\Model\LoginModel.class.php on line 46 and defined D:\phpStudy\WWW\wap\ThinkPHP\Library\Think\Model.class.php 第 1797 行.
NOTIC: [8] Undefined variable: where D:\phpStudy\WWW\wap\ThinkPHP\Library\Think\Model.class.php 第 1805 行.
NOTIC: [8] Undefined variable: where D:\phpStudy\WWW\wap\ThinkPHP\Library\Think\Model.class.php 第 1808 行.
NOTIC: [8] Undefined variable: where D:\phpStudy\WWW\wap\ThinkPHP\Library\Think\Model.class.php 第 1816 行.
SQL: SELECT * FROM `user`  [ RunTime:0.0004s ]
INFO: [ view_parse ] --START--
INFO: [ template_filter ] --START--
INFO: Run Behavior\ContentReplaceBehavior [ RunTime:0.000057s ]
INFO: [ template_filter ] --END-- [ RunTime:0.000112s ]
NOTIC: [8] Undefined index: money D:\phpStudy\WWW\wap\Application\Runtime\Cache\Admin\65e605872ed5d34210f5b33beb13f5a3.php 第 130 行.
NOTIC: [8] Undefined index: money D:\phpStudy\WWW\wap\Application\Runtime\Cache\Admin\65e605872ed5d34210f5b33beb13f5a3.php 第 131 行.
NOTIC: [8] Undefined index: money D:\phpStudy\WWW\wap\Application\Runtime\Cache\Admin\65e605872ed5d34210f5b33beb13f5a3.php 第 132 行.
NOTIC: [8] Undefined index: money D:\phpStudy\WWW\wap\Application\Runtime\Cache\Admin\65e605872ed5d34210f5b33beb13f5a3.php 第 130 行.
NOTIC: [8] Undefined index: money D:\phpStudy\WWW\wap\Application\Runtime\Cache\Admin\65e605872ed5d34210f5b33beb13f5a3.php 第 131 行.
NOTIC: [8] Undefined index: money D:\phpStudy\WWW\wap\Application\Runtime\Cache\Admin\65e605872ed5d34210f5b33beb13f5a3.php 第 132 行.
NOTIC: [8] Undefined index: money D:\phpStudy\WWW\wap\Application\Runtime\Cache\Admin\65e605872ed5d34210f5b33beb13f5a3.php 第 130 行.
NOTIC: [8] Undefined index: money D:\phpStudy\WWW\wap\Application\Runtime\Cache\Admin\65e605872ed5d34210f5b33beb13f5a3.php 第 131 行.
NOTIC: [8] Undefined index: money D:\phpStudy\WWW\wap\Application\Runtime\Cache\Admin\65e605872ed5d34210f5b33beb13f5a3.php 第 132 行.
NOTIC: [8] Undefined index: money D:\phpStudy\WWW\wap\Application\Runtime\Cache\Admin\65e605872ed5d34210f5b33beb13f5a3.php 第 130 行.
NOTIC: [8] Undefined index: money D:\phpStudy\WWW\wap\Application\Runtime\Cache\Admin\65e605872ed5d34210f5b33beb13f5a3.php 第 131 行.
NOTIC: [8] Undefined index: money D:\phpStudy\WWW\wap\Application\Runtime\Cache\Admin\65e605872ed5d34210f5b33beb13f5a3.php 第 132 行.
NOTIC: [8] Undefined index: money D:\phpStudy\WWW\wap\Application\Runtime\Cache\Admin\65e605872ed5d34210f5b33beb13f5a3.php 第 130 行.
NOTIC: [8] Undefined index: money D:\phpStudy\WWW\wap\Application\Runtime\Cache\Admin\65e605872ed5d34210f5b33beb13f5a3.php 第 131 行.
NOTIC: [8] Undefined index: money D:\phpStudy\WWW\wap\Application\Runtime\Cache\Admin\65e605872ed5d34210f5b33beb13f5a3.php 第 132 行.
NOTIC: [8] Undefined index: money D:\phpStudy\WWW\wap\Application\Runtime\Cache\Admin\65e605872ed5d34210f5b33beb13f5a3.php 第 130 行.
NOTIC: [8] Undefined index: money D:\phpStudy\WWW\wap\Application\Runtime\Cache\Admin\65e605872ed5d34210f5b33beb13f5a3.php 第 131 行.
NOTIC: [8] Undefined index: money D:\phpStudy\WWW\wap\Application\Runtime\Cache\Admin\65e605872ed5d34210f5b33beb13f5a3.php 第 132 行.
NOTIC: [8] Undefined index: money D:\phpStudy\WWW\wap\Application\Runtime\Cache\Admin\65e605872ed5d34210f5b33beb13f5a3.php 第 130 行.
NOTIC: [8] Undefined index: money D:\phpStudy\WWW\wap\Application\Runtime\Cache\Admin\65e605872ed5d34210f5b33beb13f5a3.php 第 131 行.
NOTIC: [8] Undefined index: money D:\phpStudy\WWW\wap\Application\Runtime\Cache\Admin\65e605872ed5d34210f5b33beb13f5a3.php 第 132 行.
NOTIC: [8] Undefined index: money D:\phpStudy\WWW\wap\Application\Runtime\Cache\Admin\65e605872ed5d34210f5b33beb13f5a3.php 第 130 行.
NOTIC: [8] Undefined index: money D:\phpStudy\WWW\wap\Application\Runtime\Cache\Admin\65e605872ed5d34210f5b33beb13f5a3.php 第 131 行.
NOTIC: [8] Undefined index: money D:\phpStudy\WWW\wap\Application\Runtime\Cache\Admin\65e605872ed5d34210f5b33beb13f5a3.php 第 132 行.
NOTIC: [8] Undefined index: money D:\phpStudy\WWW\wap\Application\Runtime\Cache\Admin\65e605872ed5d34210f5b33beb13f5a3.php 第 130 行.
NOTIC: [8] Undefined index: money D:\phpStudy\WWW\wap\Application\Runtime\Cache\Admin\65e605872ed5d34210f5b33beb13f5a3.php 第 131 行.
NOTIC: [8] Undefined index: money D:\phpStudy\WWW\wap\Application\Runtime\Cache\Admin\65e605872ed5d34210f5b33beb13f5a3.php 第 132 行.
NOTIC: [8] Undefined index: money D:\phpStudy\WWW\wap\Application\Runtime\Cache\Admin\65e605872ed5d34210f5b33beb13f5a3.php 第 130 行.
NOTIC: [8] Undefined index: money D:\phpStudy\WWW\wap\Application\Runtime\Cache\Admin\65e605872ed5d34210f5b33beb13f5a3.php 第 131 行.
NOTIC: [8] Undefined index: money D:\phpStudy\WWW\wap\Application\Runtime\Cache\Admin\65e605872ed5d34210f5b33beb13f5a3.php 第 132 行.
INFO: Run Behavior\ParseTemplateBehavior [ RunTime:0.021041s ]
INFO: [ view_parse ] --END-- [ RunTime:0.021099s ]
INFO: [ view_filter ] --START--
INFO: Run Behavior\WriteHtmlCacheBehavior [ RunTime:0.000288s ]
INFO: [ view_filter ] --END-- [ RunTime:0.000332s ]
INFO: [ app_end ] --START--
INFO: Run Behavior\ShowPageTraceBehavior [ RunTime:0.000894s ]
INFO: [ app_end ] --END-- [ RunTime:0.000993s ]

[ 2017-06-12T08:39:41+08:00 ] 127.0.0.1 /admin.php?c=earning
INFO: [ app_init ] --START--
INFO: Run Behavior\BuildLiteBehavior [ RunTime:0.000015s ]
INFO: [ app_init ] --END-- [ RunTime:0.000374s ]
INFO: [ app_begin ] --START--
INFO: Run Behavior\ReadHtmlCacheBehavior [ RunTime:0.000427s ]
INFO: [ app_begin ] --END-- [ RunTime:0.000483s ]
INFO: [ view_parse ] --START--
INFO: [ template_filter ] --START--
INFO: Run Behavior\ContentReplaceBehavior [ RunTime:0.000091s ]
INFO: [ template_filter ] --END-- [ RunTime:0.000160s ]
INFO: Run Behavior\ParseTemplateBehavior [ RunTime:0.018340s ]
INFO: [ view_parse ] --END-- [ RunTime:0.018461s ]
INFO: [ view_filter ] --START--
INFO: Run Behavior\WriteHtmlCacheBehavior [ RunTime:0.000400s ]
INFO: [ view_filter ] --END-- [ RunTime:0.000474s ]
INFO: [ app_end ] --START--
INFO: Run Behavior\ShowPageTraceBehavior [ RunTime:0.000818s ]
INFO: [ app_end ] --END-- [ RunTime:0.000941s ]

[ 2017-06-12T08:39:51+08:00 ] 127.0.0.1 /admin.php?c=earning
INFO: [ app_init ] --START--
INFO: Run Behavior\BuildLiteBehavior [ RunTime:0.000023s ]
INFO: [ app_init ] --END-- [ RunTime:0.000383s ]
INFO: [ app_begin ] --START--
INFO: Run Behavior\ReadHtmlCacheBehavior [ RunTime:0.000414s ]
INFO: [ app_begin ] --END-- [ RunTime:0.000468s ]
INFO: [ view_parse ] --START--
INFO: [ template_filter ] --START--
INFO: Run Behavior\ContentReplaceBehavior [ RunTime:0.000091s ]
INFO: [ template_filter ] --END-- [ RunTime:0.000156s ]
INFO: Run Behavior\ParseTemplateBehavior [ RunTime:0.019019s ]
INFO: [ view_parse ] --END-- [ RunTime:0.019100s ]
INFO: [ view_filter ] --START--
INFO: Run Behavior\WriteHtmlCacheBehavior [ RunTime:0.000313s ]
INFO: [ view_filter ] --END-- [ RunTime:0.000362s ]
INFO: [ app_end ] --START--
INFO: Run Behavior\ShowPageTraceBehavior [ RunTime:0.001370s ]
INFO: [ app_end ] --END-- [ RunTime:0.001506s ]

[ 2017-06-12T08:39:53+08:00 ] 127.0.0.1 /admin.php?c=earning
INFO: [ app_init ] --START--
INFO: Run Behavior\BuildLiteBehavior [ RunTime:0.000014s ]
INFO: [ app_init ] --END-- [ RunTime:0.000345s ]
INFO: [ app_begin ] --START--
INFO: Run Behavior\ReadHtmlCacheBehavior [ RunTime:0.000493s ]
INFO: [ app_begin ] --END-- [ RunTime:0.000561s ]
INFO: [ view_parse ] --START--
INFO: [ template_filter ] --START--
INFO: Run Behavior\ContentReplaceBehavior [ RunTime:0.000090s ]
INFO: [ template_filter ] --END-- [ RunTime:0.000157s ]
INFO: Run Behavior\ParseTemplateBehavior [ RunTime:0.016811s ]
INFO: [ view_parse ] --END-- [ RunTime:0.016911s ]
INFO: [ view_filter ] --START--
INFO: Run Behavior\WriteHtmlCacheBehavior [ RunTime:0.000340s ]
INFO: [ view_filter ] --END-- [ RunTime:0.000401s ]
INFO: [ app_end ] --START--
INFO: Run Behavior\ShowPageTraceBehavior [ RunTime:0.000861s ]
INFO: [ app_end ] --END-- [ RunTime:0.001012s ]

[ 2017-06-12T08:39:58+08:00 ] 127.0.0.1 /admin.php?c=message
INFO: [ app_init ] --START--
INFO: Run Behavior\BuildLiteBehavior [ RunTime:0.000013s ]
INFO: [ app_init ] --END-- [ RunTime:0.000334s ]
INFO: [ app_begin ] --START--
INFO: Run Behavior\ReadHtmlCacheBehavior [ RunTime:0.000681s ]
INFO: [ app_begin ] --END-- [ RunTime:0.000766s ]
INFO: [ view_parse ] --START--
INFO: [ template_filter ] --START--
INFO: Run Behavior\ContentReplaceBehavior [ RunTime:0.000090s ]
INFO: [ template_filter ] --END-- [ RunTime:0.000161s ]
INFO: Run Behavior\ParseTemplateBehavior [ RunTime:0.017625s ]
INFO: [ view_parse ] --END-- [ RunTime:0.017699s ]
INFO: [ view_filter ] --START--
INFO: Run Behavior\WriteHtmlCacheBehavior [ RunTime:0.000310s ]
INFO: [ view_filter ] --END-- [ RunTime:0.000360s ]
INFO: [ app_end ] --START--
INFO: Run Behavior\ShowPageTraceBehavior [ RunTime:0.000788s ]
INFO: [ app_end ] --END-- [ RunTime:0.000905s ]

[ 2017-06-12T08:39:59+08:00 ] 127.0.0.1 /admin.php?c=earning
INFO: [ app_init ] --START--
INFO: Run Behavior\BuildLiteBehavior [ RunTime:0.000014s ]
INFO: [ app_init ] --END-- [ RunTime:0.000361s ]
INFO: [ app_begin ] --START--
INFO: Run Behavior\ReadHtmlCacheBehavior [ RunTime:0.000475s ]
INFO: [ app_begin ] --END-- [ RunTime:0.000532s ]
INFO: [ view_parse ] --START--
INFO: [ template_filter ] --START--
INFO: Run Behavior\ContentReplaceBehavior [ RunTime:0.000112s ]
INFO: [ template_filter ] --END-- [ RunTime:0.000202s ]
INFO: Run Behavior\ParseTemplateBehavior [ RunTime:0.017455s ]
INFO: [ view_parse ] --END-- [ RunTime:0.017542s ]
INFO: [ view_filter ] --START--
INFO: Run Behavior\WriteHtmlCacheBehavior [ RunTime:0.000339s ]
INFO: [ view_filter ] --END-- [ RunTime:0.000398s ]
INFO: [ app_end ] --START--
INFO: Run Behavior\ShowPageTraceBehavior [ RunTime:0.000829s ]
INFO: [ app_end ] --END-- [ RunTime:0.000934s ]

[ 2017-06-12T08:45:55+08:00 ] 127.0.0.1 /admin.php?c=user
INFO: [ app_init ] --START--
INFO: Run Behavior\BuildLiteBehavior [ RunTime:0.000016s ]
INFO: [ app_init ] --END-- [ RunTime:0.000478s ]
INFO: [ app_begin ] --START--
INFO: Run Behavior\ReadHtmlCacheBehavior [ RunTime:0.000715s ]
INFO: [ app_begin ] --END-- [ RunTime:0.000814s ]
NOTIC: [2048] Declaration of Admin\Controller\UserController::show() should be compatible with that of Think\Controller::show() D:\phpStudy\WWW\wap\Application\Admin\Controller\UserController.class.php 第 11 行.
SQL: SHOW COLUMNS FROM `user` [ RunTime:0.0105s ]
NOTIC: [2] Missing argument 1 for Think\Model::where(), called in D:\phpStudy\WWW\wap\Application\Common\Model\LoginModel.class.php on line 46 and defined D:\phpStudy\WWW\wap\ThinkPHP\Library\Think\Model.class.php 第 1797 行.
NOTIC: [8] Undefined variable: where D:\phpStudy\WWW\wap\ThinkPHP\Library\Think\Model.class.php 第 1805 行.
NOTIC: [8] Undefined variable: where D:\phpStudy\WWW\wap\ThinkPHP\Library\Think\Model.class.php 第 1808 行.
NOTIC: [8] Undefined variable: where D:\phpStudy\WWW\wap\ThinkPHP\Library\Think\Model.class.php 第 1816 行.
SQL: SELECT * FROM `user`  [ RunTime:0.0003s ]
INFO: [ view_parse ] --START--
INFO: [ template_filter ] --START--
INFO: Run Behavior\ContentReplaceBehavior [ RunTime:0.000062s ]
INFO: [ template_filter ] --END-- [ RunTime:0.000120s ]
NOTIC: [8] Undefined index: money D:\phpStudy\WWW\wap\Application\Runtime\Cache\Admin\65e605872ed5d34210f5b33beb13f5a3.php 第 130 行.
NOTIC: [8] Undefined index: money D:\phpStudy\WWW\wap\Application\Runtime\Cache\Admin\65e605872ed5d34210f5b33beb13f5a3.php 第 131 行.
NOTIC: [8] Undefined index: money D:\phpStudy\WWW\wap\Application\Runtime\Cache\Admin\65e605872ed5d34210f5b33beb13f5a3.php 第 132 行.
NOTIC: [8] Undefined index: money D:\phpStudy\WWW\wap\Application\Runtime\Cache\Admin\65e605872ed5d34210f5b33beb13f5a3.php 第 130 行.
NOTIC: [8] Undefined index: money D:\phpStudy\WWW\wap\Application\Runtime\Cache\Admin\65e605872ed5d34210f5b33beb13f5a3.php 第 131 行.
NOTIC: [8] Undefined index: money D:\phpStudy\WWW\wap\Application\Runtime\Cache\Admin\65e605872ed5d34210f5b33beb13f5a3.php 第 132 行.
NOTIC: [8] Undefined index: money D:\phpStudy\WWW\wap\Application\Runtime\Cache\Admin\65e605872ed5d34210f5b33beb13f5a3.php 第 130 行.
NOTIC: [8] Undefined index: money D:\phpStudy\WWW\wap\Application\Runtime\Cache\Admin\65e605872ed5d34210f5b33beb13f5a3.php 第 131 行.
NOTIC: [8] Undefined index: money D:\phpStudy\WWW\wap\Application\Runtime\Cache\Admin\65e605872ed5d34210f5b33beb13f5a3.php 第 132 行.
NOTIC: [8] Undefined index: money D:\phpStudy\WWW\wap\Application\Runtime\Cache\Admin\65e605872ed5d34210f5b33beb13f5a3.php 第 130 行.
NOTIC: [8] Undefined index: money D:\phpStudy\WWW\wap\Application\Runtime\Cache\Admin\65e605872ed5d34210f5b33beb13f5a3.php 第 131 行.
NOTIC: [8] Undefined index: money D:\phpStudy\WWW\wap\Application\Runtime\Cache\Admin\65e605872ed5d34210f5b33beb13f5a3.php 第 132 行.
NOTIC: [8] Undefined index: money D:\phpStudy\WWW\wap\Application\Runtime\Cache\Admin\65e605872ed5d34210f5b33beb13f5a3.php 第 130 行.
NOTIC: [8] Undefined index: money D:\phpStudy\WWW\wap\Application\Runtime\Cache\Admin\65e605872ed5d34210f5b33beb13f5a3.php 第 131 行.
NOTIC: [8] Undefined index: money D:\phpStudy\WWW\wap\Application\Runtime\Cache\Admin\65e605872ed5d34210f5b33beb13f5a3.php 第 132 行.
NOTIC: [8] Undefined index: money D:\phpStudy\WWW\wap\Application\Runtime\Cache\Admin\65e605872ed5d34210f5b33beb13f5a3.php 第 130 行.
NOTIC: [8] Undefined index: money D:\phpStudy\WWW\wap\Application\Runtime\Cache\Admin\65e605872ed5d34210f5b33beb13f5a3.php 第 131 行.
NOTIC: [8] Undefined index: money D:\phpStudy\WWW\wap\Application\Runtime\Cache\Admin\65e605872ed5d34210f5b33beb13f5a3.php 第 132 行.
NOTIC: [8] Undefined index: money D:\phpStudy\WWW\wap\Application\Runtime\Cache\Admin\65e605872ed5d34210f5b33beb13f5a3.php 第 130 行.
NOTIC: [8] Undefined index: money D:\phpStudy\WWW\wap\Application\Runtime\Cache\Admin\65e605872ed5d34210f5b33beb13f5a3.php 第 131 行.
NOTIC: [8] Undefined index: money D:\phpStudy\WWW\wap\Application\Runtime\Cache\Admin\65e605872ed5d34210f5b33beb13f5a3.php 第 132 行.
NOTIC: [8] Undefined index: money D:\phpStudy\WWW\wap\Application\Runtime\Cache\Admin\65e605872ed5d34210f5b33beb13f5a3.php 第 130 行.
NOTIC: [8] Undefined index: money D:\phpStudy\WWW\wap\Application\Runtime\Cache\Admin\65e605872ed5d34210f5b33beb13f5a3.php 第 131 行.
NOTIC: [8] Undefined index: money D:\phpStudy\WWW\wap\Application\Runtime\Cache\Admin\65e605872ed5d34210f5b33beb13f5a3.php 第 132 行.
NOTIC: [8] Undefined index: money D:\phpStudy\WWW\wap\Application\Runtime\Cache\Admin\65e605872ed5d34210f5b33beb13f5a3.php 第 130 行.
NOTIC: [8] Undefined index: money D:\phpStudy\WWW\wap\Application\Runtime\Cache\Admin\65e605872ed5d34210f5b33beb13f5a3.php 第 131 行.
NOTIC: [8] Undefined index: money D:\phpStudy\WWW\wap\Application\Runtime\Cache\Admin\65e605872ed5d34210f5b33beb13f5a3.php 第 132 行.
NOTIC: [8] Undefined index: money D:\phpStudy\WWW\wap\Application\Runtime\Cache\Admin\65e605872ed5d34210f5b33beb13f5a3.php 第 130 行.
NOTIC: [8] Undefined index: money D:\phpStudy\WWW\wap\Application\Runtime\Cache\Admin\65e605872ed5d34210f5b33beb13f5a3.php 第 131 行.
NOTIC: [8] Undefined index: money D:\phpStudy\WWW\wap\Application\Runtime\Cache\Admin\65e605872ed5d34210f5b33beb13f5a3.php 第 132 行.
INFO: Run Behavior\ParseTemplateBehavior [ RunTime:0.021534s ]
INFO: [ view_parse ] --END-- [ RunTime:0.021594s ]
INFO: [ view_filter ] --START--
INFO: Run Behavior\WriteHtmlCacheBehavior [ RunTime:0.000474s ]
INFO: [ view_filter ] --END-- [ RunTime:0.000521s ]
INFO: [ app_end ] --START--
INFO: Run Behavior\ShowPageTraceBehavior [ RunTime:0.001035s ]
INFO: [ app_end ] --END-- [ RunTime:0.001135s ]

