[ 2017-06-11T10:20:28+08:00 ] 127.0.0.1 /admin
INFO: [ app_init ] --START--
INFO: Run Behavior\BuildLiteBehavior [ RunTime:0.000033s ]
INFO: [ app_init ] --END-- [ RunTime:0.000662s ]
INFO: [ app_begin ] --START--
INFO: Run Behavior\ReadHtmlCacheBehavior [ RunTime:0.000712s ]
INFO: [ app_begin ] --END-- [ RunTime:0.000779s ]
INFO: [ view_parse ] --START--
INFO: [ template_filter ] --START--
INFO: Run Behavior\ContentReplaceBehavior [ RunTime:0.000094s ]
INFO: [ template_filter ] --END-- [ RunTime:0.000161s ]
INFO: Run Behavior\ParseTemplateBehavior [ RunTime:0.030017s ]
INFO: [ view_parse ] --END-- [ RunTime:0.030096s ]
INFO: [ view_filter ] --START--
INFO: Run Behavior\WriteHtmlCacheBehavior [ RunTime:0.000449s ]
INFO: [ view_filter ] --END-- [ RunTime:0.000496s ]
INFO: [ app_end ] --START--
INFO: Run Behavior\ShowPageTraceBehavior [ RunTime:0.001249s ]
INFO: [ app_end ] --END-- [ RunTime:0.001383s ]

[ 2017-06-11T10:20:51+08:00 ] 127.0.0.1 /admin.php?c=user
INFO: [ app_init ] --START--
INFO: Run Behavior\BuildLiteBehavior [ RunTime:0.000014s ]
INFO: [ app_init ] --END-- [ RunTime:0.000413s ]
INFO: [ app_begin ] --START--
INFO: Run Behavior\ReadHtmlCacheBehavior [ RunTime:0.000710s ]
INFO: [ app_begin ] --END-- [ RunTime:0.000790s ]
SQL: SHOW COLUMNS FROM `user` [ RunTime:0.0432s ]
NOTIC: [2] Missing argument 1 for Think\Model::where(), called in D:\phpStudy\WWW\wap\Application\Common\Model\LoginModel.class.php on line 46 and defined D:\phpStudy\WWW\wap\ThinkPHP\Library\Think\Model.class.php 第 1797 行.
NOTIC: [8] Undefined variable: where D:\phpStudy\WWW\wap\ThinkPHP\Library\Think\Model.class.php 第 1805 行.
NOTIC: [8] Undefined variable: where D:\phpStudy\WWW\wap\ThinkPHP\Library\Think\Model.class.php 第 1808 行.
NOTIC: [8] Undefined variable: where D:\phpStudy\WWW\wap\ThinkPHP\Library\Think\Model.class.php 第 1816 行.
SQL: SELECT * FROM `user`  [ RunTime:0.0005s ]
INFO: [ view_parse ] --START--
INFO: [ template_filter ] --START--
INFO: Run Behavior\ContentReplaceBehavior [ RunTime:0.000061s ]
INFO: [ template_filter ] --END-- [ RunTime:0.000123s ]
NOTIC: [8] Undefined index: money D:\phpStudy\WWW\wap\Application\Runtime\Cache\Admin\65e605872ed5d34210f5b33beb13f5a3.php 第 139 行.
NOTIC: [8] Undefined index: money D:\phpStudy\WWW\wap\Application\Runtime\Cache\Admin\65e605872ed5d34210f5b33beb13f5a3.php 第 140 行.
NOTIC: [8] Undefined index: money D:\phpStudy\WWW\wap\Application\Runtime\Cache\Admin\65e605872ed5d34210f5b33beb13f5a3.php 第 141 行.
NOTIC: [8] Undefined index: money D:\phpStudy\WWW\wap\Application\Runtime\Cache\Admin\65e605872ed5d34210f5b33beb13f5a3.php 第 139 行.
NOTIC: [8] Undefined index: money D:\phpStudy\WWW\wap\Application\Runtime\Cache\Admin\65e605872ed5d34210f5b33beb13f5a3.php 第 140 行.
NOTIC: [8] Undefined index: money D:\phpStudy\WWW\wap\Application\Runtime\Cache\Admin\65e605872ed5d34210f5b33beb13f5a3.php 第 141 行.
NOTIC: [8] Undefined index: money D:\phpStudy\WWW\wap\Application\Runtime\Cache\Admin\65e605872ed5d34210f5b33beb13f5a3.php 第 139 行.
NOTIC: [8] Undefined index: money D:\phpStudy\WWW\wap\Application\Runtime\Cache\Admin\65e605872ed5d34210f5b33beb13f5a3.php 第 140 行.
NOTIC: [8] Undefined index: money D:\phpStudy\WWW\wap\Application\Runtime\Cache\Admin\65e605872ed5d34210f5b33beb13f5a3.php 第 141 行.
NOTIC: [8] Undefined index: money D:\phpStudy\WWW\wap\Application\Runtime\Cache\Admin\65e605872ed5d34210f5b33beb13f5a3.php 第 139 行.
NOTIC: [8] Undefined index: money D:\phpStudy\WWW\wap\Application\Runtime\Cache\Admin\65e605872ed5d34210f5b33beb13f5a3.php 第 140 行.
NOTIC: [8] Undefined index: money D:\phpStudy\WWW\wap\Application\Runtime\Cache\Admin\65e605872ed5d34210f5b33beb13f5a3.php 第 141 行.
NOTIC: [8] Undefined index: money D:\phpStudy\WWW\wap\Application\Runtime\Cache\Admin\65e605872ed5d34210f5b33beb13f5a3.php 第 139 行.
NOTIC: [8] Undefined index: money D:\phpStudy\WWW\wap\Application\Runtime\Cache\Admin\65e605872ed5d34210f5b33beb13f5a3.php 第 140 行.
NOTIC: [8] Undefined index: money D:\phpStudy\WWW\wap\Application\Runtime\Cache\Admin\65e605872ed5d34210f5b33beb13f5a3.php 第 141 行.
NOTIC: [8] Undefined index: money D:\phpStudy\WWW\wap\Application\Runtime\Cache\Admin\65e605872ed5d34210f5b33beb13f5a3.php 第 139 行.
NOTIC: [8] Undefined index: money D:\phpStudy\WWW\wap\Application\Runtime\Cache\Admin\65e605872ed5d34210f5b33beb13f5a3.php 第 140 行.
NOTIC: [8] Undefined index: money D:\phpStudy\WWW\wap\Application\Runtime\Cache\Admin\65e605872ed5d34210f5b33beb13f5a3.php 第 141 行.
NOTIC: [8] Undefined index: money D:\phpStudy\WWW\wap\Application\Runtime\Cache\Admin\65e605872ed5d34210f5b33beb13f5a3.php 第 139 行.
NOTIC: [8] Undefined index: money D:\phpStudy\WWW\wap\Application\Runtime\Cache\Admin\65e605872ed5d34210f5b33beb13f5a3.php 第 140 行.
NOTIC: [8] Undefined index: money D:\phpStudy\WWW\wap\Application\Runtime\Cache\Admin\65e605872ed5d34210f5b33beb13f5a3.php 第 141 行.
NOTIC: [8] Undefined index: money D:\phpStudy\WWW\wap\Application\Runtime\Cache\Admin\65e605872ed5d34210f5b33beb13f5a3.php 第 139 行.
NOTIC: [8] Undefined index: money D:\phpStudy\WWW\wap\Application\Runtime\Cache\Admin\65e605872ed5d34210f5b33beb13f5a3.php 第 140 行.
NOTIC: [8] Undefined index: money D:\phpStudy\WWW\wap\Application\Runtime\Cache\Admin\65e605872ed5d34210f5b33beb13f5a3.php 第 141 行.
NOTIC: [8] Undefined index: money D:\phpStudy\WWW\wap\Application\Runtime\Cache\Admin\65e605872ed5d34210f5b33beb13f5a3.php 第 139 行.
NOTIC: [8] Undefined index: money D:\phpStudy\WWW\wap\Application\Runtime\Cache\Admin\65e605872ed5d34210f5b33beb13f5a3.php 第 140 行.
NOTIC: [8] Undefined index: money D:\phpStudy\WWW\wap\Application\Runtime\Cache\Admin\65e605872ed5d34210f5b33beb13f5a3.php 第 141 行.
NOTIC: [8] Undefined index: money D:\phpStudy\WWW\wap\Application\Runtime\Cache\Admin\65e605872ed5d34210f5b33beb13f5a3.php 第 139 行.
NOTIC: [8] Undefined index: money D:\phpStudy\WWW\wap\Application\Runtime\Cache\Admin\65e605872ed5d34210f5b33beb13f5a3.php 第 140 行.
NOTIC: [8] Undefined index: money D:\phpStudy\WWW\wap\Application\Runtime\Cache\Admin\65e605872ed5d34210f5b33beb13f5a3.php 第 141 行.
INFO: Run Behavior\ParseTemplateBehavior [ RunTime:0.048775s ]
INFO: [ view_parse ] --END-- [ RunTime:0.048846s ]
INFO: [ view_filter ] --START--
INFO: Run Behavior\WriteHtmlCacheBehavior [ RunTime:0.000521s ]
INFO: [ view_filter ] --END-- [ RunTime:0.000572s ]
INFO: [ app_end ] --START--
INFO: Run Behavior\ShowPageTraceBehavior [ RunTime:0.001135s ]
INFO: [ app_end ] --END-- [ RunTime:0.001251s ]

[ 2017-06-11T10:21:09+08:00 ] 127.0.0.1 /admin.php?
INFO: [ app_init ] --START--
INFO: Run Behavior\BuildLiteBehavior [ RunTime:0.000017s ]
INFO: [ app_init ] --END-- [ RunTime:0.000475s ]
INFO: [ app_begin ] --START--
INFO: Run Behavior\ReadHtmlCacheBehavior [ RunTime:0.000715s ]
INFO: [ app_begin ] --END-- [ RunTime:0.000784s ]
INFO: [ view_parse ] --START--
INFO: [ template_filter ] --START--
INFO: Run Behavior\ContentReplaceBehavior [ RunTime:0.000076s ]
INFO: [ template_filter ] --END-- [ RunTime:0.000159s ]
INFO: Run Behavior\ParseTemplateBehavior [ RunTime:0.018101s ]
INFO: [ view_parse ] --END-- [ RunTime:0.018205s ]
INFO: [ view_filter ] --START--
INFO: Run Behavior\WriteHtmlCacheBehavior [ RunTime:0.000431s ]
INFO: [ view_filter ] --END-- [ RunTime:0.000487s ]
INFO: [ app_end ] --START--
INFO: Run Behavior\ShowPageTraceBehavior [ RunTime:0.001235s ]
INFO: [ app_end ] --END-- [ RunTime:0.001339s ]

[ 2017-06-11T10:22:22+08:00 ] 127.0.0.1 /admin.php?
INFO: [ app_init ] --START--
INFO: Run Behavior\BuildLiteBehavior [ RunTime:0.000015s ]
INFO: [ app_init ] --END-- [ RunTime:0.000373s ]
INFO: [ app_begin ] --START--
INFO: Run Behavior\ReadHtmlCacheBehavior [ RunTime:0.000439s ]
INFO: [ app_begin ] --END-- [ RunTime:0.000498s ]
INFO: [ view_parse ] --START--
INFO: [ template_filter ] --START--
INFO: Run Behavior\ContentReplaceBehavior [ RunTime:0.000075s ]
INFO: [ template_filter ] --END-- [ RunTime:0.000148s ]
INFO: Run Behavior\ParseTemplateBehavior [ RunTime:0.016104s ]
INFO: [ view_parse ] --END-- [ RunTime:0.016189s ]
INFO: [ view_filter ] --START--
INFO: Run Behavior\WriteHtmlCacheBehavior [ RunTime:0.000291s ]
INFO: [ view_filter ] --END-- [ RunTime:0.000367s ]
INFO: [ app_end ] --START--
INFO: Run Behavior\ShowPageTraceBehavior [ RunTime:0.000838s ]
INFO: [ app_end ] --END-- [ RunTime:0.000988s ]

[ 2017-06-11T10:22:23+08:00 ] 127.0.0.1 /admin.php?c=user
INFO: [ app_init ] --START--
INFO: Run Behavior\BuildLiteBehavior [ RunTime:0.000024s ]
INFO: [ app_init ] --END-- [ RunTime:0.000391s ]
INFO: [ app_begin ] --START--
INFO: Run Behavior\ReadHtmlCacheBehavior [ RunTime:0.000428s ]
INFO: [ app_begin ] --END-- [ RunTime:0.000484s ]
SQL: SHOW COLUMNS FROM `user` [ RunTime:0.0115s ]
NOTIC: [2] Missing argument 1 for Think\Model::where(), called in D:\phpStudy\WWW\wap\Application\Common\Model\LoginModel.class.php on line 46 and defined D:\phpStudy\WWW\wap\ThinkPHP\Library\Think\Model.class.php 第 1797 行.
NOTIC: [8] Undefined variable: where D:\phpStudy\WWW\wap\ThinkPHP\Library\Think\Model.class.php 第 1805 行.
NOTIC: [8] Undefined variable: where D:\phpStudy\WWW\wap\ThinkPHP\Library\Think\Model.class.php 第 1808 行.
NOTIC: [8] Undefined variable: where D:\phpStudy\WWW\wap\ThinkPHP\Library\Think\Model.class.php 第 1816 行.
SQL: SELECT * FROM `user`  [ RunTime:0.0004s ]
INFO: [ view_parse ] --START--
INFO: [ template_filter ] --START--
INFO: Run Behavior\ContentReplaceBehavior [ RunTime:0.000059s ]
INFO: [ template_filter ] --END-- [ RunTime:0.000118s ]
NOTIC: [8] Undefined index: money D:\phpStudy\WWW\wap\Application\Runtime\Cache\Admin\65e605872ed5d34210f5b33beb13f5a3.php 第 139 行.
NOTIC: [8] Undefined index: money D:\phpStudy\WWW\wap\Application\Runtime\Cache\Admin\65e605872ed5d34210f5b33beb13f5a3.php 第 140 行.
NOTIC: [8] Undefined index: money D:\phpStudy\WWW\wap\Application\Runtime\Cache\Admin\65e605872ed5d34210f5b33beb13f5a3.php 第 141 行.
NOTIC: [8] Undefined index: money D:\phpStudy\WWW\wap\Application\Runtime\Cache\Admin\65e605872ed5d34210f5b33beb13f5a3.php 第 139 行.
NOTIC: [8] Undefined index: money D:\phpStudy\WWW\wap\Application\Runtime\Cache\Admin\65e605872ed5d34210f5b33beb13f5a3.php 第 140 行.
NOTIC: [8] Undefined index: money D:\phpStudy\WWW\wap\Application\Runtime\Cache\Admin\65e605872ed5d34210f5b33beb13f5a3.php 第 141 行.
NOTIC: [8] Undefined index: money D:\phpStudy\WWW\wap\Application\Runtime\Cache\Admin\65e605872ed5d34210f5b33beb13f5a3.php 第 139 行.
NOTIC: [8] Undefined index: money D:\phpStudy\WWW\wap\Application\Runtime\Cache\Admin\65e605872ed5d34210f5b33beb13f5a3.php 第 140 行.
NOTIC: [8] Undefined index: money D:\phpStudy\WWW\wap\Application\Runtime\Cache\Admin\65e605872ed5d34210f5b33beb13f5a3.php 第 141 行.
NOTIC: [8] Undefined index: money D:\phpStudy\WWW\wap\Application\Runtime\Cache\Admin\65e605872ed5d34210f5b33beb13f5a3.php 第 139 行.
NOTIC: [8] Undefined index: money D:\phpStudy\WWW\wap\Application\Runtime\Cache\Admin\65e605872ed5d34210f5b33beb13f5a3.php 第 140 行.
NOTIC: [8] Undefined index: money D:\phpStudy\WWW\wap\Application\Runtime\Cache\Admin\65e605872ed5d34210f5b33beb13f5a3.php 第 141 行.
NOTIC: [8] Undefined index: money D:\phpStudy\WWW\wap\Application\Runtime\Cache\Admin\65e605872ed5d34210f5b33beb13f5a3.php 第 139 行.
NOTIC: [8] Undefined index: money D:\phpStudy\WWW\wap\Application\Runtime\Cache\Admin\65e605872ed5d34210f5b33beb13f5a3.php 第 140 行.
NOTIC: [8] Undefined index: money D:\phpStudy\WWW\wap\Application\Runtime\Cache\Admin\65e605872ed5d34210f5b33beb13f5a3.php 第 141 行.
NOTIC: [8] Undefined index: money D:\phpStudy\WWW\wap\Application\Runtime\Cache\Admin\65e605872ed5d34210f5b33beb13f5a3.php 第 139 行.
NOTIC: [8] Undefined index: money D:\phpStudy\WWW\wap\Application\Runtime\Cache\Admin\65e605872ed5d34210f5b33beb13f5a3.php 第 140 行.
NOTIC: [8] Undefined index: money D:\phpStudy\WWW\wap\Application\Runtime\Cache\Admin\65e605872ed5d34210f5b33beb13f5a3.php 第 141 行.
NOTIC: [8] Undefined index: money D:\phpStudy\WWW\wap\Application\Runtime\Cache\Admin\65e605872ed5d34210f5b33beb13f5a3.php 第 139 行.
NOTIC: [8] Undefined index: money D:\phpStudy\WWW\wap\Application\Runtime\Cache\Admin\65e605872ed5d34210f5b33beb13f5a3.php 第 140 行.
NOTIC: [8] Undefined index: money D:\phpStudy\WWW\wap\Application\Runtime\Cache\Admin\65e605872ed5d34210f5b33beb13f5a3.php 第 141 行.
NOTIC: [8] Undefined index: money D:\phpStudy\WWW\wap\Application\Runtime\Cache\Admin\65e605872ed5d34210f5b33beb13f5a3.php 第 139 行.
NOTIC: [8] Undefined index: money D:\phpStudy\WWW\wap\Application\Runtime\Cache\Admin\65e605872ed5d34210f5b33beb13f5a3.php 第 140 行.
NOTIC: [8] Undefined index: money D:\phpStudy\WWW\wap\Application\Runtime\Cache\Admin\65e605872ed5d34210f5b33beb13f5a3.php 第 141 行.
NOTIC: [8] Undefined index: money D:\phpStudy\WWW\wap\Application\Runtime\Cache\Admin\65e605872ed5d34210f5b33beb13f5a3.php 第 139 行.
NOTIC: [8] Undefined index: money D:\phpStudy\WWW\wap\Application\Runtime\Cache\Admin\65e605872ed5d34210f5b33beb13f5a3.php 第 140 行.
NOTIC: [8] Undefined index: money D:\phpStudy\WWW\wap\Application\Runtime\Cache\Admin\65e605872ed5d34210f5b33beb13f5a3.php 第 141 行.
NOTIC: [8] Undefined index: money D:\phpStudy\WWW\wap\Application\Runtime\Cache\Admin\65e605872ed5d34210f5b33beb13f5a3.php 第 139 行.
NOTIC: [8] Undefined index: money D:\phpStudy\WWW\wap\Application\Runtime\Cache\Admin\65e605872ed5d34210f5b33beb13f5a3.php 第 140 行.
NOTIC: [8] Undefined index: money D:\phpStudy\WWW\wap\Application\Runtime\Cache\Admin\65e605872ed5d34210f5b33beb13f5a3.php 第 141 行.
INFO: Run Behavior\ParseTemplateBehavior [ RunTime:0.023846s ]
INFO: [ view_parse ] --END-- [ RunTime:0.023921s ]
INFO: [ view_filter ] --START--
INFO: Run Behavior\WriteHtmlCacheBehavior [ RunTime:0.000280s ]
INFO: [ view_filter ] --END-- [ RunTime:0.000323s ]
INFO: [ app_end ] --START--
INFO: Run Behavior\ShowPageTraceBehavior [ RunTime:0.000807s ]
INFO: [ app_end ] --END-- [ RunTime:0.000890s ]

[ 2017-06-11T10:23:31+08:00 ] 127.0.0.1 /admin.php?c=user
INFO: [ app_init ] --START--
INFO: Run Behavior\BuildLiteBehavior [ RunTime:0.000014s ]
INFO: [ app_init ] --END-- [ RunTime:0.000441s ]
INFO: [ app_begin ] --START--
INFO: Run Behavior\ReadHtmlCacheBehavior [ RunTime:0.000667s ]
INFO: [ app_begin ] --END-- [ RunTime:0.000727s ]
SQL: SHOW COLUMNS FROM `user` [ RunTime:0.0129s ]
NOTIC: [2] Missing argument 1 for Think\Model::where(), called in D:\phpStudy\WWW\wap\Application\Common\Model\LoginModel.class.php on line 46 and defined D:\phpStudy\WWW\wap\ThinkPHP\Library\Think\Model.class.php 第 1797 行.
NOTIC: [8] Undefined variable: where D:\phpStudy\WWW\wap\ThinkPHP\Library\Think\Model.class.php 第 1805 行.
NOTIC: [8] Undefined variable: where D:\phpStudy\WWW\wap\ThinkPHP\Library\Think\Model.class.php 第 1808 行.
NOTIC: [8] Undefined variable: where D:\phpStudy\WWW\wap\ThinkPHP\Library\Think\Model.class.php 第 1816 行.
SQL: SELECT * FROM `user`  [ RunTime:0.0004s ]
INFO: [ view_parse ] --START--
INFO: [ template_filter ] --START--
INFO: Run Behavior\ContentReplaceBehavior [ RunTime:0.000061s ]
INFO: [ template_filter ] --END-- [ RunTime:0.000129s ]
NOTIC: [8] Undefined index: money D:\phpStudy\WWW\wap\Application\Runtime\Cache\Admin\65e605872ed5d34210f5b33beb13f5a3.php 第 138 行.
NOTIC: [8] Undefined index: money D:\phpStudy\WWW\wap\Application\Runtime\Cache\Admin\65e605872ed5d34210f5b33beb13f5a3.php 第 139 行.
NOTIC: [8] Undefined index: money D:\phpStudy\WWW\wap\Application\Runtime\Cache\Admin\65e605872ed5d34210f5b33beb13f5a3.php 第 140 行.
NOTIC: [8] Undefined index: money D:\phpStudy\WWW\wap\Application\Runtime\Cache\Admin\65e605872ed5d34210f5b33beb13f5a3.php 第 138 行.
NOTIC: [8] Undefined index: money D:\phpStudy\WWW\wap\Application\Runtime\Cache\Admin\65e605872ed5d34210f5b33beb13f5a3.php 第 139 行.
NOTIC: [8] Undefined index: money D:\phpStudy\WWW\wap\Application\Runtime\Cache\Admin\65e605872ed5d34210f5b33beb13f5a3.php 第 140 行.
NOTIC: [8] Undefined index: money D:\phpStudy\WWW\wap\Application\Runtime\Cache\Admin\65e605872ed5d34210f5b33beb13f5a3.php 第 138 行.
NOTIC: [8] Undefined index: money D:\phpStudy\WWW\wap\Application\Runtime\Cache\Admin\65e605872ed5d34210f5b33beb13f5a3.php 第 139 行.
NOTIC: [8] Undefined index: money D:\phpStudy\WWW\wap\Application\Runtime\Cache\Admin\65e605872ed5d34210f5b33beb13f5a3.php 第 140 行.
NOTIC: [8] Undefined index: money D:\phpStudy\WWW\wap\Application\Runtime\Cache\Admin\65e605872ed5d34210f5b33beb13f5a3.php 第 138 行.
NOTIC: [8] Undefined index: money D:\phpStudy\WWW\wap\Application\Runtime\Cache\Admin\65e605872ed5d34210f5b33beb13f5a3.php 第 139 行.
NOTIC: [8] Undefined index: money D:\phpStudy\WWW\wap\Application\Runtime\Cache\Admin\65e605872ed5d34210f5b33beb13f5a3.php 第 140 行.
NOTIC: [8] Undefined index: money D:\phpStudy\WWW\wap\Application\Runtime\Cache\Admin\65e605872ed5d34210f5b33beb13f5a3.php 第 138 行.
NOTIC: [8] Undefined index: money D:\phpStudy\WWW\wap\Application\Runtime\Cache\Admin\65e605872ed5d34210f5b33beb13f5a3.php 第 139 行.
NOTIC: [8] Undefined index: money D:\phpStudy\WWW\wap\Application\Runtime\Cache\Admin\65e605872ed5d34210f5b33beb13f5a3.php 第 140 行.
NOTIC: [8] Undefined index: money D:\phpStudy\WWW\wap\Application\Runtime\Cache\Admin\65e605872ed5d34210f5b33beb13f5a3.php 第 138 行.
NOTIC: [8] Undefined index: money D:\phpStudy\WWW\wap\Application\Runtime\Cache\Admin\65e605872ed5d34210f5b33beb13f5a3.php 第 139 行.
NOTIC: [8] Undefined index: money D:\phpStudy\WWW\wap\Application\Runtime\Cache\Admin\65e605872ed5d34210f5b33beb13f5a3.php 第 140 行.
NOTIC: [8] Undefined index: money D:\phpStudy\WWW\wap\Application\Runtime\Cache\Admin\65e605872ed5d34210f5b33beb13f5a3.php 第 138 行.
NOTIC: [8] Undefined index: money D:\phpStudy\WWW\wap\Application\Runtime\Cache\Admin\65e605872ed5d34210f5b33beb13f5a3.php 第 139 行.
NOTIC: [8] Undefined index: money D:\phpStudy\WWW\wap\Application\Runtime\Cache\Admin\65e605872ed5d34210f5b33beb13f5a3.php 第 140 行.
NOTIC: [8] Undefined index: money D:\phpStudy\WWW\wap\Application\Runtime\Cache\Admin\65e605872ed5d34210f5b33beb13f5a3.php 第 138 行.
NOTIC: [8] Undefined index: money D:\phpStudy\WWW\wap\Application\Runtime\Cache\Admin\65e605872ed5d34210f5b33beb13f5a3.php 第 139 行.
NOTIC: [8] Undefined index: money D:\phpStudy\WWW\wap\Application\Runtime\Cache\Admin\65e605872ed5d34210f5b33beb13f5a3.php 第 140 行.
NOTIC: [8] Undefined index: money D:\phpStudy\WWW\wap\Application\Runtime\Cache\Admin\65e605872ed5d34210f5b33beb13f5a3.php 第 138 行.
NOTIC: [8] Undefined index: money D:\phpStudy\WWW\wap\Application\Runtime\Cache\Admin\65e605872ed5d34210f5b33beb13f5a3.php 第 139 行.
NOTIC: [8] Undefined index: money D:\phpStudy\WWW\wap\Application\Runtime\Cache\Admin\65e605872ed5d34210f5b33beb13f5a3.php 第 140 行.
NOTIC: [8] Undefined index: money D:\phpStudy\WWW\wap\Application\Runtime\Cache\Admin\65e605872ed5d34210f5b33beb13f5a3.php 第 138 行.
NOTIC: [8] Undefined index: money D:\phpStudy\WWW\wap\Application\Runtime\Cache\Admin\65e605872ed5d34210f5b33beb13f5a3.php 第 139 行.
NOTIC: [8] Undefined index: money D:\phpStudy\WWW\wap\Application\Runtime\Cache\Admin\65e605872ed5d34210f5b33beb13f5a3.php 第 140 行.
INFO: Run Behavior\ParseTemplateBehavior [ RunTime:0.024094s ]
INFO: [ view_parse ] --END-- [ RunTime:0.024160s ]
INFO: [ view_filter ] --START--
INFO: Run Behavior\WriteHtmlCacheBehavior [ RunTime:0.000606s ]
INFO: [ view_filter ] --END-- [ RunTime:0.000661s ]
INFO: [ app_end ] --START--
INFO: Run Behavior\ShowPageTraceBehavior [ RunTime:0.001841s ]
INFO: [ app_end ] --END-- [ RunTime:0.001958s ]

[ 2017-06-11T10:23:35+08:00 ] 127.0.0.1 /admin.php?
INFO: [ app_init ] --START--
INFO: Run Behavior\BuildLiteBehavior [ RunTime:0.000015s ]
INFO: [ app_init ] --END-- [ RunTime:0.000370s ]
INFO: [ app_begin ] --START--
INFO: Run Behavior\ReadHtmlCacheBehavior [ RunTime:0.000693s ]
INFO: [ app_begin ] --END-- [ RunTime:0.000784s ]
INFO: [ view_parse ] --START--
INFO: [ template_filter ] --START--
INFO: Run Behavior\ContentReplaceBehavior [ RunTime:0.000080s ]
INFO: [ template_filter ] --END-- [ RunTime:0.000153s ]
INFO: Run Behavior\ParseTemplateBehavior [ RunTime:0.020033s ]
INFO: [ view_parse ] --END-- [ RunTime:0.020173s ]
INFO: [ view_filter ] --START--
INFO: Run Behavior\WriteHtmlCacheBehavior [ RunTime:0.000366s ]
INFO: [ view_filter ] --END-- [ RunTime:0.000446s ]
INFO: [ app_end ] --START--
INFO: Run Behavior\ShowPageTraceBehavior [ RunTime:0.000763s ]
INFO: [ app_end ] --END-- [ RunTime:0.000859s ]

[ 2017-06-11T10:23:37+08:00 ] 127.0.0.1 /admin.php?c=user
INFO: [ app_init ] --START--
INFO: Run Behavior\BuildLiteBehavior [ RunTime:0.000021s ]
INFO: [ app_init ] --END-- [ RunTime:0.000362s ]
INFO: [ app_begin ] --START--
INFO: Run Behavior\ReadHtmlCacheBehavior [ RunTime:0.000419s ]
INFO: [ app_begin ] --END-- [ RunTime:0.000493s ]
SQL: SHOW COLUMNS FROM `user` [ RunTime:0.0133s ]
NOTIC: [2] Missing argument 1 for Think\Model::where(), called in D:\phpStudy\WWW\wap\Application\Common\Model\LoginModel.class.php on line 46 and defined D:\phpStudy\WWW\wap\ThinkPHP\Library\Think\Model.class.php 第 1797 行.
NOTIC: [8] Undefined variable: where D:\phpStudy\WWW\wap\ThinkPHP\Library\Think\Model.class.php 第 1805 行.
NOTIC: [8] Undefined variable: where D:\phpStudy\WWW\wap\ThinkPHP\Library\Think\Model.class.php 第 1808 行.
NOTIC: [8] Undefined variable: where D:\phpStudy\WWW\wap\ThinkPHP\Library\Think\Model.class.php 第 1816 行.
SQL: SELECT * FROM `user`  [ RunTime:0.0004s ]
INFO: [ view_parse ] --START--
INFO: [ template_filter ] --START--
INFO: Run Behavior\ContentReplaceBehavior [ RunTime:0.000059s ]
INFO: [ template_filter ] --END-- [ RunTime:0.000121s ]
NOTIC: [8] Undefined index: money D:\phpStudy\WWW\wap\Application\Runtime\Cache\Admin\65e605872ed5d34210f5b33beb13f5a3.php 第 138 行.
NOTIC: [8] Undefined index: money D:\phpStudy\WWW\wap\Application\Runtime\Cache\Admin\65e605872ed5d34210f5b33beb13f5a3.php 第 139 行.
NOTIC: [8] Undefined index: money D:\phpStudy\WWW\wap\Application\Runtime\Cache\Admin\65e605872ed5d34210f5b33beb13f5a3.php 第 140 行.
NOTIC: [8] Undefined index: money D:\phpStudy\WWW\wap\Application\Runtime\Cache\Admin\65e605872ed5d34210f5b33beb13f5a3.php 第 138 行.
NOTIC: [8] Undefined index: money D:\phpStudy\WWW\wap\Application\Runtime\Cache\Admin\65e605872ed5d34210f5b33beb13f5a3.php 第 139 行.
NOTIC: [8] Undefined index: money D:\phpStudy\WWW\wap\Application\Runtime\Cache\Admin\65e605872ed5d34210f5b33beb13f5a3.php 第 140 行.
NOTIC: [8] Undefined index: money D:\phpStudy\WWW\wap\Application\Runtime\Cache\Admin\65e605872ed5d34210f5b33beb13f5a3.php 第 138 行.
NOTIC: [8] Undefined index: money D:\phpStudy\WWW\wap\Application\Runtime\Cache\Admin\65e605872ed5d34210f5b33beb13f5a3.php 第 139 行.
NOTIC: [8] Undefined index: money D:\phpStudy\WWW\wap\Application\Runtime\Cache\Admin\65e605872ed5d34210f5b33beb13f5a3.php 第 140 行.
NOTIC: [8] Undefined index: money D:\phpStudy\WWW\wap\Application\Runtime\Cache\Admin\65e605872ed5d34210f5b33beb13f5a3.php 第 138 行.
NOTIC: [8] Undefined index: money D:\phpStudy\WWW\wap\Application\Runtime\Cache\Admin\65e605872ed5d34210f5b33beb13f5a3.php 第 139 行.
NOTIC: [8] Undefined index: money D:\phpStudy\WWW\wap\Application\Runtime\Cache\Admin\65e605872ed5d34210f5b33beb13f5a3.php 第 140 行.
NOTIC: [8] Undefined index: money D:\phpStudy\WWW\wap\Application\Runtime\Cache\Admin\65e605872ed5d34210f5b33beb13f5a3.php 第 138 行.
NOTIC: [8] Undefined index: money D:\phpStudy\WWW\wap\Application\Runtime\Cache\Admin\65e605872ed5d34210f5b33beb13f5a3.php 第 139 行.
NOTIC: [8] Undefined index: money D:\phpStudy\WWW\wap\Application\Runtime\Cache\Admin\65e605872ed5d34210f5b33beb13f5a3.php 第 140 行.
NOTIC: [8] Undefined index: money D:\phpStudy\WWW\wap\Application\Runtime\Cache\Admin\65e605872ed5d34210f5b33beb13f5a3.php 第 138 行.
NOTIC: [8] Undefined index: money D:\phpStudy\WWW\wap\Application\Runtime\Cache\Admin\65e605872ed5d34210f5b33beb13f5a3.php 第 139 行.
NOTIC: [8] Undefined index: money D:\phpStudy\WWW\wap\Application\Runtime\Cache\Admin\65e605872ed5d34210f5b33beb13f5a3.php 第 140 行.
NOTIC: [8] Undefined index: money D:\phpStudy\WWW\wap\Application\Runtime\Cache\Admin\65e605872ed5d34210f5b33beb13f5a3.php 第 138 行.
NOTIC: [8] Undefined index: money D:\phpStudy\WWW\wap\Application\Runtime\Cache\Admin\65e605872ed5d34210f5b33beb13f5a3.php 第 139 行.
NOTIC: [8] Undefined index: money D:\phpStudy\WWW\wap\Application\Runtime\Cache\Admin\65e605872ed5d34210f5b33beb13f5a3.php 第 140 行.
NOTIC: [8] Undefined index: money D:\phpStudy\WWW\wap\Application\Runtime\Cache\Admin\65e605872ed5d34210f5b33beb13f5a3.php 第 138 行.
NOTIC: [8] Undefined index: money D:\phpStudy\WWW\wap\Application\Runtime\Cache\Admin\65e605872ed5d34210f5b33beb13f5a3.php 第 139 行.
NOTIC: [8] Undefined index: money D:\phpStudy\WWW\wap\Application\Runtime\Cache\Admin\65e605872ed5d34210f5b33beb13f5a3.php 第 140 行.
NOTIC: [8] Undefined index: money D:\phpStudy\WWW\wap\Application\Runtime\Cache\Admin\65e605872ed5d34210f5b33beb13f5a3.php 第 138 行.
NOTIC: [8] Undefined index: money D:\phpStudy\WWW\wap\Application\Runtime\Cache\Admin\65e605872ed5d34210f5b33beb13f5a3.php 第 139 行.
NOTIC: [8] Undefined index: money D:\phpStudy\WWW\wap\Application\Runtime\Cache\Admin\65e605872ed5d34210f5b33beb13f5a3.php 第 140 行.
NOTIC: [8] Undefined index: money D:\phpStudy\WWW\wap\Application\Runtime\Cache\Admin\65e605872ed5d34210f5b33beb13f5a3.php 第 138 行.
NOTIC: [8] Undefined index: money D:\phpStudy\WWW\wap\Application\Runtime\Cache\Admin\65e605872ed5d34210f5b33beb13f5a3.php 第 139 行.
NOTIC: [8] Undefined index: money D:\phpStudy\WWW\wap\Application\Runtime\Cache\Admin\65e605872ed5d34210f5b33beb13f5a3.php 第 140 行.
INFO: Run Behavior\ParseTemplateBehavior [ RunTime:0.023593s ]
INFO: [ view_parse ] --END-- [ RunTime:0.023646s ]
INFO: [ view_filter ] --START--
INFO: Run Behavior\WriteHtmlCacheBehavior [ RunTime:0.000270s ]
INFO: [ view_filter ] --END-- [ RunTime:0.000313s ]
INFO: [ app_end ] --START--
INFO: Run Behavior\ShowPageTraceBehavior [ RunTime:0.000600s ]
INFO: [ app_end ] --END-- [ RunTime:0.000672s ]

[ 2017-06-11T10:30:01+08:00 ] 127.0.0.1 /admin.php?c=user
INFO: [ app_init ] --START--
INFO: Run Behavior\BuildLiteBehavior [ RunTime:0.000015s ]
INFO: [ app_init ] --END-- [ RunTime:0.000456s ]
INFO: [ app_begin ] --START--
INFO: Run Behavior\ReadHtmlCacheBehavior [ RunTime:0.000679s ]
INFO: [ app_begin ] --END-- [ RunTime:0.000739s ]
SQL: SHOW COLUMNS FROM `user` [ RunTime:0.0116s ]
NOTIC: [2] Missing argument 1 for Think\Model::where(), called in D:\phpStudy\WWW\wap\Application\Common\Model\LoginModel.class.php on line 46 and defined D:\phpStudy\WWW\wap\ThinkPHP\Library\Think\Model.class.php 第 1797 行.
NOTIC: [8] Undefined variable: where D:\phpStudy\WWW\wap\ThinkPHP\Library\Think\Model.class.php 第 1805 行.
NOTIC: [8] Undefined variable: where D:\phpStudy\WWW\wap\ThinkPHP\Library\Think\Model.class.php 第 1808 行.
NOTIC: [8] Undefined variable: where D:\phpStudy\WWW\wap\ThinkPHP\Library\Think\Model.class.php 第 1816 行.
SQL: SELECT * FROM `user`  [ RunTime:0.0004s ]
INFO: [ view_parse ] --START--
INFO: [ template_filter ] --START--
INFO: Run Behavior\ContentReplaceBehavior [ RunTime:0.000074s ]
INFO: [ template_filter ] --END-- [ RunTime:0.000158s ]
NOTIC: [8] Undefined index: money D:\phpStudy\WWW\wap\Application\Runtime\Cache\Admin\65e605872ed5d34210f5b33beb13f5a3.php 第 138 行.
NOTIC: [8] Undefined index: money D:\phpStudy\WWW\wap\Application\Runtime\Cache\Admin\65e605872ed5d34210f5b33beb13f5a3.php 第 139 行.
NOTIC: [8] Undefined index: money D:\phpStudy\WWW\wap\Application\Runtime\Cache\Admin\65e605872ed5d34210f5b33beb13f5a3.php 第 140 行.
NOTIC: [8] Undefined index: money D:\phpStudy\WWW\wap\Application\Runtime\Cache\Admin\65e605872ed5d34210f5b33beb13f5a3.php 第 138 行.
NOTIC: [8] Undefined index: money D:\phpStudy\WWW\wap\Application\Runtime\Cache\Admin\65e605872ed5d34210f5b33beb13f5a3.php 第 139 行.
NOTIC: [8] Undefined index: money D:\phpStudy\WWW\wap\Application\Runtime\Cache\Admin\65e605872ed5d34210f5b33beb13f5a3.php 第 140 行.
NOTIC: [8] Undefined index: money D:\phpStudy\WWW\wap\Application\Runtime\Cache\Admin\65e605872ed5d34210f5b33beb13f5a3.php 第 138 行.
NOTIC: [8] Undefined index: money D:\phpStudy\WWW\wap\Application\Runtime\Cache\Admin\65e605872ed5d34210f5b33beb13f5a3.php 第 139 行.
NOTIC: [8] Undefined index: money D:\phpStudy\WWW\wap\Application\Runtime\Cache\Admin\65e605872ed5d34210f5b33beb13f5a3.php 第 140 行.
NOTIC: [8] Undefined index: money D:\phpStudy\WWW\wap\Application\Runtime\Cache\Admin\65e605872ed5d34210f5b33beb13f5a3.php 第 138 行.
NOTIC: [8] Undefined index: money D:\phpStudy\WWW\wap\Application\Runtime\Cache\Admin\65e605872ed5d34210f5b33beb13f5a3.php 第 139 行.
NOTIC: [8] Undefined index: money D:\phpStudy\WWW\wap\Application\Runtime\Cache\Admin\65e605872ed5d34210f5b33beb13f5a3.php 第 140 行.
NOTIC: [8] Undefined index: money D:\phpStudy\WWW\wap\Application\Runtime\Cache\Admin\65e605872ed5d34210f5b33beb13f5a3.php 第 138 行.
NOTIC: [8] Undefined index: money D:\phpStudy\WWW\wap\Application\Runtime\Cache\Admin\65e605872ed5d34210f5b33beb13f5a3.php 第 139 行.
NOTIC: [8] Undefined index: money D:\phpStudy\WWW\wap\Application\Runtime\Cache\Admin\65e605872ed5d34210f5b33beb13f5a3.php 第 140 行.
NOTIC: [8] Undefined index: money D:\phpStudy\WWW\wap\Application\Runtime\Cache\Admin\65e605872ed5d34210f5b33beb13f5a3.php 第 138 行.
NOTIC: [8] Undefined index: money D:\phpStudy\WWW\wap\Application\Runtime\Cache\Admin\65e605872ed5d34210f5b33beb13f5a3.php 第 139 行.
NOTIC: [8] Undefined index: money D:\phpStudy\WWW\wap\Application\Runtime\Cache\Admin\65e605872ed5d34210f5b33beb13f5a3.php 第 140 行.
NOTIC: [8] Undefined index: money D:\phpStudy\WWW\wap\Application\Runtime\Cache\Admin\65e605872ed5d34210f5b33beb13f5a3.php 第 138 行.
NOTIC: [8] Undefined index: money D:\phpStudy\WWW\wap\Application\Runtime\Cache\Admin\65e605872ed5d34210f5b33beb13f5a3.php 第 139 行.
NOTIC: [8] Undefined index: money D:\phpStudy\WWW\wap\Application\Runtime\Cache\Admin\65e605872ed5d34210f5b33beb13f5a3.php 第 140 行.
NOTIC: [8] Undefined index: money D:\phpStudy\WWW\wap\Application\Runtime\Cache\Admin\65e605872ed5d34210f5b33beb13f5a3.php 第 138 行.
NOTIC: [8] Undefined index: money D:\phpStudy\WWW\wap\Application\Runtime\Cache\Admin\65e605872ed5d34210f5b33beb13f5a3.php 第 139 行.
NOTIC: [8] Undefined index: money D:\phpStudy\WWW\wap\Application\Runtime\Cache\Admin\65e605872ed5d34210f5b33beb13f5a3.php 第 140 行.
NOTIC: [8] Undefined index: money D:\phpStudy\WWW\wap\Application\Runtime\Cache\Admin\65e605872ed5d34210f5b33beb13f5a3.php 第 138 行.
NOTIC: [8] Undefined index: money D:\phpStudy\WWW\wap\Application\Runtime\Cache\Admin\65e605872ed5d34210f5b33beb13f5a3.php 第 139 行.
NOTIC: [8] Undefined index: money D:\phpStudy\WWW\wap\Application\Runtime\Cache\Admin\65e605872ed5d34210f5b33beb13f5a3.php 第 140 行.
NOTIC: [8] Undefined index: money D:\phpStudy\WWW\wap\Application\Runtime\Cache\Admin\65e605872ed5d34210f5b33beb13f5a3.php 第 138 行.
NOTIC: [8] Undefined index: money D:\phpStudy\WWW\wap\Application\Runtime\Cache\Admin\65e605872ed5d34210f5b33beb13f5a3.php 第 139 行.
NOTIC: [8] Undefined index: money D:\phpStudy\WWW\wap\Application\Runtime\Cache\Admin\65e605872ed5d34210f5b33beb13f5a3.php 第 140 行.
INFO: Run Behavior\ParseTemplateBehavior [ RunTime:0.024428s ]
INFO: [ view_parse ] --END-- [ RunTime:0.024488s ]
INFO: [ view_filter ] --START--
INFO: Run Behavior\WriteHtmlCacheBehavior [ RunTime:0.000445s ]
INFO: [ view_filter ] --END-- [ RunTime:0.000493s ]
INFO: [ app_end ] --START--
INFO: Run Behavior\ShowPageTraceBehavior [ RunTime:0.001251s ]
INFO: [ app_end ] --END-- [ RunTime:0.001372s ]

[ 2017-06-11T10:38:34+08:00 ] 127.0.0.1 /admin.php?c=user
INFO: [ app_init ] --START--
INFO: Run Behavior\BuildLiteBehavior [ RunTime:0.000032s ]
INFO: [ app_init ] --END-- [ RunTime:0.000484s ]
INFO: [ app_begin ] --START--
INFO: Run Behavior\ReadHtmlCacheBehavior [ RunTime:0.000679s ]
INFO: [ app_begin ] --END-- [ RunTime:0.000753s ]
NOTIC: [2048] Declaration of Admin\Controller\UserController::show() should be compatible with that of Think\Controller::show() D:\phpStudy\WWW\wap\Application\Admin\Controller\UserController.class.php 第 11 行.
SQL: SHOW COLUMNS FROM `user` [ RunTime:0.0138s ]
NOTIC: [2] Missing argument 1 for Think\Model::where(), called in D:\phpStudy\WWW\wap\Application\Common\Model\LoginModel.class.php on line 46 and defined D:\phpStudy\WWW\wap\ThinkPHP\Library\Think\Model.class.php 第 1797 行.
NOTIC: [8] Undefined variable: where D:\phpStudy\WWW\wap\ThinkPHP\Library\Think\Model.class.php 第 1805 行.
NOTIC: [8] Undefined variable: where D:\phpStudy\WWW\wap\ThinkPHP\Library\Think\Model.class.php 第 1808 行.
NOTIC: [8] Undefined variable: where D:\phpStudy\WWW\wap\ThinkPHP\Library\Think\Model.class.php 第 1816 行.
SQL: SELECT * FROM `user`  [ RunTime:0.0004s ]
INFO: [ view_parse ] --START--
INFO: [ template_filter ] --START--
INFO: Run Behavior\ContentReplaceBehavior [ RunTime:0.000061s ]
INFO: [ template_filter ] --END-- [ RunTime:0.000126s ]
NOTIC: [8] Undefined index: money D:\phpStudy\WWW\wap\Application\Runtime\Cache\Admin\65e605872ed5d34210f5b33beb13f5a3.php 第 130 行.
NOTIC: [8] Undefined index: money D:\phpStudy\WWW\wap\Application\Runtime\Cache\Admin\65e605872ed5d34210f5b33beb13f5a3.php 第 131 行.
NOTIC: [8] Undefined index: money D:\phpStudy\WWW\wap\Application\Runtime\Cache\Admin\65e605872ed5d34210f5b33beb13f5a3.php 第 132 行.
NOTIC: [8] Undefined index: money D:\phpStudy\WWW\wap\Application\Runtime\Cache\Admin\65e605872ed5d34210f5b33beb13f5a3.php 第 130 行.
NOTIC: [8] Undefined index: money D:\phpStudy\WWW\wap\Application\Runtime\Cache\Admin\65e605872ed5d34210f5b33beb13f5a3.php 第 131 行.
NOTIC: [8] Undefined index: money D:\phpStudy\WWW\wap\Application\Runtime\Cache\Admin\65e605872ed5d34210f5b33beb13f5a3.php 第 132 行.
NOTIC: [8] Undefined index: money D:\phpStudy\WWW\wap\Application\Runtime\Cache\Admin\65e605872ed5d34210f5b33beb13f5a3.php 第 130 行.
NOTIC: [8] Undefined index: money D:\phpStudy\WWW\wap\Application\Runtime\Cache\Admin\65e605872ed5d34210f5b33beb13f5a3.php 第 131 行.
NOTIC: [8] Undefined index: money D:\phpStudy\WWW\wap\Application\Runtime\Cache\Admin\65e605872ed5d34210f5b33beb13f5a3.php 第 132 行.
NOTIC: [8] Undefined index: money D:\phpStudy\WWW\wap\Application\Runtime\Cache\Admin\65e605872ed5d34210f5b33beb13f5a3.php 第 130 行.
NOTIC: [8] Undefined index: money D:\phpStudy\WWW\wap\Application\Runtime\Cache\Admin\65e605872ed5d34210f5b33beb13f5a3.php 第 131 行.
NOTIC: [8] Undefined index: money D:\phpStudy\WWW\wap\Application\Runtime\Cache\Admin\65e605872ed5d34210f5b33beb13f5a3.php 第 132 行.
NOTIC: [8] Undefined index: money D:\phpStudy\WWW\wap\Application\Runtime\Cache\Admin\65e605872ed5d34210f5b33beb13f5a3.php 第 130 行.
NOTIC: [8] Undefined index: money D:\phpStudy\WWW\wap\Application\Runtime\Cache\Admin\65e605872ed5d34210f5b33beb13f5a3.php 第 131 行.
NOTIC: [8] Undefined index: money D:\phpStudy\WWW\wap\Application\Runtime\Cache\Admin\65e605872ed5d34210f5b33beb13f5a3.php 第 132 行.
NOTIC: [8] Undefined index: money D:\phpStudy\WWW\wap\Application\Runtime\Cache\Admin\65e605872ed5d34210f5b33beb13f5a3.php 第 130 行.
NOTIC: [8] Undefined index: money D:\phpStudy\WWW\wap\Application\Runtime\Cache\Admin\65e605872ed5d34210f5b33beb13f5a3.php 第 131 行.
NOTIC: [8] Undefined index: money D:\phpStudy\WWW\wap\Application\Runtime\Cache\Admin\65e605872ed5d34210f5b33beb13f5a3.php 第 132 行.
NOTIC: [8] Undefined index: money D:\phpStudy\WWW\wap\Application\Runtime\Cache\Admin\65e605872ed5d34210f5b33beb13f5a3.php 第 130 行.
NOTIC: [8] Undefined index: money D:\phpStudy\WWW\wap\Application\Runtime\Cache\Admin\65e605872ed5d34210f5b33beb13f5a3.php 第 131 行.
NOTIC: [8] Undefined index: money D:\phpStudy\WWW\wap\Application\Runtime\Cache\Admin\65e605872ed5d34210f5b33beb13f5a3.php 第 132 行.
NOTIC: [8] Undefined index: money D:\phpStudy\WWW\wap\Application\Runtime\Cache\Admin\65e605872ed5d34210f5b33beb13f5a3.php 第 130 行.
NOTIC: [8] Undefined index: money D:\phpStudy\WWW\wap\Application\Runtime\Cache\Admin\65e605872ed5d34210f5b33beb13f5a3.php 第 131 行.
NOTIC: [8] Undefined index: money D:\phpStudy\WWW\wap\Application\Runtime\Cache\Admin\65e605872ed5d34210f5b33beb13f5a3.php 第 132 行.
NOTIC: [8] Undefined index: money D:\phpStudy\WWW\wap\Application\Runtime\Cache\Admin\65e605872ed5d34210f5b33beb13f5a3.php 第 130 行.
NOTIC: [8] Undefined index: money D:\phpStudy\WWW\wap\Application\Runtime\Cache\Admin\65e605872ed5d34210f5b33beb13f5a3.php 第 131 行.
NOTIC: [8] Undefined index: money D:\phpStudy\WWW\wap\Application\Runtime\Cache\Admin\65e605872ed5d34210f5b33beb13f5a3.php 第 132 行.
NOTIC: [8] Undefined index: money D:\phpStudy\WWW\wap\Application\Runtime\Cache\Admin\65e605872ed5d34210f5b33beb13f5a3.php 第 130 行.
NOTIC: [8] Undefined index: money D:\phpStudy\WWW\wap\Application\Runtime\Cache\Admin\65e605872ed5d34210f5b33beb13f5a3.php 第 131 行.
NOTIC: [8] Undefined index: money D:\phpStudy\WWW\wap\Application\Runtime\Cache\Admin\65e605872ed5d34210f5b33beb13f5a3.php 第 132 行.
INFO: Run Behavior\ParseTemplateBehavior [ RunTime:0.024839s ]
INFO: [ view_parse ] --END-- [ RunTime:0.024902s ]
INFO: [ view_filter ] --START--
INFO: Run Behavior\WriteHtmlCacheBehavior [ RunTime:0.000485s ]
INFO: [ view_filter ] --END-- [ RunTime:0.000532s ]
INFO: [ app_end ] --START--
INFO: Run Behavior\ShowPageTraceBehavior [ RunTime:0.001137s ]
INFO: [ app_end ] --END-- [ RunTime:0.001246s ]

[ 2017-06-11T10:38:48+08:00 ] 127.0.0.1 /admin.php?c=user
INFO: [ app_init ] --START--
INFO: Run Behavior\BuildLiteBehavior [ RunTime:0.000015s ]
INFO: [ app_init ] --END-- [ RunTime:0.000391s ]
INFO: [ app_begin ] --START--
INFO: Run Behavior\ReadHtmlCacheBehavior [ RunTime:0.000532s ]
INFO: [ app_begin ] --END-- [ RunTime:0.000612s ]
NOTIC: [2048] Declaration of Admin\Controller\UserController::show() should be compatible with that of Think\Controller::show() D:\phpStudy\WWW\wap\Application\Admin\Controller\UserController.class.php 第 11 行.
SQL: SHOW COLUMNS FROM `user` [ RunTime:0.0125s ]
NOTIC: [2] Missing argument 1 for Think\Model::where(), called in D:\phpStudy\WWW\wap\Application\Common\Model\LoginModel.class.php on line 46 and defined D:\phpStudy\WWW\wap\ThinkPHP\Library\Think\Model.class.php 第 1797 行.
NOTIC: [8] Undefined variable: where D:\phpStudy\WWW\wap\ThinkPHP\Library\Think\Model.class.php 第 1805 行.
NOTIC: [8] Undefined variable: where D:\phpStudy\WWW\wap\ThinkPHP\Library\Think\Model.class.php 第 1808 行.
NOTIC: [8] Undefined variable: where D:\phpStudy\WWW\wap\ThinkPHP\Library\Think\Model.class.php 第 1816 行.
SQL: SELECT * FROM `user`  [ RunTime:0.0004s ]
INFO: [ view_parse ] --START--
INFO: [ template_filter ] --START--
INFO: Run Behavior\ContentReplaceBehavior [ RunTime:0.000061s ]
INFO: [ template_filter ] --END-- [ RunTime:0.000123s ]
NOTIC: [8] Undefined index: money D:\phpStudy\WWW\wap\Application\Runtime\Cache\Admin\65e605872ed5d34210f5b33beb13f5a3.php 第 130 行.
NOTIC: [8] Undefined index: money D:\phpStudy\WWW\wap\Application\Runtime\Cache\Admin\65e605872ed5d34210f5b33beb13f5a3.php 第 131 行.
NOTIC: [8] Undefined index: money D:\phpStudy\WWW\wap\Application\Runtime\Cache\Admin\65e605872ed5d34210f5b33beb13f5a3.php 第 132 行.
NOTIC: [8] Undefined index: money D:\phpStudy\WWW\wap\Application\Runtime\Cache\Admin\65e605872ed5d34210f5b33beb13f5a3.php 第 130 行.
NOTIC: [8] Undefined index: money D:\phpStudy\WWW\wap\Application\Runtime\Cache\Admin\65e605872ed5d34210f5b33beb13f5a3.php 第 131 行.
NOTIC: [8] Undefined index: money D:\phpStudy\WWW\wap\Application\Runtime\Cache\Admin\65e605872ed5d34210f5b33beb13f5a3.php 第 132 行.
NOTIC: [8] Undefined index: money D:\phpStudy\WWW\wap\Application\Runtime\Cache\Admin\65e605872ed5d34210f5b33beb13f5a3.php 第 130 行.
NOTIC: [8] Undefined index: money D:\phpStudy\WWW\wap\Application\Runtime\Cache\Admin\65e605872ed5d34210f5b33beb13f5a3.php 第 131 行.
NOTIC: [8] Undefined index: money D:\phpStudy\WWW\wap\Application\Runtime\Cache\Admin\65e605872ed5d34210f5b33beb13f5a3.php 第 132 行.
NOTIC: [8] Undefined index: money D:\phpStudy\WWW\wap\Application\Runtime\Cache\Admin\65e605872ed5d34210f5b33beb13f5a3.php 第 130 行.
NOTIC: [8] Undefined index: money D:\phpStudy\WWW\wap\Application\Runtime\Cache\Admin\65e605872ed5d34210f5b33beb13f5a3.php 第 131 行.
NOTIC: [8] Undefined index: money D:\phpStudy\WWW\wap\Application\Runtime\Cache\Admin\65e605872ed5d34210f5b33beb13f5a3.php 第 132 行.
NOTIC: [8] Undefined index: money D:\phpStudy\WWW\wap\Application\Runtime\Cache\Admin\65e605872ed5d34210f5b33beb13f5a3.php 第 130 行.
NOTIC: [8] Undefined index: money D:\phpStudy\WWW\wap\Application\Runtime\Cache\Admin\65e605872ed5d34210f5b33beb13f5a3.php 第 131 行.
NOTIC: [8] Undefined index: money D:\phpStudy\WWW\wap\Application\Runtime\Cache\Admin\65e605872ed5d34210f5b33beb13f5a3.php 第 132 行.
NOTIC: [8] Undefined index: money D:\phpStudy\WWW\wap\Application\Runtime\Cache\Admin\65e605872ed5d34210f5b33beb13f5a3.php 第 130 行.
NOTIC: [8] Undefined index: money D:\phpStudy\WWW\wap\Application\Runtime\Cache\Admin\65e605872ed5d34210f5b33beb13f5a3.php 第 131 行.
NOTIC: [8] Undefined index: money D:\phpStudy\WWW\wap\Application\Runtime\Cache\Admin\65e605872ed5d34210f5b33beb13f5a3.php 第 132 行.
NOTIC: [8] Undefined index: money D:\phpStudy\WWW\wap\Application\Runtime\Cache\Admin\65e605872ed5d34210f5b33beb13f5a3.php 第 130 行.
NOTIC: [8] Undefined index: money D:\phpStudy\WWW\wap\Application\Runtime\Cache\Admin\65e605872ed5d34210f5b33beb13f5a3.php 第 131 行.
NOTIC: [8] Undefined index: money D:\phpStudy\WWW\wap\Application\Runtime\Cache\Admin\65e605872ed5d34210f5b33beb13f5a3.php 第 132 行.
NOTIC: [8] Undefined index: money D:\phpStudy\WWW\wap\Application\Runtime\Cache\Admin\65e605872ed5d34210f5b33beb13f5a3.php 第 130 行.
NOTIC: [8] Undefined index: money D:\phpStudy\WWW\wap\Application\Runtime\Cache\Admin\65e605872ed5d34210f5b33beb13f5a3.php 第 131 行.
NOTIC: [8] Undefined index: money D:\phpStudy\WWW\wap\Application\Runtime\Cache\Admin\65e605872ed5d34210f5b33beb13f5a3.php 第 132 行.
NOTIC: [8] Undefined index: money D:\phpStudy\WWW\wap\Application\Runtime\Cache\Admin\65e605872ed5d34210f5b33beb13f5a3.php 第 130 行.
NOTIC: [8] Undefined index: money D:\phpStudy\WWW\wap\Application\Runtime\Cache\Admin\65e605872ed5d34210f5b33beb13f5a3.php 第 131 行.
NOTIC: [8] Undefined index: money D:\phpStudy\WWW\wap\Application\Runtime\Cache\Admin\65e605872ed5d34210f5b33beb13f5a3.php 第 132 行.
NOTIC: [8] Undefined index: money D:\phpStudy\WWW\wap\Application\Runtime\Cache\Admin\65e605872ed5d34210f5b33beb13f5a3.php 第 130 行.
NOTIC: [8] Undefined index: money D:\phpStudy\WWW\wap\Application\Runtime\Cache\Admin\65e605872ed5d34210f5b33beb13f5a3.php 第 131 行.
NOTIC: [8] Undefined index: money D:\phpStudy\WWW\wap\Application\Runtime\Cache\Admin\65e605872ed5d34210f5b33beb13f5a3.php 第 132 行.
INFO: Run Behavior\ParseTemplateBehavior [ RunTime:0.020988s ]
INFO: [ view_parse ] --END-- [ RunTime:0.021044s ]
INFO: [ view_filter ] --START--
INFO: Run Behavior\WriteHtmlCacheBehavior [ RunTime:0.000314s ]
INFO: [ view_filter ] --END-- [ RunTime:0.000367s ]
INFO: [ app_end ] --START--
INFO: Run Behavior\ShowPageTraceBehavior [ RunTime:0.000850s ]
INFO: [ app_end ] --END-- [ RunTime:0.000950s ]

[ 2017-06-11T10:39:03+08:00 ] 127.0.0.1 /admin.php?c=user
INFO: [ app_init ] --START--
INFO: Run Behavior\BuildLiteBehavior [ RunTime:0.000015s ]
INFO: [ app_init ] --END-- [ RunTime:0.000366s ]
INFO: [ app_begin ] --START--
INFO: Run Behavior\ReadHtmlCacheBehavior [ RunTime:0.000473s ]
INFO: [ app_begin ] --END-- [ RunTime:0.000528s ]
NOTIC: [2048] Declaration of Admin\Controller\UserController::show() should be compatible with that of Think\Controller::show() D:\phpStudy\WWW\wap\Application\Admin\Controller\UserController.class.php 第 11 行.
SQL: SHOW COLUMNS FROM `user` [ RunTime:0.0131s ]
NOTIC: [2] Missing argument 1 for Think\Model::where(), called in D:\phpStudy\WWW\wap\Application\Common\Model\LoginModel.class.php on line 46 and defined D:\phpStudy\WWW\wap\ThinkPHP\Library\Think\Model.class.php 第 1797 行.
NOTIC: [8] Undefined variable: where D:\phpStudy\WWW\wap\ThinkPHP\Library\Think\Model.class.php 第 1805 行.
NOTIC: [8] Undefined variable: where D:\phpStudy\WWW\wap\ThinkPHP\Library\Think\Model.class.php 第 1808 行.
NOTIC: [8] Undefined variable: where D:\phpStudy\WWW\wap\ThinkPHP\Library\Think\Model.class.php 第 1816 行.
SQL: SELECT * FROM `user`  [ RunTime:0.0004s ]
INFO: [ view_parse ] --START--
INFO: [ template_filter ] --START--
INFO: Run Behavior\ContentReplaceBehavior [ RunTime:0.000093s ]
INFO: [ template_filter ] --END-- [ RunTime:0.000184s ]
NOTIC: [8] Undefined index: money D:\phpStudy\WWW\wap\Application\Runtime\Cache\Admin\65e605872ed5d34210f5b33beb13f5a3.php 第 130 行.
NOTIC: [8] Undefined index: money D:\phpStudy\WWW\wap\Application\Runtime\Cache\Admin\65e605872ed5d34210f5b33beb13f5a3.php 第 131 行.
NOTIC: [8] Undefined index: money D:\phpStudy\WWW\wap\Application\Runtime\Cache\Admin\65e605872ed5d34210f5b33beb13f5a3.php 第 132 行.
NOTIC: [8] Undefined index: money D:\phpStudy\WWW\wap\Application\Runtime\Cache\Admin\65e605872ed5d34210f5b33beb13f5a3.php 第 130 行.
NOTIC: [8] Undefined index: money D:\phpStudy\WWW\wap\Application\Runtime\Cache\Admin\65e605872ed5d34210f5b33beb13f5a3.php 第 131 行.
NOTIC: [8] Undefined index: money D:\phpStudy\WWW\wap\Application\Runtime\Cache\Admin\65e605872ed5d34210f5b33beb13f5a3.php 第 132 行.
NOTIC: [8] Undefined index: money D:\phpStudy\WWW\wap\Application\Runtime\Cache\Admin\65e605872ed5d34210f5b33beb13f5a3.php 第 130 行.
NOTIC: [8] Undefined index: money D:\phpStudy\WWW\wap\Application\Runtime\Cache\Admin\65e605872ed5d34210f5b33beb13f5a3.php 第 131 行.
NOTIC: [8] Undefined index: money D:\phpStudy\WWW\wap\Application\Runtime\Cache\Admin\65e605872ed5d34210f5b33beb13f5a3.php 第 132 行.
NOTIC: [8] Undefined index: money D:\phpStudy\WWW\wap\Application\Runtime\Cache\Admin\65e605872ed5d34210f5b33beb13f5a3.php 第 130 行.
NOTIC: [8] Undefined index: money D:\phpStudy\WWW\wap\Application\Runtime\Cache\Admin\65e605872ed5d34210f5b33beb13f5a3.php 第 131 行.
NOTIC: [8] Undefined index: money D:\phpStudy\WWW\wap\Application\Runtime\Cache\Admin\65e605872ed5d34210f5b33beb13f5a3.php 第 132 行.
NOTIC: [8] Undefined index: money D:\phpStudy\WWW\wap\Application\Runtime\Cache\Admin\65e605872ed5d34210f5b33beb13f5a3.php 第 130 行.
NOTIC: [8] Undefined index: money D:\phpStudy\WWW\wap\Application\Runtime\Cache\Admin\65e605872ed5d34210f5b33beb13f5a3.php 第 131 行.
NOTIC: [8] Undefined index: money D:\phpStudy\WWW\wap\Application\Runtime\Cache\Admin\65e605872ed5d34210f5b33beb13f5a3.php 第 132 行.
NOTIC: [8] Undefined index: money D:\phpStudy\WWW\wap\Application\Runtime\Cache\Admin\65e605872ed5d34210f5b33beb13f5a3.php 第 130 行.
NOTIC: [8] Undefined index: money D:\phpStudy\WWW\wap\Application\Runtime\Cache\Admin\65e605872ed5d34210f5b33beb13f5a3.php 第 131 行.
NOTIC: [8] Undefined index: money D:\phpStudy\WWW\wap\Application\Runtime\Cache\Admin\65e605872ed5d34210f5b33beb13f5a3.php 第 132 行.
NOTIC: [8] Undefined index: money D:\phpStudy\WWW\wap\Application\Runtime\Cache\Admin\65e605872ed5d34210f5b33beb13f5a3.php 第 130 行.
NOTIC: [8] Undefined index: money D:\phpStudy\WWW\wap\Application\Runtime\Cache\Admin\65e605872ed5d34210f5b33beb13f5a3.php 第 131 行.
NOTIC: [8] Undefined index: money D:\phpStudy\WWW\wap\Application\Runtime\Cache\Admin\65e605872ed5d34210f5b33beb13f5a3.php 第 132 行.
NOTIC: [8] Undefined index: money D:\phpStudy\WWW\wap\Application\Runtime\Cache\Admin\65e605872ed5d34210f5b33beb13f5a3.php 第 130 行.
NOTIC: [8] Undefined index: money D:\phpStudy\WWW\wap\Application\Runtime\Cache\Admin\65e605872ed5d34210f5b33beb13f5a3.php 第 131 行.
NOTIC: [8] Undefined index: money D:\phpStudy\WWW\wap\Application\Runtime\Cache\Admin\65e605872ed5d34210f5b33beb13f5a3.php 第 132 行.
NOTIC: [8] Undefined index: money D:\phpStudy\WWW\wap\Application\Runtime\Cache\Admin\65e605872ed5d34210f5b33beb13f5a3.php 第 130 行.
NOTIC: [8] Undefined index: money D:\phpStudy\WWW\wap\Application\Runtime\Cache\Admin\65e605872ed5d34210f5b33beb13f5a3.php 第 131 行.
NOTIC: [8] Undefined index: money D:\phpStudy\WWW\wap\Application\Runtime\Cache\Admin\65e605872ed5d34210f5b33beb13f5a3.php 第 132 行.
NOTIC: [8] Undefined index: money D:\phpStudy\WWW\wap\Application\Runtime\Cache\Admin\65e605872ed5d34210f5b33beb13f5a3.php 第 130 行.
NOTIC: [8] Undefined index: money D:\phpStudy\WWW\wap\Application\Runtime\Cache\Admin\65e605872ed5d34210f5b33beb13f5a3.php 第 131 行.
NOTIC: [8] Undefined index: money D:\phpStudy\WWW\wap\Application\Runtime\Cache\Admin\65e605872ed5d34210f5b33beb13f5a3.php 第 132 行.
INFO: Run Behavior\ParseTemplateBehavior [ RunTime:0.020836s ]
INFO: [ view_parse ] --END-- [ RunTime:0.020896s ]
INFO: [ view_filter ] --START--
INFO: Run Behavior\WriteHtmlCacheBehavior [ RunTime:0.000310s ]
INFO: [ view_filter ] --END-- [ RunTime:0.000355s ]
INFO: [ app_end ] --START--
INFO: Run Behavior\ShowPageTraceBehavior [ RunTime:0.000982s ]
INFO: [ app_end ] --END-- [ RunTime:0.001097s ]

[ 2017-06-11T10:39:15+08:00 ] 127.0.0.1 /admin.php?c=user
INFO: [ app_init ] --START--
INFO: Run Behavior\BuildLiteBehavior [ RunTime:0.000014s ]
INFO: [ app_init ] --END-- [ RunTime:0.000361s ]
INFO: [ app_begin ] --START--
INFO: Run Behavior\ReadHtmlCacheBehavior [ RunTime:0.000471s ]
INFO: [ app_begin ] --END-- [ RunTime:0.000532s ]
NOTIC: [2048] Declaration of Admin\Controller\UserController::show() should be compatible with that of Think\Controller::show() D:\phpStudy\WWW\wap\Application\Admin\Controller\UserController.class.php 第 11 行.
SQL: SHOW COLUMNS FROM `user` [ RunTime:0.0120s ]
NOTIC: [2] Missing argument 1 for Think\Model::where(), called in D:\phpStudy\WWW\wap\Application\Common\Model\LoginModel.class.php on line 46 and defined D:\phpStudy\WWW\wap\ThinkPHP\Library\Think\Model.class.php 第 1797 行.
NOTIC: [8] Undefined variable: where D:\phpStudy\WWW\wap\ThinkPHP\Library\Think\Model.class.php 第 1805 行.
NOTIC: [8] Undefined variable: where D:\phpStudy\WWW\wap\ThinkPHP\Library\Think\Model.class.php 第 1808 行.
NOTIC: [8] Undefined variable: where D:\phpStudy\WWW\wap\ThinkPHP\Library\Think\Model.class.php 第 1816 行.
SQL: SELECT * FROM `user`  [ RunTime:0.0004s ]
INFO: [ view_parse ] --START--
INFO: [ template_filter ] --START--
INFO: Run Behavior\ContentReplaceBehavior [ RunTime:0.000059s ]
INFO: [ template_filter ] --END-- [ RunTime:0.000115s ]
NOTIC: [8] Undefined index: money D:\phpStudy\WWW\wap\Application\Runtime\Cache\Admin\65e605872ed5d34210f5b33beb13f5a3.php 第 130 行.
NOTIC: [8] Undefined index: money D:\phpStudy\WWW\wap\Application\Runtime\Cache\Admin\65e605872ed5d34210f5b33beb13f5a3.php 第 131 行.
NOTIC: [8] Undefined index: money D:\phpStudy\WWW\wap\Application\Runtime\Cache\Admin\65e605872ed5d34210f5b33beb13f5a3.php 第 132 行.
NOTIC: [8] Undefined index: money D:\phpStudy\WWW\wap\Application\Runtime\Cache\Admin\65e605872ed5d34210f5b33beb13f5a3.php 第 130 行.
NOTIC: [8] Undefined index: money D:\phpStudy\WWW\wap\Application\Runtime\Cache\Admin\65e605872ed5d34210f5b33beb13f5a3.php 第 131 行.
NOTIC: [8] Undefined index: money D:\phpStudy\WWW\wap\Application\Runtime\Cache\Admin\65e605872ed5d34210f5b33beb13f5a3.php 第 132 行.
NOTIC: [8] Undefined index: money D:\phpStudy\WWW\wap\Application\Runtime\Cache\Admin\65e605872ed5d34210f5b33beb13f5a3.php 第 130 行.
NOTIC: [8] Undefined index: money D:\phpStudy\WWW\wap\Application\Runtime\Cache\Admin\65e605872ed5d34210f5b33beb13f5a3.php 第 131 行.
NOTIC: [8] Undefined index: money D:\phpStudy\WWW\wap\Application\Runtime\Cache\Admin\65e605872ed5d34210f5b33beb13f5a3.php 第 132 行.
NOTIC: [8] Undefined index: money D:\phpStudy\WWW\wap\Application\Runtime\Cache\Admin\65e605872ed5d34210f5b33beb13f5a3.php 第 130 行.
NOTIC: [8] Undefined index: money D:\phpStudy\WWW\wap\Application\Runtime\Cache\Admin\65e605872ed5d34210f5b33beb13f5a3.php 第 131 行.
NOTIC: [8] Undefined index: money D:\phpStudy\WWW\wap\Application\Runtime\Cache\Admin\65e605872ed5d34210f5b33beb13f5a3.php 第 132 行.
NOTIC: [8] Undefined index: money D:\phpStudy\WWW\wap\Application\Runtime\Cache\Admin\65e605872ed5d34210f5b33beb13f5a3.php 第 130 行.
NOTIC: [8] Undefined index: money D:\phpStudy\WWW\wap\Application\Runtime\Cache\Admin\65e605872ed5d34210f5b33beb13f5a3.php 第 131 行.
NOTIC: [8] Undefined index: money D:\phpStudy\WWW\wap\Application\Runtime\Cache\Admin\65e605872ed5d34210f5b33beb13f5a3.php 第 132 行.
NOTIC: [8] Undefined index: money D:\phpStudy\WWW\wap\Application\Runtime\Cache\Admin\65e605872ed5d34210f5b33beb13f5a3.php 第 130 行.
NOTIC: [8] Undefined index: money D:\phpStudy\WWW\wap\Application\Runtime\Cache\Admin\65e605872ed5d34210f5b33beb13f5a3.php 第 131 行.
NOTIC: [8] Undefined index: money D:\phpStudy\WWW\wap\Application\Runtime\Cache\Admin\65e605872ed5d34210f5b33beb13f5a3.php 第 132 行.
NOTIC: [8] Undefined index: money D:\phpStudy\WWW\wap\Application\Runtime\Cache\Admin\65e605872ed5d34210f5b33beb13f5a3.php 第 130 行.
NOTIC: [8] Undefined index: money D:\phpStudy\WWW\wap\Application\Runtime\Cache\Admin\65e605872ed5d34210f5b33beb13f5a3.php 第 131 行.
NOTIC: [8] Undefined index: money D:\phpStudy\WWW\wap\Application\Runtime\Cache\Admin\65e605872ed5d34210f5b33beb13f5a3.php 第 132 行.
NOTIC: [8] Undefined index: money D:\phpStudy\WWW\wap\Application\Runtime\Cache\Admin\65e605872ed5d34210f5b33beb13f5a3.php 第 130 行.
NOTIC: [8] Undefined index: money D:\phpStudy\WWW\wap\Application\Runtime\Cache\Admin\65e605872ed5d34210f5b33beb13f5a3.php 第 131 行.
NOTIC: [8] Undefined index: money D:\phpStudy\WWW\wap\Application\Runtime\Cache\Admin\65e605872ed5d34210f5b33beb13f5a3.php 第 132 行.
NOTIC: [8] Undefined index: money D:\phpStudy\WWW\wap\Application\Runtime\Cache\Admin\65e605872ed5d34210f5b33beb13f5a3.php 第 130 行.
NOTIC: [8] Undefined index: money D:\phpStudy\WWW\wap\Application\Runtime\Cache\Admin\65e605872ed5d34210f5b33beb13f5a3.php 第 131 行.
NOTIC: [8] Undefined index: money D:\phpStudy\WWW\wap\Application\Runtime\Cache\Admin\65e605872ed5d34210f5b33beb13f5a3.php 第 132 行.
NOTIC: [8] Undefined index: money D:\phpStudy\WWW\wap\Application\Runtime\Cache\Admin\65e605872ed5d34210f5b33beb13f5a3.php 第 130 行.
NOTIC: [8] Undefined index: money D:\phpStudy\WWW\wap\Application\Runtime\Cache\Admin\65e605872ed5d34210f5b33beb13f5a3.php 第 131 行.
NOTIC: [8] Undefined index: money D:\phpStudy\WWW\wap\Application\Runtime\Cache\Admin\65e605872ed5d34210f5b33beb13f5a3.php 第 132 行.
INFO: Run Behavior\ParseTemplateBehavior [ RunTime:0.022470s ]
INFO: [ view_parse ] --END-- [ RunTime:0.022533s ]
INFO: [ view_filter ] --START--
INFO: Run Behavior\WriteHtmlCacheBehavior [ RunTime:0.000307s ]
INFO: [ view_filter ] --END-- [ RunTime:0.000355s ]
INFO: [ app_end ] --START--
INFO: Run Behavior\ShowPageTraceBehavior [ RunTime:0.000897s ]
INFO: [ app_end ] --END-- [ RunTime:0.001064s ]

[ 2017-06-11T10:39:17+08:00 ] 127.0.0.1 /admin.php?c=user&a=show
INFO: [ app_init ] --START--
INFO: Run Behavior\BuildLiteBehavior [ RunTime:0.000013s ]
INFO: [ app_init ] --END-- [ RunTime:0.000373s ]
INFO: [ app_begin ] --START--
INFO: Run Behavior\ReadHtmlCacheBehavior [ RunTime:0.000453s ]
INFO: [ app_begin ] --END-- [ RunTime:0.000507s ]
NOTIC: [2048] Declaration of Admin\Controller\UserController::show() should be compatible with that of Think\Controller::show() D:\phpStudy\WWW\wap\Application\Admin\Controller\UserController.class.php 第 11 行.
INFO: [ view_parse ] --START--
INFO: [ template_filter ] --START--
INFO: Run Behavior\ContentReplaceBehavior [ RunTime:0.000065s ]
INFO: [ template_filter ] --END-- [ RunTime:0.000130s ]
INFO: Run Behavior\ParseTemplateBehavior [ RunTime:0.014534s ]
INFO: [ view_parse ] --END-- [ RunTime:0.014623s ]
INFO: [ view_filter ] --START--
INFO: Run Behavior\WriteHtmlCacheBehavior [ RunTime:0.000423s ]
INFO: [ view_filter ] --END-- [ RunTime:0.000491s ]
INFO: [ app_end ] --START--
INFO: Run Behavior\ShowPageTraceBehavior [ RunTime:0.000789s ]
INFO: [ app_end ] --END-- [ RunTime:0.000886s ]

[ 2017-06-11T10:40:08+08:00 ] 127.0.0.1 /admin.php?c=user&a=show
INFO: [ app_init ] --START--
INFO: Run Behavior\BuildLiteBehavior [ RunTime:0.000014s ]
INFO: [ app_init ] --END-- [ RunTime:0.000382s ]
INFO: [ app_begin ] --START--
INFO: Run Behavior\ReadHtmlCacheBehavior [ RunTime:0.000670s ]
INFO: [ app_begin ] --END-- [ RunTime:0.000730s ]
NOTIC: [2048] Declaration of Admin\Controller\UserController::show() should be compatible with that of Think\Controller::show() D:\phpStudy\WWW\wap\Application\Admin\Controller\UserController.class.php 第 11 行.
INFO: [ view_parse ] --START--
INFO: [ template_filter ] --START--
INFO: Run Behavior\ContentReplaceBehavior [ RunTime:0.000082s ]
INFO: [ template_filter ] --END-- [ RunTime:0.000152s ]
INFO: Run Behavior\ParseTemplateBehavior [ RunTime:0.017018s ]
INFO: [ view_parse ] --END-- [ RunTime:0.017114s ]
INFO: [ view_filter ] --START--
INFO: Run Behavior\WriteHtmlCacheBehavior [ RunTime:0.000485s ]
INFO: [ view_filter ] --END-- [ RunTime:0.000572s ]
INFO: [ app_end ] --START--
INFO: Run Behavior\ShowPageTraceBehavior [ RunTime:0.002231s ]
INFO: [ app_end ] --END-- [ RunTime:0.002354s ]

[ 2017-06-11T10:41:05+08:00 ] 127.0.0.1 /admin.php?c=user&a=show
INFO: [ app_init ] --START--
INFO: Run Behavior\BuildLiteBehavior [ RunTime:0.000015s ]
INFO: [ app_init ] --END-- [ RunTime:0.000380s ]
INFO: [ app_begin ] --START--
INFO: Run Behavior\ReadHtmlCacheBehavior [ RunTime:0.000525s ]
INFO: [ app_begin ] --END-- [ RunTime:0.000587s ]
NOTIC: [2048] Declaration of Admin\Controller\UserController::show() should be compatible with that of Think\Controller::show() D:\phpStudy\WWW\wap\Application\Admin\Controller\UserController.class.php 第 11 行.
INFO: [ view_parse ] --START--
INFO: [ template_filter ] --START--
INFO: Run Behavior\ContentReplaceBehavior [ RunTime:0.000065s ]
INFO: [ template_filter ] --END-- [ RunTime:0.000136s ]
INFO: Run Behavior\ParseTemplateBehavior [ RunTime:0.014384s ]
INFO: [ view_parse ] --END-- [ RunTime:0.014457s ]
INFO: [ view_filter ] --START--
INFO: Run Behavior\WriteHtmlCacheBehavior [ RunTime:0.000366s ]
INFO: [ view_filter ] --END-- [ RunTime:0.000421s ]
INFO: [ app_end ] --START--
INFO: Run Behavior\ShowPageTraceBehavior [ RunTime:0.000858s ]
INFO: [ app_end ] --END-- [ RunTime:0.000975s ]

[ 2017-06-11T10:41:15+08:00 ] 127.0.0.1 /admin.php?c=user
INFO: [ app_init ] --START--
INFO: Run Behavior\BuildLiteBehavior [ RunTime:0.000014s ]
INFO: [ app_init ] --END-- [ RunTime:0.000353s ]
INFO: [ app_begin ] --START--
INFO: Run Behavior\ReadHtmlCacheBehavior [ RunTime:0.000428s ]
INFO: [ app_begin ] --END-- [ RunTime:0.000483s ]
NOTIC: [2048] Declaration of Admin\Controller\UserController::show() should be compatible with that of Think\Controller::show() D:\phpStudy\WWW\wap\Application\Admin\Controller\UserController.class.php 第 11 行.
SQL: SHOW COLUMNS FROM `user` [ RunTime:0.0129s ]
NOTIC: [2] Missing argument 1 for Think\Model::where(), called in D:\phpStudy\WWW\wap\Application\Common\Model\LoginModel.class.php on line 46 and defined D:\phpStudy\WWW\wap\ThinkPHP\Library\Think\Model.class.php 第 1797 行.
NOTIC: [8] Undefined variable: where D:\phpStudy\WWW\wap\ThinkPHP\Library\Think\Model.class.php 第 1805 行.
NOTIC: [8] Undefined variable: where D:\phpStudy\WWW\wap\ThinkPHP\Library\Think\Model.class.php 第 1808 行.
NOTIC: [8] Undefined variable: where D:\phpStudy\WWW\wap\ThinkPHP\Library\Think\Model.class.php 第 1816 行.
SQL: SELECT * FROM `user`  [ RunTime:0.0004s ]
INFO: [ view_parse ] --START--
INFO: [ template_filter ] --START--
INFO: Run Behavior\ContentReplaceBehavior [ RunTime:0.000059s ]
INFO: [ template_filter ] --END-- [ RunTime:0.000113s ]
NOTIC: [8] Undefined index: money D:\phpStudy\WWW\wap\Application\Runtime\Cache\Admin\65e605872ed5d34210f5b33beb13f5a3.php 第 130 行.
NOTIC: [8] Undefined index: money D:\phpStudy\WWW\wap\Application\Runtime\Cache\Admin\65e605872ed5d34210f5b33beb13f5a3.php 第 131 行.
NOTIC: [8] Undefined index: money D:\phpStudy\WWW\wap\Application\Runtime\Cache\Admin\65e605872ed5d34210f5b33beb13f5a3.php 第 132 行.
NOTIC: [8] Undefined index: money D:\phpStudy\WWW\wap\Application\Runtime\Cache\Admin\65e605872ed5d34210f5b33beb13f5a3.php 第 130 行.
NOTIC: [8] Undefined index: money D:\phpStudy\WWW\wap\Application\Runtime\Cache\Admin\65e605872ed5d34210f5b33beb13f5a3.php 第 131 行.
NOTIC: [8] Undefined index: money D:\phpStudy\WWW\wap\Application\Runtime\Cache\Admin\65e605872ed5d34210f5b33beb13f5a3.php 第 132 行.
NOTIC: [8] Undefined index: money D:\phpStudy\WWW\wap\Application\Runtime\Cache\Admin\65e605872ed5d34210f5b33beb13f5a3.php 第 130 行.
NOTIC: [8] Undefined index: money D:\phpStudy\WWW\wap\Application\Runtime\Cache\Admin\65e605872ed5d34210f5b33beb13f5a3.php 第 131 行.
NOTIC: [8] Undefined index: money D:\phpStudy\WWW\wap\Application\Runtime\Cache\Admin\65e605872ed5d34210f5b33beb13f5a3.php 第 132 行.
NOTIC: [8] Undefined index: money D:\phpStudy\WWW\wap\Application\Runtime\Cache\Admin\65e605872ed5d34210f5b33beb13f5a3.php 第 130 行.
NOTIC: [8] Undefined index: money D:\phpStudy\WWW\wap\Application\Runtime\Cache\Admin\65e605872ed5d34210f5b33beb13f5a3.php 第 131 行.
NOTIC: [8] Undefined index: money D:\phpStudy\WWW\wap\Application\Runtime\Cache\Admin\65e605872ed5d34210f5b33beb13f5a3.php 第 132 行.
NOTIC: [8] Undefined index: money D:\phpStudy\WWW\wap\Application\Runtime\Cache\Admin\65e605872ed5d34210f5b33beb13f5a3.php 第 130 行.
NOTIC: [8] Undefined index: money D:\phpStudy\WWW\wap\Application\Runtime\Cache\Admin\65e605872ed5d34210f5b33beb13f5a3.php 第 131 行.
NOTIC: [8] Undefined index: money D:\phpStudy\WWW\wap\Application\Runtime\Cache\Admin\65e605872ed5d34210f5b33beb13f5a3.php 第 132 行.
NOTIC: [8] Undefined index: money D:\phpStudy\WWW\wap\Application\Runtime\Cache\Admin\65e605872ed5d34210f5b33beb13f5a3.php 第 130 行.
NOTIC: [8] Undefined index: money D:\phpStudy\WWW\wap\Application\Runtime\Cache\Admin\65e605872ed5d34210f5b33beb13f5a3.php 第 131 行.
NOTIC: [8] Undefined index: money D:\phpStudy\WWW\wap\Application\Runtime\Cache\Admin\65e605872ed5d34210f5b33beb13f5a3.php 第 132 行.
NOTIC: [8] Undefined index: money D:\phpStudy\WWW\wap\Application\Runtime\Cache\Admin\65e605872ed5d34210f5b33beb13f5a3.php 第 130 行.
NOTIC: [8] Undefined index: money D:\phpStudy\WWW\wap\Application\Runtime\Cache\Admin\65e605872ed5d34210f5b33beb13f5a3.php 第 131 行.
NOTIC: [8] Undefined index: money D:\phpStudy\WWW\wap\Application\Runtime\Cache\Admin\65e605872ed5d34210f5b33beb13f5a3.php 第 132 行.
NOTIC: [8] Undefined index: money D:\phpStudy\WWW\wap\Application\Runtime\Cache\Admin\65e605872ed5d34210f5b33beb13f5a3.php 第 130 行.
NOTIC: [8] Undefined index: money D:\phpStudy\WWW\wap\Application\Runtime\Cache\Admin\65e605872ed5d34210f5b33beb13f5a3.php 第 131 行.
NOTIC: [8] Undefined index: money D:\phpStudy\WWW\wap\Application\Runtime\Cache\Admin\65e605872ed5d34210f5b33beb13f5a3.php 第 132 行.
NOTIC: [8] Undefined index: money D:\phpStudy\WWW\wap\Application\Runtime\Cache\Admin\65e605872ed5d34210f5b33beb13f5a3.php 第 130 行.
NOTIC: [8] Undefined index: money D:\phpStudy\WWW\wap\Application\Runtime\Cache\Admin\65e605872ed5d34210f5b33beb13f5a3.php 第 131 行.
NOTIC: [8] Undefined index: money D:\phpStudy\WWW\wap\Application\Runtime\Cache\Admin\65e605872ed5d34210f5b33beb13f5a3.php 第 132 行.
NOTIC: [8] Undefined index: money D:\phpStudy\WWW\wap\Application\Runtime\Cache\Admin\65e605872ed5d34210f5b33beb13f5a3.php 第 130 行.
NOTIC: [8] Undefined index: money D:\phpStudy\WWW\wap\Application\Runtime\Cache\Admin\65e605872ed5d34210f5b33beb13f5a3.php 第 131 行.
NOTIC: [8] Undefined index: money D:\phpStudy\WWW\wap\Application\Runtime\Cache\Admin\65e605872ed5d34210f5b33beb13f5a3.php 第 132 行.
INFO: Run Behavior\ParseTemplateBehavior [ RunTime:0.023437s ]
INFO: [ view_parse ] --END-- [ RunTime:0.023505s ]
INFO: [ view_filter ] --START--
INFO: Run Behavior\WriteHtmlCacheBehavior [ RunTime:0.000422s ]
INFO: [ view_filter ] --END-- [ RunTime:0.000476s ]
INFO: [ app_end ] --START--
INFO: Run Behavior\ShowPageTraceBehavior [ RunTime:0.001007s ]
INFO: [ app_end ] --END-- [ RunTime:0.001123s ]

[ 2017-06-11T10:41:16+08:00 ] 127.0.0.1 /admin.php?c=user&a=show
INFO: [ app_init ] --START--
INFO: Run Behavior\BuildLiteBehavior [ RunTime:0.000022s ]
INFO: [ app_init ] --END-- [ RunTime:0.000412s ]
INFO: [ app_begin ] --START--
INFO: Run Behavior\ReadHtmlCacheBehavior [ RunTime:0.000467s ]
INFO: [ app_begin ] --END-- [ RunTime:0.000525s ]
NOTIC: [2048] Declaration of Admin\Controller\UserController::show() should be compatible with that of Think\Controller::show() D:\phpStudy\WWW\wap\Application\Admin\Controller\UserController.class.php 第 11 行.
INFO: [ view_parse ] --START--
INFO: [ template_filter ] --START--
INFO: Run Behavior\ContentReplaceBehavior [ RunTime:0.000061s ]
INFO: [ template_filter ] --END-- [ RunTime:0.000123s ]
INFO: Run Behavior\ParseTemplateBehavior [ RunTime:0.014305s ]
INFO: [ view_parse ] --END-- [ RunTime:0.014395s ]
INFO: [ view_filter ] --START--
INFO: Run Behavior\WriteHtmlCacheBehavior [ RunTime:0.000449s ]
INFO: [ view_filter ] --END-- [ RunTime:0.000532s ]
INFO: [ app_end ] --START--
INFO: Run Behavior\ShowPageTraceBehavior [ RunTime:0.000875s ]
INFO: [ app_end ] --END-- [ RunTime:0.000995s ]

